[ 2016-03-22T16:13:50+08:00 ] 127.0.0.1 /borrow/index.php/Home/Repayment/index/p/1.html
INFO: [ app_init ] --START--
INFO: Run Behavior\BuildLiteBehavior [ RunTime:0.000000s ]
INFO: [ app_init ] --END-- [ RunTime:0.002000s ]
INFO: [ app_begin ] --START--
INFO: Run Behavior\ReadHtmlCacheBehavior [ RunTime:0.000000s ]
INFO: [ app_begin ] --END-- [ RunTime:0.002000s ]
SQL: SHOW COLUMNS FROM `borrow_repayment` [ RunTime:0.0020s ]
SQL: SHOW COLUMNS FROM `borrow_repayment` [ RunTime:0.0020s ]
SQL: SELECT r.*,u.name,u.id as uid FROM `borrow_repayment` `r`,`borrow` `b`,`user` `u` WHERE ( r.borrow_uid = u.id AND r.borrow_id = b.id ) ORDER BY id LIMIT 0,10   [ RunTime:0.0010s ]
SQL: SELECT COUNT(*) AS tp_count FROM `borrow_repayment` LIMIT 1   [ RunTime:0.0000s ]
INFO: [ view_parse ] --START--
INFO: [ template_filter ] --START--
INFO: Run Behavior\ContentReplaceBehavior [ RunTime:0.000000s ]
INFO: [ template_filter ] --END-- [ RunTime:0.001000s ]
NOTIC: [8] Undefined variable: SiteInfo D:\phpservice\WWW\test\borrow\App\Runtime\Cache\Home\b36cdc64ead7ff2a40c5f4a61d19304c.php 第 10 行.
NOTIC: [8] Undefined variable: SiteInfo D:\phpservice\WWW\test\borrow\App\Runtime\Cache\Home\b36cdc64ead7ff2a40c5f4a61d19304c.php 第 11 行.
NOTIC: [8] Use of undefined constant start - assumed 'start' D:\phpservice\WWW\test\borrow\App\Runtime\Cache\Home\b36cdc64ead7ff2a40c5f4a61d19304c.php 第 202 行.
NOTIC: [8] Use of undefined constant start - assumed 'start' D:\phpservice\WWW\test\borrow\App\Runtime\Cache\Home\b36cdc64ead7ff2a40c5f4a61d19304c.php 第 202 行.
NOTIC: [8] Use of undefined constant start - assumed 'start' D:\phpservice\WWW\test\borrow\App\Runtime\Cache\Home\b36cdc64ead7ff2a40c5f4a61d19304c.php 第 202 行.
NOTIC: [8] Use of undefined constant start - assumed 'start' D:\phpservice\WWW\test\borrow\App\Runtime\Cache\Home\b36cdc64ead7ff2a40c5f4a61d19304c.php 第 202 行.
NOTIC: [8] Use of undefined constant start - assumed 'start' D:\phpservice\WWW\test\borrow\App\Runtime\Cache\Home\b36cdc64ead7ff2a40c5f4a61d19304c.php 第 202 行.
NOTIC: [8] Use of undefined constant start - assumed 'start' D:\phpservice\WWW\test\borrow\App\Runtime\Cache\Home\b36cdc64ead7ff2a40c5f4a61d19304c.php 第 202 行.
NOTIC: [8] Use of undefined constant start - assumed 'start' D:\phpservice\WWW\test\borrow\App\Runtime\Cache\Home\b36cdc64ead7ff2a40c5f4a61d19304c.php 第 202 行.
NOTIC: [8] Use of undefined constant start - assumed 'start' D:\phpservice\WWW\test\borrow\App\Runtime\Cache\Home\b36cdc64ead7ff2a40c5f4a61d19304c.php 第 202 行.
NOTIC: [8] Use of undefined constant start - assumed 'start' D:\phpservice\WWW\test\borrow\App\Runtime\Cache\Home\b36cdc64ead7ff2a40c5f4a61d19304c.php 第 202 行.
NOTIC: [8] Use of undefined constant start - assumed 'start' D:\phpservice\WWW\test\borrow\App\Runtime\Cache\Home\b36cdc64ead7ff2a40c5f4a61d19304c.php 第 202 行.
INFO: Run Behavior\ParseTemplateBehavior [ RunTime:0.054003s ]
INFO: [ view_parse ] --END-- [ RunTime:0.054003s ]
INFO: [ view_filter ] --START--
INFO: Run Behavior\WriteHtmlCacheBehavior [ RunTime:0.001000s ]
INFO: [ view_filter ] --END-- [ RunTime:0.001000s ]
INFO: [ app_end ] --START--
INFO: Run Behavior\ShowPageTraceBehavior [ RunTime:0.002001s ]
INFO: [ app_end ] --END-- [ RunTime:0.004001s ]

[ 2016-03-22T16:13:53+08:00 ] 127.0.0.1 /borrow/index.php/Home/Repayment
INFO: [ app_init ] --START--
INFO: Run Behavior\BuildLiteBehavior [ RunTime:0.000000s ]
INFO: [ app_init ] --END-- [ RunTime:0.001000s ]
INFO: [ app_begin ] --START--
INFO: Run Behavior\ReadHtmlCacheBehavior [ RunTime:0.001000s ]
INFO: [ app_begin ] --END-- [ RunTime:0.002000s ]
SQL: SHOW COLUMNS FROM `borrow_repayment` [ RunTime:0.0010s ]
NOTIC: [8] Undefined index: p D:\phpservice\WWW\test\borrow\App\Home\Controller\RepaymentController.class.php 第 28 行.
SQL: SHOW COLUMNS FROM `borrow_repayment` [ RunTime:0.0020s ]
NOTIC: [8] Undefined index: limit D:\phpservice\WWW\test\borrow\ThinkPHP\Library\Think\Db\Driver.class.php 第 950 行.
SQL: SELECT r.*,u.name,u.id as uid FROM `borrow_repayment` `r`,`borrow` `b`,`user` `u` WHERE ( r.borrow_uid = u.id AND r.borrow_id = b.id ) ORDER BY id LIMIT 0,20   [ RunTime:0.0020s ]
SQL: SELECT COUNT(*) AS tp_count FROM `borrow_repayment` LIMIT 1   [ RunTime:0.0010s ]
INFO: [ view_parse ] --START--
INFO: [ template_filter ] --START--
INFO: Run Behavior\ContentReplaceBehavior [ RunTime:0.000000s ]
INFO: [ template_filter ] --END-- [ RunTime:0.001000s ]
NOTIC: [8] Undefined variable: SiteInfo D:\phpservice\WWW\test\borrow\App\Runtime\Cache\Home\b36cdc64ead7ff2a40c5f4a61d19304c.php 第 10 行.
NOTIC: [8] Undefined variable: SiteInfo D:\phpservice\WWW\test\borrow\App\Runtime\Cache\Home\b36cdc64ead7ff2a40c5f4a61d19304c.php 第 11 行.
NOTIC: [8] Use of undefined constant start - assumed 'start' D:\phpservice\WWW\test\borrow\App\Runtime\Cache\Home\b36cdc64ead7ff2a40c5f4a61d19304c.php 第 202 行.
NOTIC: [8] Use of undefined constant start - assumed 'start' D:\phpservice\WWW\test\borrow\App\Runtime\Cache\Home\b36cdc64ead7ff2a40c5f4a61d19304c.php 第 202 行.
NOTIC: [8] Use of undefined constant start - assumed 'start' D:\phpservice\WWW\test\borrow\App\Runtime\Cache\Home\b36cdc64ead7ff2a40c5f4a61d19304c.php 第 202 行.
NOTIC: [8] Use of undefined constant start - assumed 'start' D:\phpservice\WWW\test\borrow\App\Runtime\Cache\Home\b36cdc64ead7ff2a40c5f4a61d19304c.php 第 202 行.
NOTIC: [8] Use of undefined constant start - assumed 'start' D:\phpservice\WWW\test\borrow\App\Runtime\Cache\Home\b36cdc64ead7ff2a40c5f4a61d19304c.php 第 202 行.
NOTIC: [8] Use of undefined constant start - assumed 'start' D:\phpservice\WWW\test\borrow\App\Runtime\Cache\Home\b36cdc64ead7ff2a40c5f4a61d19304c.php 第 202 行.
NOTIC: [8] Use of undefined constant start - assumed 'start' D:\phpservice\WWW\test\borrow\App\Runtime\Cache\Home\b36cdc64ead7ff2a40c5f4a61d19304c.php 第 202 行.
NOTIC: [8] Use of undefined constant start - assumed 'start' D:\phpservice\WWW\test\borrow\App\Runtime\Cache\Home\b36cdc64ead7ff2a40c5f4a61d19304c.php 第 202 行.
NOTIC: [8] Use of undefined constant start - assumed 'start' D:\phpservice\WWW\test\borrow\App\Runtime\Cache\Home\b36cdc64ead7ff2a40c5f4a61d19304c.php 第 202 行.
NOTIC: [8] Use of undefined constant start - assumed 'start' D:\phpservice\WWW\test\borrow\App\Runtime\Cache\Home\b36cdc64ead7ff2a40c5f4a61d19304c.php 第 202 行.
NOTIC: [8] Use of undefined constant start - assumed 'start' D:\phpservice\WWW\test\borrow\App\Runtime\Cache\Home\b36cdc64ead7ff2a40c5f4a61d19304c.php 第 202 行.
NOTIC: [8] Use of undefined constant start - assumed 'start' D:\phpservice\WWW\test\borrow\App\Runtime\Cache\Home\b36cdc64ead7ff2a40c5f4a61d19304c.php 第 202 行.
NOTIC: [8] Use of undefined constant start - assumed 'start' D:\phpservice\WWW\test\borrow\App\Runtime\Cache\Home\b36cdc64ead7ff2a40c5f4a61d19304c.php 第 202 行.
NOTIC: [8] Use of undefined constant start - assumed 'start' D:\phpservice\WWW\test\borrow\App\Runtime\Cache\Home\b36cdc64ead7ff2a40c5f4a61d19304c.php 第 202 行.
NOTIC: [8] Use of undefined constant start - assumed 'start' D:\phpservice\WWW\test\borrow\App\Runtime\Cache\Home\b36cdc64ead7ff2a40c5f4a61d19304c.php 第 202 行.
NOTIC: [8] Use of undefined constant start - assumed 'start' D:\phpservice\WWW\test\borrow\App\Runtime\Cache\Home\b36cdc64ead7ff2a40c5f4a61d19304c.php 第 202 行.
NOTIC: [8] Use of undefined constant start - assumed 'start' D:\phpservice\WWW\test\borrow\App\Runtime\Cache\Home\b36cdc64ead7ff2a40c5f4a61d19304c.php 第 202 行.
NOTIC: [8] Use of undefined constant start - assumed 'start' D:\phpservice\WWW\test\borrow\App\Runtime\Cache\Home\b36cdc64ead7ff2a40c5f4a61d19304c.php 第 202 行.
NOTIC: [8] Use of undefined constant start - assumed 'start' D:\phpservice\WWW\test\borrow\App\Runtime\Cache\Home\b36cdc64ead7ff2a40c5f4a61d19304c.php 第 202 行.
NOTIC: [8] Use of undefined constant start - assumed 'start' D:\phpservice\WWW\test\borrow\App\Runtime\Cache\Home\b36cdc64ead7ff2a40c5f4a61d19304c.php 第 202 行.
INFO: Run Behavior\ParseTemplateBehavior [ RunTime:0.049003s ]
INFO: [ view_parse ] --END-- [ RunTime:0.050003s ]
INFO: [ view_filter ] --START--
INFO: Run Behavior\WriteHtmlCacheBehavior [ RunTime:0.000000s ]
INFO: [ view_filter ] --END-- [ RunTime:0.002000s ]
INFO: [ app_end ] --START--
INFO: Run Behavior\ShowPageTraceBehavior [ RunTime:0.001000s ]
INFO: [ app_end ] --END-- [ RunTime:0.002000s ]

[ 2016-03-22T16:14:38+08:00 ] 127.0.0.1 /borrow/index.php/Home/Repayment
INFO: [ app_init ] --START--
INFO: Run Behavior\BuildLiteBehavior [ RunTime:0.000000s ]
INFO: [ app_init ] --END-- [ RunTime:0.001000s ]
INFO: [ app_begin ] --START--
INFO: Run Behavior\ReadHtmlCacheBehavior [ RunTime:0.001000s ]
INFO: [ app_begin ] --END-- [ RunTime:0.001000s ]
SQL: SHOW COLUMNS FROM `borrow_repayment` [ RunTime:0.0020s ]
NOTIC: [8] Undefined index: p D:\phpservice\WWW\test\borrow\App\Home\Controller\RepaymentController.class.php 第 28 行.
SQL: SHOW COLUMNS FROM `borrow_repayment` [ RunTime:0.0020s ]
NOTIC: [8] Undefined index: limit D:\phpservice\WWW\test\borrow\ThinkPHP\Library\Think\Db\Driver.class.php 第 950 行.
SQL: SELECT r.*,u.name,u.id as uid FROM `borrow_repayment` `r`,`borrow` `b`,`user` `u` WHERE ( r.borrow_uid = u.id AND r.borrow_id = b.id ) ORDER BY id LIMIT 0,20   [ RunTime:0.0010s ]
SQL: SELECT COUNT(*) AS tp_count FROM `borrow_repayment` LIMIT 1   [ RunTime:0.0000s ]
INFO: [ view_parse ] --START--
INFO: [ template_filter ] --START--
INFO: Run Behavior\ContentReplaceBehavior [ RunTime:0.000000s ]
INFO: [ template_filter ] --END-- [ RunTime:0.001000s ]
NOTIC: [8] Undefined variable: SiteInfo D:\phpservice\WWW\test\borrow\App\Runtime\Cache\Home\b36cdc64ead7ff2a40c5f4a61d19304c.php 第 10 行.
NOTIC: [8] Undefined variable: SiteInfo D:\phpservice\WWW\test\borrow\App\Runtime\Cache\Home\b36cdc64ead7ff2a40c5f4a61d19304c.php 第 11 行.
NOTIC: [8] Use of undefined constant start - assumed 'start' D:\phpservice\WWW\test\borrow\App\Runtime\Cache\Home\b36cdc64ead7ff2a40c5f4a61d19304c.php 第 202 行.
NOTIC: [8] Use of undefined constant start - assumed 'start' D:\phpservice\WWW\test\borrow\App\Runtime\Cache\Home\b36cdc64ead7ff2a40c5f4a61d19304c.php 第 202 行.
NOTIC: [8] Use of undefined constant start - assumed 'start' D:\phpservice\WWW\test\borrow\App\Runtime\Cache\Home\b36cdc64ead7ff2a40c5f4a61d19304c.php 第 202 行.
NOTIC: [8] Use of undefined constant start - assumed 'start' D:\phpservice\WWW\test\borrow\App\Runtime\Cache\Home\b36cdc64ead7ff2a40c5f4a61d19304c.php 第 202 行.
NOTIC: [8] Use of undefined constant start - assumed 'start' D:\phpservice\WWW\test\borrow\App\Runtime\Cache\Home\b36cdc64ead7ff2a40c5f4a61d19304c.php 第 202 行.
NOTIC: [8] Use of undefined constant start - assumed 'start' D:\phpservice\WWW\test\borrow\App\Runtime\Cache\Home\b36cdc64ead7ff2a40c5f4a61d19304c.php 第 202 行.
NOTIC: [8] Use of undefined constant start - assumed 'start' D:\phpservice\WWW\test\borrow\App\Runtime\Cache\Home\b36cdc64ead7ff2a40c5f4a61d19304c.php 第 202 行.
NOTIC: [8] Use of undefined constant start - assumed 'start' D:\phpservice\WWW\test\borrow\App\Runtime\Cache\Home\b36cdc64ead7ff2a40c5f4a61d19304c.php 第 202 行.
NOTIC: [8] Use of undefined constant start - assumed 'start' D:\phpservice\WWW\test\borrow\App\Runtime\Cache\Home\b36cdc64ead7ff2a40c5f4a61d19304c.php 第 202 行.
NOTIC: [8] Use of undefined constant start - assumed 'start' D:\phpservice\WWW\test\borrow\App\Runtime\Cache\Home\b36cdc64ead7ff2a40c5f4a61d19304c.php 第 202 行.
NOTIC: [8] Use of undefined constant start - assumed 'start' D:\phpservice\WWW\test\borrow\App\Runtime\Cache\Home\b36cdc64ead7ff2a40c5f4a61d19304c.php 第 202 行.
NOTIC: [8] Use of undefined constant start - assumed 'start' D:\phpservice\WWW\test\borrow\App\Runtime\Cache\Home\b36cdc64ead7ff2a40c5f4a61d19304c.php 第 202 行.
NOTIC: [8] Use of undefined constant start - assumed 'start' D:\phpservice\WWW\test\borrow\App\Runtime\Cache\Home\b36cdc64ead7ff2a40c5f4a61d19304c.php 第 202 行.
NOTIC: [8] Use of undefined constant start - assumed 'start' D:\phpservice\WWW\test\borrow\App\Runtime\Cache\Home\b36cdc64ead7ff2a40c5f4a61d19304c.php 第 202 行.
NOTIC: [8] Use of undefined constant start - assumed 'start' D:\phpservice\WWW\test\borrow\App\Runtime\Cache\Home\b36cdc64ead7ff2a40c5f4a61d19304c.php 第 202 行.
NOTIC: [8] Use of undefined constant start - assumed 'start' D:\phpservice\WWW\test\borrow\App\Runtime\Cache\Home\b36cdc64ead7ff2a40c5f4a61d19304c.php 第 202 行.
NOTIC: [8] Use of undefined constant start - assumed 'start' D:\phpservice\WWW\test\borrow\App\Runtime\Cache\Home\b36cdc64ead7ff2a40c5f4a61d19304c.php 第 202 行.
NOTIC: [8] Use of undefined constant start - assumed 'start' D:\phpservice\WWW\test\borrow\App\Runtime\Cache\Home\b36cdc64ead7ff2a40c5f4a61d19304c.php 第 202 行.
NOTIC: [8] Use of undefined constant start - assumed 'start' D:\phpservice\WWW\test\borrow\App\Runtime\Cache\Home\b36cdc64ead7ff2a40c5f4a61d19304c.php 第 202 行.
NOTIC: [8] Use of undefined constant start - assumed 'start' D:\phpservice\WWW\test\borrow\App\Runtime\Cache\Home\b36cdc64ead7ff2a40c5f4a61d19304c.php 第 202 行.
INFO: Run Behavior\ParseTemplateBehavior [ RunTime:0.054003s ]
INFO: [ view_parse ] --END-- [ RunTime:0.054003s ]
INFO: [ view_filter ] --START--
INFO: Run Behavior\WriteHtmlCacheBehavior [ RunTime:0.001000s ]
INFO: [ view_filter ] --END-- [ RunTime:0.003000s ]
INFO: [ app_end ] --START--
INFO: Run Behavior\ShowPageTraceBehavior [ RunTime:0.001000s ]
INFO: [ app_end ] --END-- [ RunTime:0.001000s ]

[ 2016-03-22T16:18:00+08:00 ] 127.0.0.1 /borrow/index.php/Home/Repayment
INFO: [ app_init ] --START--
INFO: Run Behavior\BuildLiteBehavior [ RunTime:0.000000s ]
INFO: [ app_init ] --END-- [ RunTime:0.001000s ]
INFO: [ app_begin ] --START--
INFO: Run Behavior\ReadHtmlCacheBehavior [ RunTime:0.001000s ]
INFO: [ app_begin ] --END-- [ RunTime:0.001000s ]
SQL: SHOW COLUMNS FROM `borrow_repayment` [ RunTime:0.0030s ]
NOTIC: [8] Undefined index: p D:\phpservice\WWW\test\borrow\App\Home\Controller\RepaymentController.class.php 第 28 行.
SQL: SHOW COLUMNS FROM `borrow_repayment` [ RunTime:0.0020s ]
NOTIC: [8] Undefined index: limit D:\phpservice\WWW\test\borrow\ThinkPHP\Library\Think\Db\Driver.class.php 第 950 行.
SQL: SELECT r.*,u.name,u.id as uid FROM `borrow_repayment` `r`,`borrow` `b`,`user` `u` WHERE ( r.borrow_uid = u.id AND r.borrow_id = b.id ) ORDER BY id LIMIT 0,20   [ RunTime:0.0020s ]
SQL: SELECT COUNT(*) AS tp_count FROM `borrow_repayment` LIMIT 1   [ RunTime:0.0000s ]
INFO: [ view_parse ] --START--
INFO: [ template_filter ] --START--
INFO: Run Behavior\ContentReplaceBehavior [ RunTime:0.000000s ]
INFO: [ template_filter ] --END-- [ RunTime:0.001001s ]
NOTIC: [8] Undefined variable: SiteInfo D:\phpservice\WWW\test\borrow\App\Runtime\Cache\Home\b36cdc64ead7ff2a40c5f4a61d19304c.php 第 10 行.
NOTIC: [8] Undefined variable: SiteInfo D:\phpservice\WWW\test\borrow\App\Runtime\Cache\Home\b36cdc64ead7ff2a40c5f4a61d19304c.php 第 11 行.
NOTIC: [8] Use of undefined constant end - assumed 'end' D:\phpservice\WWW\test\borrow\App\Runtime\Cache\Home\b36cdc64ead7ff2a40c5f4a61d19304c.php 第 203 行.
NOTIC: [8] Use of undefined constant start - assumed 'start' D:\phpservice\WWW\test\borrow\App\Runtime\Cache\Home\b36cdc64ead7ff2a40c5f4a61d19304c.php 第 204 行.
NOTIC: [8] Use of undefined constant end - assumed 'end' D:\phpservice\WWW\test\borrow\App\Runtime\Cache\Home\b36cdc64ead7ff2a40c5f4a61d19304c.php 第 203 行.
NOTIC: [8] Use of undefined constant start - assumed 'start' D:\phpservice\WWW\test\borrow\App\Runtime\Cache\Home\b36cdc64ead7ff2a40c5f4a61d19304c.php 第 204 行.
NOTIC: [8] Use of undefined constant end - assumed 'end' D:\phpservice\WWW\test\borrow\App\Runtime\Cache\Home\b36cdc64ead7ff2a40c5f4a61d19304c.php 第 203 行.
NOTIC: [8] Use of undefined constant start - assumed 'start' D:\phpservice\WWW\test\borrow\App\Runtime\Cache\Home\b36cdc64ead7ff2a40c5f4a61d19304c.php 第 204 行.
NOTIC: [8] Use of undefined constant end - assumed 'end' D:\phpservice\WWW\test\borrow\App\Runtime\Cache\Home\b36cdc64ead7ff2a40c5f4a61d19304c.php 第 203 行.
NOTIC: [8] Use of undefined constant start - assumed 'start' D:\phpservice\WWW\test\borrow\App\Runtime\Cache\Home\b36cdc64ead7ff2a40c5f4a61d19304c.php 第 204 行.
NOTIC: [8] Use of undefined constant end - assumed 'end' D:\phpservice\WWW\test\borrow\App\Runtime\Cache\Home\b36cdc64ead7ff2a40c5f4a61d19304c.php 第 203 行.
NOTIC: [8] Use of undefined constant start - assumed 'start' D:\phpservice\WWW\test\borrow\App\Runtime\Cache\Home\b36cdc64ead7ff2a40c5f4a61d19304c.php 第 204 行.
NOTIC: [8] Use of undefined constant end - assumed 'end' D:\phpservice\WWW\test\borrow\App\Runtime\Cache\Home\b36cdc64ead7ff2a40c5f4a61d19304c.php 第 203 行.
NOTIC: [8] Use of undefined constant start - assumed 'start' D:\phpservice\WWW\test\borrow\App\Runtime\Cache\Home\b36cdc64ead7ff2a40c5f4a61d19304c.php 第 204 行.
NOTIC: [8] Use of undefined constant end - assumed 'end' D:\phpservice\WWW\test\borrow\App\Runtime\Cache\Home\b36cdc64ead7ff2a40c5f4a61d19304c.php 第 203 行.
NOTIC: [8] Use of undefined constant start - assumed 'start' D:\phpservice\WWW\test\borrow\App\Runtime\Cache\Home\b36cdc64ead7ff2a40c5f4a61d19304c.php 第 204 行.
NOTIC: [8] Use of undefined constant end - assumed 'end' D:\phpservice\WWW\test\borrow\App\Runtime\Cache\Home\b36cdc64ead7ff2a40c5f4a61d19304c.php 第 203 行.
NOTIC: [8] Use of undefined constant start - assumed 'start' D:\phpservice\WWW\test\borrow\App\Runtime\Cache\Home\b36cdc64ead7ff2a40c5f4a61d19304c.php 第 204 行.
NOTIC: [8] Use of undefined constant end - assumed 'end' D:\phpservice\WWW\test\borrow\App\Runtime\Cache\Home\b36cdc64ead7ff2a40c5f4a61d19304c.php 第 203 行.
NOTIC: [8] Use of undefined constant start - assumed 'start' D:\phpservice\WWW\test\borrow\App\Runtime\Cache\Home\b36cdc64ead7ff2a40c5f4a61d19304c.php 第 204 行.
NOTIC: [8] Use of undefined constant end - assumed 'end' D:\phpservice\WWW\test\borrow\App\Runtime\Cache\Home\b36cdc64ead7ff2a40c5f4a61d19304c.php 第 203 行.
NOTIC: [8] Use of undefined constant start - assumed 'start' D:\phpservice\WWW\test\borrow\App\Runtime\Cache\Home\b36cdc64ead7ff2a40c5f4a61d19304c.php 第 204 行.
NOTIC: [8] Use of undefined constant end - assumed 'end' D:\phpservice\WWW\test\borrow\App\Runtime\Cache\Home\b36cdc64ead7ff2a40c5f4a61d19304c.php 第 203 行.
NOTIC: [8] Use of undefined constant start - assumed 'start' D:\phpservice\WWW\test\borrow\App\Runtime\Cache\Home\b36cdc64ead7ff2a40c5f4a61d19304c.php 第 204 行.
NOTIC: [8] Use of undefined constant end - assumed 'end' D:\phpservice\WWW\test\borrow\App\Runtime\Cache\Home\b36cdc64ead7ff2a40c5f4a61d19304c.php 第 203 行.
NOTIC: [8] Use of undefined constant start - assumed 'start' D:\phpservice\WWW\test\borrow\App\Runtime\Cache\Home\b36cdc64ead7ff2a40c5f4a61d19304c.php 第 204 行.
NOTIC: [8] Use of undefined constant end - assumed 'end' D:\phpservice\WWW\test\borrow\App\Runtime\Cache\Home\b36cdc64ead7ff2a40c5f4a61d19304c.php 第 203 行.
NOTIC: [8] Use of undefined constant start - assumed 'start' D:\phpservice\WWW\test\borrow\App\Runtime\Cache\Home\b36cdc64ead7ff2a40c5f4a61d19304c.php 第 204 行.
NOTIC: [8] Use of undefined constant end - assumed 'end' D:\phpservice\WWW\test\borrow\App\Runtime\Cache\Home\b36cdc64ead7ff2a40c5f4a61d19304c.php 第 203 行.
NOTIC: [8] Use of undefined constant start - assumed 'start' D:\phpservice\WWW\test\borrow\App\Runtime\Cache\Home\b36cdc64ead7ff2a40c5f4a61d19304c.php 第 204 行.
NOTIC: [8] Use of undefined constant end - assumed 'end' D:\phpservice\WWW\test\borrow\App\Runtime\Cache\Home\b36cdc64ead7ff2a40c5f4a61d19304c.php 第 203 行.
NOTIC: [8] Use of undefined constant start - assumed 'start' D:\phpservice\WWW\test\borrow\App\Runtime\Cache\Home\b36cdc64ead7ff2a40c5f4a61d19304c.php 第 204 行.
NOTIC: [8] Use of undefined constant end - assumed 'end' D:\phpservice\WWW\test\borrow\App\Runtime\Cache\Home\b36cdc64ead7ff2a40c5f4a61d19304c.php 第 203 行.
NOTIC: [8] Use of undefined constant start - assumed 'start' D:\phpservice\WWW\test\borrow\App\Runtime\Cache\Home\b36cdc64ead7ff2a40c5f4a61d19304c.php 第 204 行.
NOTIC: [8] Use of undefined constant end - assumed 'end' D:\phpservice\WWW\test\borrow\App\Runtime\Cache\Home\b36cdc64ead7ff2a40c5f4a61d19304c.php 第 203 行.
NOTIC: [8] Use of undefined constant start - assumed 'start' D:\phpservice\WWW\test\borrow\App\Runtime\Cache\Home\b36cdc64ead7ff2a40c5f4a61d19304c.php 第 204 行.
NOTIC: [8] Use of undefined constant end - assumed 'end' D:\phpservice\WWW\test\borrow\App\Runtime\Cache\Home\b36cdc64ead7ff2a40c5f4a61d19304c.php 第 203 行.
NOTIC: [8] Use of undefined constant start - assumed 'start' D:\phpservice\WWW\test\borrow\App\Runtime\Cache\Home\b36cdc64ead7ff2a40c5f4a61d19304c.php 第 204 行.
NOTIC: [8] Use of undefined constant end - assumed 'end' D:\phpservice\WWW\test\borrow\App\Runtime\Cache\Home\b36cdc64ead7ff2a40c5f4a61d19304c.php 第 203 行.
NOTIC: [8] Use of undefined constant start - assumed 'start' D:\phpservice\WWW\test\borrow\App\Runtime\Cache\Home\b36cdc64ead7ff2a40c5f4a61d19304c.php 第 204 行.
NOTIC: [8] Use of undefined constant end - assumed 'end' D:\phpservice\WWW\test\borrow\App\Runtime\Cache\Home\b36cdc64ead7ff2a40c5f4a61d19304c.php 第 203 行.
NOTIC: [8] Use of undefined constant start - assumed 'start' D:\phpservice\WWW\test\borrow\App\Runtime\Cache\Home\b36cdc64ead7ff2a40c5f4a61d19304c.php 第 204 行.
INFO: Run Behavior\ParseTemplateBehavior [ RunTime:0.051003s ]
INFO: [ view_parse ] --END-- [ RunTime:0.052003s ]
INFO: [ view_filter ] --START--
INFO: Run Behavior\WriteHtmlCacheBehavior [ RunTime:0.000000s ]
INFO: [ view_filter ] --END-- [ RunTime:0.002000s ]
INFO: [ app_end ] --START--
INFO: Run Behavior\ShowPageTraceBehavior [ RunTime:0.001000s ]
INFO: [ app_end ] --END-- [ RunTime:0.002000s ]

[ 2016-03-22T16:18:02+08:00 ] 127.0.0.1 /borrow/index.php/Home/Repayment
INFO: [ app_init ] --START--
INFO: Run Behavior\BuildLiteBehavior [ RunTime:0.001000s ]
INFO: [ app_init ] --END-- [ RunTime:0.002000s ]
INFO: [ app_begin ] --START--
INFO: Run Behavior\ReadHtmlCacheBehavior [ RunTime:0.002000s ]
INFO: [ app_begin ] --END-- [ RunTime:0.003000s ]
SQL: SHOW COLUMNS FROM `borrow_repayment` [ RunTime:0.0060s ]
NOTIC: [8] Undefined index: p D:\phpservice\WWW\test\borrow\App\Home\Controller\RepaymentController.class.php 第 28 行.
SQL: SHOW COLUMNS FROM `borrow_repayment` [ RunTime:0.0020s ]
NOTIC: [8] Undefined index: limit D:\phpservice\WWW\test\borrow\ThinkPHP\Library\Think\Db\Driver.class.php 第 950 行.
SQL: SELECT r.*,u.name,u.id as uid FROM `borrow_repayment` `r`,`borrow` `b`,`user` `u` WHERE ( r.borrow_uid = u.id AND r.borrow_id = b.id ) ORDER BY id LIMIT 0,20   [ RunTime:0.0000s ]
SQL: SELECT COUNT(*) AS tp_count FROM `borrow_repayment` LIMIT 1   [ RunTime:0.0010s ]
INFO: [ view_parse ] --START--
INFO: [ template_filter ] --START--
INFO: Run Behavior\ContentReplaceBehavior [ RunTime:0.001000s ]
INFO: [ template_filter ] --END-- [ RunTime:0.002000s ]
NOTIC: [8] Undefined variable: SiteInfo D:\phpservice\WWW\test\borrow\App\Runtime\Cache\Home\b36cdc64ead7ff2a40c5f4a61d19304c.php 第 10 行.
NOTIC: [8] Undefined variable: SiteInfo D:\phpservice\WWW\test\borrow\App\Runtime\Cache\Home\b36cdc64ead7ff2a40c5f4a61d19304c.php 第 11 行.
NOTIC: [8] Use of undefined constant end - assumed 'end' D:\phpservice\WWW\test\borrow\App\Runtime\Cache\Home\b36cdc64ead7ff2a40c5f4a61d19304c.php 第 203 行.
NOTIC: [8] Use of undefined constant start - assumed 'start' D:\phpservice\WWW\test\borrow\App\Runtime\Cache\Home\b36cdc64ead7ff2a40c5f4a61d19304c.php 第 204 行.
NOTIC: [8] Use of undefined constant end - assumed 'end' D:\phpservice\WWW\test\borrow\App\Runtime\Cache\Home\b36cdc64ead7ff2a40c5f4a61d19304c.php 第 203 行.
NOTIC: [8] Use of undefined constant start - assumed 'start' D:\phpservice\WWW\test\borrow\App\Runtime\Cache\Home\b36cdc64ead7ff2a40c5f4a61d19304c.php 第 204 行.
NOTIC: [8] Use of undefined constant end - assumed 'end' D:\phpservice\WWW\test\borrow\App\Runtime\Cache\Home\b36cdc64ead7ff2a40c5f4a61d19304c.php 第 203 行.
NOTIC: [8] Use of undefined constant start - assumed 'start' D:\phpservice\WWW\test\borrow\App\Runtime\Cache\Home\b36cdc64ead7ff2a40c5f4a61d19304c.php 第 204 行.
NOTIC: [8] Use of undefined constant end - assumed 'end' D:\phpservice\WWW\test\borrow\App\Runtime\Cache\Home\b36cdc64ead7ff2a40c5f4a61d19304c.php 第 203 行.
NOTIC: [8] Use of undefined constant start - assumed 'start' D:\phpservice\WWW\test\borrow\App\Runtime\Cache\Home\b36cdc64ead7ff2a40c5f4a61d19304c.php 第 204 行.
NOTIC: [8] Use of undefined constant end - assumed 'end' D:\phpservice\WWW\test\borrow\App\Runtime\Cache\Home\b36cdc64ead7ff2a40c5f4a61d19304c.php 第 203 行.
NOTIC: [8] Use of undefined constant start - assumed 'start' D:\phpservice\WWW\test\borrow\App\Runtime\Cache\Home\b36cdc64ead7ff2a40c5f4a61d19304c.php 第 204 行.
NOTIC: [8] Use of undefined constant end - assumed 'end' D:\phpservice\WWW\test\borrow\App\Runtime\Cache\Home\b36cdc64ead7ff2a40c5f4a61d19304c.php 第 203 行.
NOTIC: [8] Use of undefined constant start - assumed 'start' D:\phpservice\WWW\test\borrow\App\Runtime\Cache\Home\b36cdc64ead7ff2a40c5f4a61d19304c.php 第 204 行.
NOTIC: [8] Use of undefined constant end - assumed 'end' D:\phpservice\WWW\test\borrow\App\Runtime\Cache\Home\b36cdc64ead7ff2a40c5f4a61d19304c.php 第 203 行.
NOTIC: [8] Use of undefined constant start - assumed 'start' D:\phpservice\WWW\test\borrow\App\Runtime\Cache\Home\b36cdc64ead7ff2a40c5f4a61d19304c.php 第 204 行.
NOTIC: [8] Use of undefined constant end - assumed 'end' D:\phpservice\WWW\test\borrow\App\Runtime\Cache\Home\b36cdc64ead7ff2a40c5f4a61d19304c.php 第 203 行.
NOTIC: [8] Use of undefined constant start - assumed 'start' D:\phpservice\WWW\test\borrow\App\Runtime\Cache\Home\b36cdc64ead7ff2a40c5f4a61d19304c.php 第 204 行.
NOTIC: [8] Use of undefined constant end - assumed 'end' D:\phpservice\WWW\test\borrow\App\Runtime\Cache\Home\b36cdc64ead7ff2a40c5f4a61d19304c.php 第 203 行.
NOTIC: [8] Use of undefined constant start - assumed 'start' D:\phpservice\WWW\test\borrow\App\Runtime\Cache\Home\b36cdc64ead7ff2a40c5f4a61d19304c.php 第 204 行.
NOTIC: [8] Use of undefined constant end - assumed 'end' D:\phpservice\WWW\test\borrow\App\Runtime\Cache\Home\b36cdc64ead7ff2a40c5f4a61d19304c.php 第 203 行.
NOTIC: [8] Use of undefined constant start - assumed 'start' D:\phpservice\WWW\test\borrow\App\Runtime\Cache\Home\b36cdc64ead7ff2a40c5f4a61d19304c.php 第 204 行.
NOTIC: [8] Use of undefined constant end - assumed 'end' D:\phpservice\WWW\test\borrow\App\Runtime\Cache\Home\b36cdc64ead7ff2a40c5f4a61d19304c.php 第 203 行.
NOTIC: [8] Use of undefined constant start - assumed 'start' D:\phpservice\WWW\test\borrow\App\Runtime\Cache\Home\b36cdc64ead7ff2a40c5f4a61d19304c.php 第 204 行.
NOTIC: [8] Use of undefined constant end - assumed 'end' D:\phpservice\WWW\test\borrow\App\Runtime\Cache\Home\b36cdc64ead7ff2a40c5f4a61d19304c.php 第 203 行.
NOTIC: [8] Use of undefined constant start - assumed 'start' D:\phpservice\WWW\test\borrow\App\Runtime\Cache\Home\b36cdc64ead7ff2a40c5f4a61d19304c.php 第 204 行.
NOTIC: [8] Use of undefined constant end - assumed 'end' D:\phpservice\WWW\test\borrow\App\Runtime\Cache\Home\b36cdc64ead7ff2a40c5f4a61d19304c.php 第 203 行.
NOTIC: [8] Use of undefined constant start - assumed 'start' D:\phpservice\WWW\test\borrow\App\Runtime\Cache\Home\b36cdc64ead7ff2a40c5f4a61d19304c.php 第 204 行.
NOTIC: [8] Use of undefined constant end - assumed 'end' D:\phpservice\WWW\test\borrow\App\Runtime\Cache\Home\b36cdc64ead7ff2a40c5f4a61d19304c.php 第 203 行.
NOTIC: [8] Use of undefined constant start - assumed 'start' D:\phpservice\WWW\test\borrow\App\Runtime\Cache\Home\b36cdc64ead7ff2a40c5f4a61d19304c.php 第 204 行.
NOTIC: [8] Use of undefined constant end - assumed 'end' D:\phpservice\WWW\test\borrow\App\Runtime\Cache\Home\b36cdc64ead7ff2a40c5f4a61d19304c.php 第 203 行.
NOTIC: [8] Use of undefined constant start - assumed 'start' D:\phpservice\WWW\test\borrow\App\Runtime\Cache\Home\b36cdc64ead7ff2a40c5f4a61d19304c.php 第 204 行.
NOTIC: [8] Use of undefined constant end - assumed 'end' D:\phpservice\WWW\test\borrow\App\Runtime\Cache\Home\b36cdc64ead7ff2a40c5f4a61d19304c.php 第 203 行.
NOTIC: [8] Use of undefined constant start - assumed 'start' D:\phpservice\WWW\test\borrow\App\Runtime\Cache\Home\b36cdc64ead7ff2a40c5f4a61d19304c.php 第 204 行.
NOTIC: [8] Use of undefined constant end - assumed 'end' D:\phpservice\WWW\test\borrow\App\Runtime\Cache\Home\b36cdc64ead7ff2a40c5f4a61d19304c.php 第 203 行.
NOTIC: [8] Use of undefined constant start - assumed 'start' D:\phpservice\WWW\test\borrow\App\Runtime\Cache\Home\b36cdc64ead7ff2a40c5f4a61d19304c.php 第 204 行.
NOTIC: [8] Use of undefined constant end - assumed 'end' D:\phpservice\WWW\test\borrow\App\Runtime\Cache\Home\b36cdc64ead7ff2a40c5f4a61d19304c.php 第 203 行.
NOTIC: [8] Use of undefined constant start - assumed 'start' D:\phpservice\WWW\test\borrow\App\Runtime\Cache\Home\b36cdc64ead7ff2a40c5f4a61d19304c.php 第 204 行.
NOTIC: [8] Use of undefined constant end - assumed 'end' D:\phpservice\WWW\test\borrow\App\Runtime\Cache\Home\b36cdc64ead7ff2a40c5f4a61d19304c.php 第 203 行.
NOTIC: [8] Use of undefined constant start - assumed 'start' D:\phpservice\WWW\test\borrow\App\Runtime\Cache\Home\b36cdc64ead7ff2a40c5f4a61d19304c.php 第 204 行.
NOTIC: [8] Use of undefined constant end - assumed 'end' D:\phpservice\WWW\test\borrow\App\Runtime\Cache\Home\b36cdc64ead7ff2a40c5f4a61d19304c.php 第 203 行.
NOTIC: [8] Use of undefined constant start - assumed 'start' D:\phpservice\WWW\test\borrow\App\Runtime\Cache\Home\b36cdc64ead7ff2a40c5f4a61d19304c.php 第 204 行.
INFO: Run Behavior\ParseTemplateBehavior [ RunTime:0.071004s ]
INFO: [ view_parse ] --END-- [ RunTime:0.072004s ]
INFO: [ view_filter ] --START--
INFO: Run Behavior\WriteHtmlCacheBehavior [ RunTime:0.001000s ]
INFO: [ view_filter ] --END-- [ RunTime:0.002000s ]
INFO: [ app_end ] --START--
INFO: Run Behavior\ShowPageTraceBehavior [ RunTime:0.001000s ]
INFO: [ app_end ] --END-- [ RunTime:0.002000s ]

[ 2016-03-22T16:19:16+08:00 ] 127.0.0.1 /borrow/index.php/Home/Repayment
INFO: [ app_init ] --START--
INFO: Run Behavior\BuildLiteBehavior [ RunTime:0.001000s ]
INFO: [ app_init ] --END-- [ RunTime:0.001000s ]
INFO: [ app_begin ] --START--
INFO: Run Behavior\ReadHtmlCacheBehavior [ RunTime:0.000000s ]
INFO: [ app_begin ] --END-- [ RunTime:0.002000s ]
SQL: SHOW COLUMNS FROM `borrow_repayment` [ RunTime:0.0020s ]
NOTIC: [8] Undefined index: p D:\phpservice\WWW\test\borrow\App\Home\Controller\RepaymentController.class.php 第 28 行.
SQL: SHOW COLUMNS FROM `borrow_repayment` [ RunTime:0.0010s ]
NOTIC: [8] Undefined index: limit D:\phpservice\WWW\test\borrow\ThinkPHP\Library\Think\Db\Driver.class.php 第 950 行.
SQL: SELECT r.*,u.name,u.id as uid FROM `borrow_repayment` `r`,`borrow` `b`,`user` `u` WHERE ( r.borrow_uid = u.id AND r.borrow_id = b.id ) ORDER BY id LIMIT 0,20   [ RunTime:0.0010s ]
SQL: SELECT COUNT(*) AS tp_count FROM `borrow_repayment` LIMIT 1   [ RunTime:0.0000s ]
INFO: [ view_parse ] --START--
INFO: [ template_filter ] --START--
INFO: Run Behavior\ContentReplaceBehavior [ RunTime:0.001000s ]
INFO: [ template_filter ] --END-- [ RunTime:0.001000s ]

[ 2016-03-22T16:21:27+08:00 ] 127.0.0.1 /borrow/index.php/Home/Repayment
INFO: [ app_init ] --START--
INFO: Run Behavior\BuildLiteBehavior [ RunTime:0.000000s ]
INFO: [ app_init ] --END-- [ RunTime:0.001000s ]
INFO: [ app_begin ] --START--
INFO: Run Behavior\ReadHtmlCacheBehavior [ RunTime:0.001000s ]
INFO: [ app_begin ] --END-- [ RunTime:0.002000s ]
SQL: SHOW COLUMNS FROM `borrow_repayment` [ RunTime:0.0010s ]
NOTIC: [8] Undefined index: p D:\phpservice\WWW\test\borrow\App\Home\Controller\RepaymentController.class.php 第 28 行.
SQL: SHOW COLUMNS FROM `borrow_repayment` [ RunTime:0.0010s ]
NOTIC: [8] Undefined index: limit D:\phpservice\WWW\test\borrow\ThinkPHP\Library\Think\Db\Driver.class.php 第 950 行.
SQL: SELECT r.*,u.name,u.id as uid FROM `borrow_repayment` `r`,`borrow` `b`,`user` `u` WHERE ( r.borrow_uid = u.id AND r.borrow_id = b.id ) ORDER BY id LIMIT 0,20   [ RunTime:0.0020s ]
SQL: SELECT COUNT(*) AS tp_count FROM `borrow_repayment` LIMIT 1   [ RunTime:0.0000s ]
INFO: [ view_parse ] --START--
NOTIC: [8] Undefined offset: 1 D:\phpservice\WWW\test\borrow\ThinkPHP\Library\Think\Template.class.php 第 527 行.
INFO: [ template_filter ] --START--
INFO: Run Behavior\ContentReplaceBehavior [ RunTime:0.000000s ]
INFO: [ template_filter ] --END-- [ RunTime:0.001000s ]

[ 2016-03-22T16:21:40+08:00 ] 127.0.0.1 /borrow/index.php/Home/Repayment
INFO: [ app_init ] --START--
INFO: Run Behavior\BuildLiteBehavior [ RunTime:0.001000s ]
INFO: [ app_init ] --END-- [ RunTime:0.001000s ]
INFO: [ app_begin ] --START--
INFO: Run Behavior\ReadHtmlCacheBehavior [ RunTime:0.001000s ]
INFO: [ app_begin ] --END-- [ RunTime:0.001000s ]
SQL: SHOW COLUMNS FROM `borrow_repayment` [ RunTime:0.0050s ]
NOTIC: [8] Undefined index: p D:\phpservice\WWW\test\borrow\App\Home\Controller\RepaymentController.class.php 第 28 行.
SQL: SHOW COLUMNS FROM `borrow_repayment` [ RunTime:0.0010s ]
NOTIC: [8] Undefined index: limit D:\phpservice\WWW\test\borrow\ThinkPHP\Library\Think\Db\Driver.class.php 第 950 行.
SQL: SELECT r.*,u.name,u.id as uid FROM `borrow_repayment` `r`,`borrow` `b`,`user` `u` WHERE ( r.borrow_uid = u.id AND r.borrow_id = b.id ) ORDER BY id LIMIT 0,20   [ RunTime:0.0010s ]
SQL: SELECT COUNT(*) AS tp_count FROM `borrow_repayment` LIMIT 1   [ RunTime:0.0010s ]
INFO: [ view_parse ] --START--
NOTIC: [8] Undefined offset: 1 D:\phpservice\WWW\test\borrow\ThinkPHP\Library\Think\Template.class.php 第 527 行.
INFO: [ template_filter ] --START--
INFO: Run Behavior\ContentReplaceBehavior [ RunTime:0.000000s ]
INFO: [ template_filter ] --END-- [ RunTime:0.001000s ]

[ 2016-03-22T16:21:41+08:00 ] 127.0.0.1 /borrow/index.php/Home/Repayment
INFO: [ app_init ] --START--
INFO: Run Behavior\BuildLiteBehavior [ RunTime:0.000000s ]
INFO: [ app_init ] --END-- [ RunTime:0.000000s ]
INFO: [ app_begin ] --START--
INFO: Run Behavior\ReadHtmlCacheBehavior [ RunTime:0.001000s ]
INFO: [ app_begin ] --END-- [ RunTime:0.001000s ]
SQL: SHOW COLUMNS FROM `borrow_repayment` [ RunTime:0.0010s ]
NOTIC: [8] Undefined index: p D:\phpservice\WWW\test\borrow\App\Home\Controller\RepaymentController.class.php 第 28 行.
SQL: SHOW COLUMNS FROM `borrow_repayment` [ RunTime:0.0070s ]
NOTIC: [8] Undefined index: limit D:\phpservice\WWW\test\borrow\ThinkPHP\Library\Think\Db\Driver.class.php 第 950 行.
SQL: SELECT r.*,u.name,u.id as uid FROM `borrow_repayment` `r`,`borrow` `b`,`user` `u` WHERE ( r.borrow_uid = u.id AND r.borrow_id = b.id ) ORDER BY id LIMIT 0,20   [ RunTime:0.0010s ]
SQL: SELECT COUNT(*) AS tp_count FROM `borrow_repayment` LIMIT 1   [ RunTime:0.0000s ]
INFO: [ view_parse ] --START--
NOTIC: [8] Undefined offset: 1 D:\phpservice\WWW\test\borrow\ThinkPHP\Library\Think\Template.class.php 第 527 行.
INFO: [ template_filter ] --START--
INFO: Run Behavior\ContentReplaceBehavior [ RunTime:0.000000s ]
INFO: [ template_filter ] --END-- [ RunTime:0.001001s ]

[ 2016-03-22T16:21:42+08:00 ] 127.0.0.1 /borrow/index.php/Home/Repayment
INFO: [ app_init ] --START--
INFO: Run Behavior\BuildLiteBehavior [ RunTime:0.000000s ]
INFO: [ app_init ] --END-- [ RunTime:0.002000s ]
INFO: [ app_begin ] --START--
INFO: Run Behavior\ReadHtmlCacheBehavior [ RunTime:0.001000s ]
INFO: [ app_begin ] --END-- [ RunTime:0.002000s ]
SQL: SHOW COLUMNS FROM `borrow_repayment` [ RunTime:0.0040s ]
NOTIC: [8] Undefined index: p D:\phpservice\WWW\test\borrow\App\Home\Controller\RepaymentController.class.php 第 28 行.
SQL: SHOW COLUMNS FROM `borrow_repayment` [ RunTime:0.0030s ]
NOTIC: [8] Undefined index: limit D:\phpservice\WWW\test\borrow\ThinkPHP\Library\Think\Db\Driver.class.php 第 950 行.
SQL: SELECT r.*,u.name,u.id as uid FROM `borrow_repayment` `r`,`borrow` `b`,`user` `u` WHERE ( r.borrow_uid = u.id AND r.borrow_id = b.id ) ORDER BY id LIMIT 0,20   [ RunTime:0.0010s ]
SQL: SELECT COUNT(*) AS tp_count FROM `borrow_repayment` LIMIT 1   [ RunTime:0.0000s ]
INFO: [ view_parse ] --START--
NOTIC: [8] Undefined offset: 1 D:\phpservice\WWW\test\borrow\ThinkPHP\Library\Think\Template.class.php 第 527 行.
INFO: [ template_filter ] --START--
INFO: Run Behavior\ContentReplaceBehavior [ RunTime:0.001000s ]
INFO: [ template_filter ] --END-- [ RunTime:0.001000s ]

[ 2016-03-22T16:21:42+08:00 ] 127.0.0.1 /borrow/index.php/Home/Repayment
INFO: [ app_init ] --START--
INFO: Run Behavior\BuildLiteBehavior [ RunTime:0.000000s ]
INFO: [ app_init ] --END-- [ RunTime:0.002000s ]
INFO: [ app_begin ] --START--
INFO: Run Behavior\ReadHtmlCacheBehavior [ RunTime:0.001000s ]
INFO: [ app_begin ] --END-- [ RunTime:0.002000s ]
SQL: SHOW COLUMNS FROM `borrow_repayment` [ RunTime:0.0030s ]
NOTIC: [8] Undefined index: p D:\phpservice\WWW\test\borrow\App\Home\Controller\RepaymentController.class.php 第 28 行.
SQL: SHOW COLUMNS FROM `borrow_repayment` [ RunTime:0.0020s ]
NOTIC: [8] Undefined index: limit D:\phpservice\WWW\test\borrow\ThinkPHP\Library\Think\Db\Driver.class.php 第 950 行.
SQL: SELECT r.*,u.name,u.id as uid FROM `borrow_repayment` `r`,`borrow` `b`,`user` `u` WHERE ( r.borrow_uid = u.id AND r.borrow_id = b.id ) ORDER BY id LIMIT 0,20   [ RunTime:0.0010s ]
SQL: SELECT COUNT(*) AS tp_count FROM `borrow_repayment` LIMIT 1   [ RunTime:0.0000s ]
INFO: [ view_parse ] --START--
NOTIC: [8] Undefined offset: 1 D:\phpservice\WWW\test\borrow\ThinkPHP\Library\Think\Template.class.php 第 527 行.
INFO: [ template_filter ] --START--
INFO: Run Behavior\ContentReplaceBehavior [ RunTime:0.000000s ]
INFO: [ template_filter ] --END-- [ RunTime:0.001001s ]

[ 2016-03-22T16:21:49+08:00 ] 127.0.0.1 /borrow/index.php/Home/Repayment
INFO: [ app_init ] --START--
INFO: Run Behavior\BuildLiteBehavior [ RunTime:0.000000s ]
INFO: [ app_init ] --END-- [ RunTime:0.002001s ]
INFO: [ app_begin ] --START--
INFO: Run Behavior\ReadHtmlCacheBehavior [ RunTime:0.001000s ]
INFO: [ app_begin ] --END-- [ RunTime:0.001000s ]
SQL: SHOW COLUMNS FROM `borrow_repayment` [ RunTime:0.0010s ]
NOTIC: [8] Undefined index: p D:\phpservice\WWW\test\borrow\App\Home\Controller\RepaymentController.class.php 第 28 行.
SQL: SHOW COLUMNS FROM `borrow_repayment` [ RunTime:0.0020s ]
NOTIC: [8] Undefined index: limit D:\phpservice\WWW\test\borrow\ThinkPHP\Library\Think\Db\Driver.class.php 第 950 行.
SQL: SELECT r.*,u.name,u.id as uid FROM `borrow_repayment` `r`,`borrow` `b`,`user` `u` WHERE ( r.borrow_uid = u.id AND r.borrow_id = b.id ) ORDER BY id LIMIT 0,20   [ RunTime:0.0010s ]
SQL: SELECT COUNT(*) AS tp_count FROM `borrow_repayment` LIMIT 1   [ RunTime:0.0000s ]
INFO: [ view_parse ] --START--
NOTIC: [8] Undefined offset: 1 D:\phpservice\WWW\test\borrow\ThinkPHP\Library\Think\Template.class.php 第 527 行.
INFO: [ template_filter ] --START--
INFO: Run Behavior\ContentReplaceBehavior [ RunTime:0.001001s ]
INFO: [ template_filter ] --END-- [ RunTime:0.001001s ]

[ 2016-03-22T16:21:51+08:00 ] 127.0.0.1 /borrow/index.php/Home/Repayment
INFO: [ app_init ] --START--
INFO: Run Behavior\BuildLiteBehavior [ RunTime:0.000000s ]
INFO: [ app_init ] --END-- [ RunTime:0.001000s ]
INFO: [ app_begin ] --START--
INFO: Run Behavior\ReadHtmlCacheBehavior [ RunTime:0.001000s ]
INFO: [ app_begin ] --END-- [ RunTime:0.002000s ]
SQL: SHOW COLUMNS FROM `borrow_repayment` [ RunTime:0.0010s ]
NOTIC: [8] Undefined index: p D:\phpservice\WWW\test\borrow\App\Home\Controller\RepaymentController.class.php 第 28 行.
SQL: SHOW COLUMNS FROM `borrow_repayment` [ RunTime:0.0040s ]
NOTIC: [8] Undefined index: limit D:\phpservice\WWW\test\borrow\ThinkPHP\Library\Think\Db\Driver.class.php 第 950 行.
SQL: SELECT r.*,u.name,u.id as uid FROM `borrow_repayment` `r`,`borrow` `b`,`user` `u` WHERE ( r.borrow_uid = u.id AND r.borrow_id = b.id ) ORDER BY id LIMIT 0,20   [ RunTime:0.0010s ]
SQL: SELECT COUNT(*) AS tp_count FROM `borrow_repayment` LIMIT 1   [ RunTime:0.0000s ]
INFO: [ view_parse ] --START--
NOTIC: [8] Undefined offset: 1 D:\phpservice\WWW\test\borrow\ThinkPHP\Library\Think\Template.class.php 第 527 行.
INFO: [ template_filter ] --START--
INFO: Run Behavior\ContentReplaceBehavior [ RunTime:0.000000s ]
INFO: [ template_filter ] --END-- [ RunTime:0.001000s ]

[ 2016-03-22T16:23:07+08:00 ] 127.0.0.1 /borrow/index.php/Home/Repayment
INFO: [ app_init ] --START--
INFO: Run Behavior\BuildLiteBehavior [ RunTime:0.001000s ]
INFO: [ app_init ] --END-- [ RunTime:0.001000s ]
INFO: [ app_begin ] --START--
INFO: Run Behavior\ReadHtmlCacheBehavior [ RunTime:0.001000s ]
INFO: [ app_begin ] --END-- [ RunTime:0.001000s ]
SQL: SHOW COLUMNS FROM `borrow_repayment` [ RunTime:0.0010s ]
NOTIC: [8] Undefined index: p D:\phpservice\WWW\test\borrow\App\Home\Controller\RepaymentController.class.php 第 28 行.
SQL: SHOW COLUMNS FROM `borrow_repayment` [ RunTime:0.0010s ]
NOTIC: [8] Undefined index: limit D:\phpservice\WWW\test\borrow\ThinkPHP\Library\Think\Db\Driver.class.php 第 950 行.
SQL: SELECT r.*,u.name,u.id as uid FROM `borrow_repayment` `r`,`borrow` `b`,`user` `u` WHERE ( r.borrow_uid = u.id AND r.borrow_id = b.id ) ORDER BY id LIMIT 0,20   [ RunTime:0.0010s ]
SQL: SELECT COUNT(*) AS tp_count FROM `borrow_repayment` LIMIT 1   [ RunTime:0.0000s ]
INFO: [ view_parse ] --START--
NOTIC: [8] Undefined offset: 1 D:\phpservice\WWW\test\borrow\ThinkPHP\Library\Think\Template.class.php 第 527 行.
INFO: [ template_filter ] --START--
INFO: Run Behavior\ContentReplaceBehavior [ RunTime:0.001000s ]
INFO: [ template_filter ] --END-- [ RunTime:0.001000s ]

[ 2016-03-22T16:23:13+08:00 ] 127.0.0.1 /borrow/index.php/Home/Repayment
INFO: [ app_init ] --START--
INFO: Run Behavior\BuildLiteBehavior [ RunTime:0.000000s ]
INFO: [ app_init ] --END-- [ RunTime:0.003000s ]
INFO: [ app_begin ] --START--
INFO: Run Behavior\ReadHtmlCacheBehavior [ RunTime:0.001000s ]
INFO: [ app_begin ] --END-- [ RunTime:0.004000s ]
SQL: SHOW COLUMNS FROM `borrow_repayment` [ RunTime:0.0010s ]
NOTIC: [8] Undefined index: p D:\phpservice\WWW\test\borrow\App\Home\Controller\RepaymentController.class.php 第 28 行.
SQL: SHOW COLUMNS FROM `borrow_repayment` [ RunTime:0.0040s ]
NOTIC: [8] Undefined index: limit D:\phpservice\WWW\test\borrow\ThinkPHP\Library\Think\Db\Driver.class.php 第 950 行.
SQL: SELECT r.*,u.name,u.id as uid FROM `borrow_repayment` `r`,`borrow` `b`,`user` `u` WHERE ( r.borrow_uid = u.id AND r.borrow_id = b.id ) ORDER BY id LIMIT 0,20   [ RunTime:0.0010s ]
SQL: SELECT COUNT(*) AS tp_count FROM `borrow_repayment` LIMIT 1   [ RunTime:0.0000s ]
INFO: [ view_parse ] --START--
NOTIC: [8] Undefined offset: 1 D:\phpservice\WWW\test\borrow\ThinkPHP\Library\Think\Template.class.php 第 527 行.
INFO: [ template_filter ] --START--
INFO: Run Behavior\ContentReplaceBehavior [ RunTime:0.000000s ]
INFO: [ template_filter ] --END-- [ RunTime:0.001000s ]

[ 2016-03-22T16:24:06+08:00 ] 127.0.0.1 /borrow/index.php/Home/Repayment
INFO: [ app_init ] --START--
INFO: Run Behavior\BuildLiteBehavior [ RunTime:0.000000s ]
INFO: [ app_init ] --END-- [ RunTime:0.001000s ]
INFO: [ app_begin ] --START--
INFO: Run Behavior\ReadHtmlCacheBehavior [ RunTime:0.001000s ]
INFO: [ app_begin ] --END-- [ RunTime:0.002000s ]
SQL: SHOW COLUMNS FROM `borrow_repayment` [ RunTime:0.0010s ]
NOTIC: [8] Undefined index: p D:\phpservice\WWW\test\borrow\App\Home\Controller\RepaymentController.class.php 第 28 行.
SQL: SHOW COLUMNS FROM `borrow_repayment` [ RunTime:0.0010s ]
NOTIC: [8] Undefined index: limit D:\phpservice\WWW\test\borrow\ThinkPHP\Library\Think\Db\Driver.class.php 第 950 行.
SQL: SELECT r.*,u.name,u.id as uid FROM `borrow_repayment` `r`,`borrow` `b`,`user` `u` WHERE ( r.borrow_uid = u.id AND r.borrow_id = b.id ) ORDER BY id LIMIT 0,20   [ RunTime:0.0030s ]
SQL: SELECT COUNT(*) AS tp_count FROM `borrow_repayment` LIMIT 1   [ RunTime:0.0000s ]
INFO: [ view_parse ] --START--
INFO: [ template_filter ] --START--
INFO: Run Behavior\ContentReplaceBehavior [ RunTime:0.000000s ]
INFO: [ template_filter ] --END-- [ RunTime:0.001000s ]
NOTIC: [8] Undefined variable: SiteInfo D:\phpservice\WWW\test\borrow\App\Runtime\Cache\Home\b36cdc64ead7ff2a40c5f4a61d19304c.php 第 10 行.
NOTIC: [8] Undefined variable: SiteInfo D:\phpservice\WWW\test\borrow\App\Runtime\Cache\Home\b36cdc64ead7ff2a40c5f4a61d19304c.php 第 11 行.
INFO: Run Behavior\ParseTemplateBehavior [ RunTime:0.036002s ]
INFO: [ view_parse ] --END-- [ RunTime:0.036002s ]
INFO: [ view_filter ] --START--
INFO: Run Behavior\WriteHtmlCacheBehavior [ RunTime:0.000000s ]
INFO: [ view_filter ] --END-- [ RunTime:0.002000s ]
INFO: [ app_end ] --START--
INFO: Run Behavior\ShowPageTraceBehavior [ RunTime:0.001000s ]
INFO: [ app_end ] --END-- [ RunTime:0.001000s ]

[ 2016-03-22T16:24:27+08:00 ] 127.0.0.1 /borrow/index.php/Home/Repayment
INFO: [ app_init ] --START--
INFO: Run Behavior\BuildLiteBehavior [ RunTime:0.000000s ]
INFO: [ app_init ] --END-- [ RunTime:0.001000s ]
INFO: [ app_begin ] --START--
INFO: Run Behavior\ReadHtmlCacheBehavior [ RunTime:0.001000s ]
INFO: [ app_begin ] --END-- [ RunTime:0.002000s ]
SQL: SHOW COLUMNS FROM `borrow_repayment` [ RunTime:0.0020s ]
NOTIC: [8] Undefined index: p D:\phpservice\WWW\test\borrow\App\Home\Controller\RepaymentController.class.php 第 28 行.
SQL: SHOW COLUMNS FROM `borrow_repayment` [ RunTime:0.0060s ]
NOTIC: [8] Undefined index: limit D:\phpservice\WWW\test\borrow\ThinkPHP\Library\Think\Db\Driver.class.php 第 950 行.
SQL: SELECT r.*,u.name,u.id as uid FROM `borrow_repayment` `r`,`borrow` `b`,`user` `u` WHERE ( r.borrow_uid = u.id AND r.borrow_id = b.id ) ORDER BY id LIMIT 0,20   [ RunTime:0.0010s ]
SQL: SELECT COUNT(*) AS tp_count FROM `borrow_repayment` LIMIT 1   [ RunTime:0.0000s ]
INFO: [ view_parse ] --START--
NOTIC: [8] Undefined offset: 1 D:\phpservice\WWW\test\borrow\ThinkPHP\Library\Think\Template.class.php 第 527 行.
INFO: [ template_filter ] --START--
INFO: Run Behavior\ContentReplaceBehavior [ RunTime:0.000000s ]
INFO: [ template_filter ] --END-- [ RunTime:0.001000s ]

[ 2016-03-22T16:26:10+08:00 ] 127.0.0.1 /borrow/index.php/Home/Repayment
INFO: [ app_init ] --START--
INFO: Run Behavior\BuildLiteBehavior [ RunTime:0.000000s ]
INFO: [ app_init ] --END-- [ RunTime:0.002000s ]
INFO: [ app_begin ] --START--
INFO: Run Behavior\ReadHtmlCacheBehavior [ RunTime:0.003000s ]
INFO: [ app_begin ] --END-- [ RunTime:0.003000s ]
SQL: SHOW COLUMNS FROM `borrow_repayment` [ RunTime:0.0020s ]
NOTIC: [8] Undefined index: p D:\phpservice\WWW\test\borrow\App\Home\Controller\RepaymentController.class.php 第 28 行.
SQL: SHOW COLUMNS FROM `borrow_repayment` [ RunTime:0.0040s ]
NOTIC: [8] Undefined index: limit D:\phpservice\WWW\test\borrow\ThinkPHP\Library\Think\Db\Driver.class.php 第 950 行.
SQL: SELECT r.*,u.name,u.id as uid FROM `borrow_repayment` `r`,`borrow` `b`,`user` `u` WHERE ( r.borrow_uid = u.id AND r.borrow_id = b.id ) ORDER BY id LIMIT 0,20   [ RunTime:0.0010s ]
SQL: SELECT COUNT(*) AS tp_count FROM `borrow_repayment` LIMIT 1   [ RunTime:0.0010s ]
INFO: [ view_parse ] --START--
INFO: [ template_filter ] --START--
INFO: Run Behavior\ContentReplaceBehavior [ RunTime:0.001000s ]
INFO: [ template_filter ] --END-- [ RunTime:0.001000s ]
NOTIC: [8] Undefined variable: SiteInfo D:\phpservice\WWW\test\borrow\App\Runtime\Cache\Home\b36cdc64ead7ff2a40c5f4a61d19304c.php 第 10 行.
NOTIC: [8] Undefined variable: SiteInfo D:\phpservice\WWW\test\borrow\App\Runtime\Cache\Home\b36cdc64ead7ff2a40c5f4a61d19304c.php 第 11 行.
NOTIC: [8] Use of undefined constant start - assumed 'start' D:\phpservice\WWW\test\borrow\App\Runtime\Cache\Home\b36cdc64ead7ff2a40c5f4a61d19304c.php 第 202 行.
NOTIC: [8] Use of undefined constant start - assumed 'start' D:\phpservice\WWW\test\borrow\App\Runtime\Cache\Home\b36cdc64ead7ff2a40c5f4a61d19304c.php 第 202 行.
NOTIC: [8] Use of undefined constant start - assumed 'start' D:\phpservice\WWW\test\borrow\App\Runtime\Cache\Home\b36cdc64ead7ff2a40c5f4a61d19304c.php 第 202 行.
NOTIC: [8] Use of undefined constant start - assumed 'start' D:\phpservice\WWW\test\borrow\App\Runtime\Cache\Home\b36cdc64ead7ff2a40c5f4a61d19304c.php 第 202 行.
NOTIC: [8] Use of undefined constant start - assumed 'start' D:\phpservice\WWW\test\borrow\App\Runtime\Cache\Home\b36cdc64ead7ff2a40c5f4a61d19304c.php 第 202 行.
NOTIC: [8] Use of undefined constant start - assumed 'start' D:\phpservice\WWW\test\borrow\App\Runtime\Cache\Home\b36cdc64ead7ff2a40c5f4a61d19304c.php 第 202 行.
NOTIC: [8] Use of undefined constant start - assumed 'start' D:\phpservice\WWW\test\borrow\App\Runtime\Cache\Home\b36cdc64ead7ff2a40c5f4a61d19304c.php 第 202 行.
NOTIC: [8] Use of undefined constant start - assumed 'start' D:\phpservice\WWW\test\borrow\App\Runtime\Cache\Home\b36cdc64ead7ff2a40c5f4a61d19304c.php 第 202 行.
NOTIC: [8] Use of undefined constant start - assumed 'start' D:\phpservice\WWW\test\borrow\App\Runtime\Cache\Home\b36cdc64ead7ff2a40c5f4a61d19304c.php 第 202 行.
NOTIC: [8] Use of undefined constant start - assumed 'start' D:\phpservice\WWW\test\borrow\App\Runtime\Cache\Home\b36cdc64ead7ff2a40c5f4a61d19304c.php 第 202 行.
NOTIC: [8] Use of undefined constant start - assumed 'start' D:\phpservice\WWW\test\borrow\App\Runtime\Cache\Home\b36cdc64ead7ff2a40c5f4a61d19304c.php 第 202 行.
NOTIC: [8] Use of undefined constant start - assumed 'start' D:\phpservice\WWW\test\borrow\App\Runtime\Cache\Home\b36cdc64ead7ff2a40c5f4a61d19304c.php 第 202 行.
NOTIC: [8] Use of undefined constant start - assumed 'start' D:\phpservice\WWW\test\borrow\App\Runtime\Cache\Home\b36cdc64ead7ff2a40c5f4a61d19304c.php 第 202 行.
NOTIC: [8] Use of undefined constant start - assumed 'start' D:\phpservice\WWW\test\borrow\App\Runtime\Cache\Home\b36cdc64ead7ff2a40c5f4a61d19304c.php 第 202 行.
NOTIC: [8] Use of undefined constant start - assumed 'start' D:\phpservice\WWW\test\borrow\App\Runtime\Cache\Home\b36cdc64ead7ff2a40c5f4a61d19304c.php 第 202 行.
NOTIC: [8] Use of undefined constant start - assumed 'start' D:\phpservice\WWW\test\borrow\App\Runtime\Cache\Home\b36cdc64ead7ff2a40c5f4a61d19304c.php 第 202 行.
NOTIC: [8] Use of undefined constant start - assumed 'start' D:\phpservice\WWW\test\borrow\App\Runtime\Cache\Home\b36cdc64ead7ff2a40c5f4a61d19304c.php 第 202 行.
NOTIC: [8] Use of undefined constant start - assumed 'start' D:\phpservice\WWW\test\borrow\App\Runtime\Cache\Home\b36cdc64ead7ff2a40c5f4a61d19304c.php 第 202 行.
NOTIC: [8] Use of undefined constant start - assumed 'start' D:\phpservice\WWW\test\borrow\App\Runtime\Cache\Home\b36cdc64ead7ff2a40c5f4a61d19304c.php 第 202 行.
NOTIC: [8] Use of undefined constant start - assumed 'start' D:\phpservice\WWW\test\borrow\App\Runtime\Cache\Home\b36cdc64ead7ff2a40c5f4a61d19304c.php 第 202 行.
INFO: Run Behavior\ParseTemplateBehavior [ RunTime:0.043002s ]
INFO: [ view_parse ] --END-- [ RunTime:0.043002s ]
INFO: [ view_filter ] --START--
INFO: Run Behavior\WriteHtmlCacheBehavior [ RunTime:0.001000s ]
INFO: [ view_filter ] --END-- [ RunTime:0.001000s ]
INFO: [ app_end ] --START--
INFO: Run Behavior\ShowPageTraceBehavior [ RunTime:0.001000s ]
INFO: [ app_end ] --END-- [ RunTime:0.002000s ]

[ 2016-03-22T16:27:11+08:00 ] 127.0.0.1 /borrow/index.php/Home/Repayment
INFO: [ app_init ] --START--
INFO: Run Behavior\BuildLiteBehavior [ RunTime:0.000000s ]
INFO: [ app_init ] --END-- [ RunTime:0.001000s ]
INFO: [ app_begin ] --START--
INFO: Run Behavior\ReadHtmlCacheBehavior [ RunTime:0.001001s ]
INFO: [ app_begin ] --END-- [ RunTime:0.002001s ]
SQL: SHOW COLUMNS FROM `borrow_repayment` [ RunTime:0.0030s ]
NOTIC: [8] Undefined index: p D:\phpservice\WWW\test\borrow\App\Home\Controller\RepaymentController.class.php 第 28 行.
SQL: SHOW COLUMNS FROM `borrow_repayment` [ RunTime:0.0020s ]
NOTIC: [8] Undefined index: limit D:\phpservice\WWW\test\borrow\ThinkPHP\Library\Think\Db\Driver.class.php 第 950 行.
SQL: SELECT r.*,u.name,u.id as uid FROM `borrow_repayment` `r`,`borrow` `b`,`user` `u` WHERE ( r.borrow_uid = u.id AND r.borrow_id = b.id ) ORDER BY id LIMIT 0,20   [ RunTime:0.0000s ]
SQL: SELECT COUNT(*) AS tp_count FROM `borrow_repayment` LIMIT 1   [ RunTime:0.0000s ]
INFO: [ view_parse ] --START--
INFO: [ template_filter ] --START--
INFO: Run Behavior\ContentReplaceBehavior [ RunTime:0.000000s ]
INFO: [ template_filter ] --END-- [ RunTime:0.002000s ]

[ 2016-03-22T16:27:21+08:00 ] 127.0.0.1 /borrow/index.php/Home/Repayment
INFO: [ app_init ] --START--
INFO: Run Behavior\BuildLiteBehavior [ RunTime:0.000000s ]
INFO: [ app_init ] --END-- [ RunTime:0.001000s ]
INFO: [ app_begin ] --START--
INFO: Run Behavior\ReadHtmlCacheBehavior [ RunTime:0.000000s ]
INFO: [ app_begin ] --END-- [ RunTime:0.002000s ]
SQL: SHOW COLUMNS FROM `borrow_repayment` [ RunTime:0.0010s ]
NOTIC: [8] Undefined index: p D:\phpservice\WWW\test\borrow\App\Home\Controller\RepaymentController.class.php 第 28 行.
SQL: SHOW COLUMNS FROM `borrow_repayment` [ RunTime:0.0050s ]
NOTIC: [8] Undefined index: limit D:\phpservice\WWW\test\borrow\ThinkPHP\Library\Think\Db\Driver.class.php 第 950 行.
SQL: SELECT r.*,u.name,u.id as uid FROM `borrow_repayment` `r`,`borrow` `b`,`user` `u` WHERE ( r.borrow_uid = u.id AND r.borrow_id = b.id ) ORDER BY id LIMIT 0,20   [ RunTime:0.0010s ]
SQL: SELECT COUNT(*) AS tp_count FROM `borrow_repayment` LIMIT 1   [ RunTime:0.0000s ]
INFO: [ view_parse ] --START--
INFO: [ template_filter ] --START--
INFO: Run Behavior\ContentReplaceBehavior [ RunTime:0.000000s ]
INFO: [ template_filter ] --END-- [ RunTime:0.001000s ]

[ 2016-03-22T16:27:54+08:00 ] 127.0.0.1 /borrow/index.php/Home/Repayment
INFO: [ app_init ] --START--
INFO: Run Behavior\BuildLiteBehavior [ RunTime:0.000000s ]
INFO: [ app_init ] --END-- [ RunTime:0.001000s ]
INFO: [ app_begin ] --START--
INFO: Run Behavior\ReadHtmlCacheBehavior [ RunTime:0.001000s ]
INFO: [ app_begin ] --END-- [ RunTime:0.002000s ]
SQL: SHOW COLUMNS FROM `borrow_repayment` [ RunTime:0.0010s ]
NOTIC: [8] Undefined index: p D:\phpservice\WWW\test\borrow\App\Home\Controller\RepaymentController.class.php 第 28 行.
SQL: SHOW COLUMNS FROM `borrow_repayment` [ RunTime:0.0060s ]
NOTIC: [8] Undefined index: limit D:\phpservice\WWW\test\borrow\ThinkPHP\Library\Think\Db\Driver.class.php 第 950 行.
SQL: SELECT r.*,u.name,u.id as uid FROM `borrow_repayment` `r`,`borrow` `b`,`user` `u` WHERE ( r.borrow_uid = u.id AND r.borrow_id = b.id ) ORDER BY id LIMIT 0,20   [ RunTime:0.0010s ]
SQL: SELECT COUNT(*) AS tp_count FROM `borrow_repayment` LIMIT 1   [ RunTime:0.0000s ]
INFO: [ view_parse ] --START--
INFO: [ template_filter ] --START--
INFO: Run Behavior\ContentReplaceBehavior [ RunTime:0.000000s ]
INFO: [ template_filter ] --END-- [ RunTime:0.001000s ]

[ 2016-03-22T16:29:33+08:00 ] 127.0.0.1 /borrow/index.php/Home/Repayment
INFO: [ app_init ] --START--
INFO: Run Behavior\BuildLiteBehavior [ RunTime:0.001000s ]
INFO: [ app_init ] --END-- [ RunTime:0.002000s ]
INFO: [ app_begin ] --START--
INFO: Run Behavior\ReadHtmlCacheBehavior [ RunTime:0.005001s ]
INFO: [ app_begin ] --END-- [ RunTime:0.006001s ]
SQL: SHOW COLUMNS FROM `borrow_repayment` [ RunTime:0.0020s ]
NOTIC: [8] Undefined index: p D:\phpservice\WWW\test\borrow\App\Home\Controller\RepaymentController.class.php 第 28 行.
SQL: SHOW COLUMNS FROM `borrow_repayment` [ RunTime:0.0070s ]
NOTIC: [8] Undefined index: limit D:\phpservice\WWW\test\borrow\ThinkPHP\Library\Think\Db\Driver.class.php 第 950 行.
SQL: SELECT r.*,u.name,u.id as uid FROM `borrow_repayment` `r`,`borrow` `b`,`user` `u` WHERE ( r.borrow_uid = u.id AND r.borrow_id = b.id ) ORDER BY id LIMIT 0,20   [ RunTime:0.0010s ]
SQL: SELECT COUNT(*) AS tp_count FROM `borrow_repayment` LIMIT 1   [ RunTime:0.0010s ]
INFO: [ view_parse ] --START--
INFO: [ template_filter ] --START--
INFO: Run Behavior\ContentReplaceBehavior [ RunTime:0.000000s ]
INFO: [ template_filter ] --END-- [ RunTime:0.002000s ]

[ 2016-03-22T16:29:34+08:00 ] 127.0.0.1 /borrow/index.php/Home/Repayment
INFO: [ app_init ] --START--
INFO: Run Behavior\BuildLiteBehavior [ RunTime:0.000000s ]
INFO: [ app_init ] --END-- [ RunTime:0.002000s ]
INFO: [ app_begin ] --START--
INFO: Run Behavior\ReadHtmlCacheBehavior [ RunTime:0.001000s ]
INFO: [ app_begin ] --END-- [ RunTime:0.002000s ]
SQL: SHOW COLUMNS FROM `borrow_repayment` [ RunTime:0.0020s ]
NOTIC: [8] Undefined index: p D:\phpservice\WWW\test\borrow\App\Home\Controller\RepaymentController.class.php 第 28 行.
SQL: SHOW COLUMNS FROM `borrow_repayment` [ RunTime:0.0040s ]
NOTIC: [8] Undefined index: limit D:\phpservice\WWW\test\borrow\ThinkPHP\Library\Think\Db\Driver.class.php 第 950 行.
SQL: SELECT r.*,u.name,u.id as uid FROM `borrow_repayment` `r`,`borrow` `b`,`user` `u` WHERE ( r.borrow_uid = u.id AND r.borrow_id = b.id ) ORDER BY id LIMIT 0,20   [ RunTime:0.0010s ]
SQL: SELECT COUNT(*) AS tp_count FROM `borrow_repayment` LIMIT 1   [ RunTime:0.0010s ]
INFO: [ view_parse ] --START--
INFO: [ template_filter ] --START--
INFO: Run Behavior\ContentReplaceBehavior [ RunTime:0.000000s ]
INFO: [ template_filter ] --END-- [ RunTime:0.002000s ]

[ 2016-03-22T16:29:35+08:00 ] 127.0.0.1 /borrow/index.php/Home/Repayment
INFO: [ app_init ] --START--
INFO: Run Behavior\BuildLiteBehavior [ RunTime:0.000000s ]
INFO: [ app_init ] --END-- [ RunTime:0.001000s ]
INFO: [ app_begin ] --START--
INFO: Run Behavior\ReadHtmlCacheBehavior [ RunTime:0.002000s ]
INFO: [ app_begin ] --END-- [ RunTime:0.003000s ]
SQL: SHOW COLUMNS FROM `borrow_repayment` [ RunTime:0.0010s ]
NOTIC: [8] Undefined index: p D:\phpservice\WWW\test\borrow\App\Home\Controller\RepaymentController.class.php 第 28 行.
SQL: SHOW COLUMNS FROM `borrow_repayment` [ RunTime:0.0010s ]
NOTIC: [8] Undefined index: limit D:\phpservice\WWW\test\borrow\ThinkPHP\Library\Think\Db\Driver.class.php 第 950 行.
SQL: SELECT r.*,u.name,u.id as uid FROM `borrow_repayment` `r`,`borrow` `b`,`user` `u` WHERE ( r.borrow_uid = u.id AND r.borrow_id = b.id ) ORDER BY id LIMIT 0,20   [ RunTime:0.0010s ]
SQL: SELECT COUNT(*) AS tp_count FROM `borrow_repayment` LIMIT 1   [ RunTime:0.0000s ]
INFO: [ view_parse ] --START--
INFO: [ template_filter ] --START--
INFO: Run Behavior\ContentReplaceBehavior [ RunTime:0.001000s ]
INFO: [ template_filter ] --END-- [ RunTime:0.001000s ]

[ 2016-03-22T16:30:02+08:00 ] 127.0.0.1 /borrow/index.php/Home/Repayment
INFO: [ app_init ] --START--
INFO: Run Behavior\BuildLiteBehavior [ RunTime:0.000000s ]
INFO: [ app_init ] --END-- [ RunTime:0.001000s ]
INFO: [ app_begin ] --START--
INFO: Run Behavior\ReadHtmlCacheBehavior [ RunTime:0.001000s ]
INFO: [ app_begin ] --END-- [ RunTime:0.001000s ]
SQL: SHOW COLUMNS FROM `borrow_repayment` [ RunTime:0.0060s ]
NOTIC: [8] Undefined index: p D:\phpservice\WWW\test\borrow\App\Home\Controller\RepaymentController.class.php 第 28 行.
SQL: SHOW COLUMNS FROM `borrow_repayment` [ RunTime:0.0020s ]
NOTIC: [8] Undefined index: limit D:\phpservice\WWW\test\borrow\ThinkPHP\Library\Think\Db\Driver.class.php 第 950 行.
SQL: SELECT r.*,u.name,u.id as uid FROM `borrow_repayment` `r`,`borrow` `b`,`user` `u` WHERE ( r.borrow_uid = u.id AND r.borrow_id = b.id ) ORDER BY id LIMIT 0,20   [ RunTime:0.0010s ]
SQL: SELECT COUNT(*) AS tp_count FROM `borrow_repayment` LIMIT 1   [ RunTime:0.0000s ]
INFO: [ view_parse ] --START--
INFO: [ template_filter ] --START--
INFO: Run Behavior\ContentReplaceBehavior [ RunTime:0.001000s ]
INFO: [ template_filter ] --END-- [ RunTime:0.002000s ]

[ 2016-03-22T16:30:03+08:00 ] 127.0.0.1 /borrow/index.php/Home/Repayment
INFO: [ app_init ] --START--
INFO: Run Behavior\BuildLiteBehavior [ RunTime:0.001001s ]
INFO: [ app_init ] --END-- [ RunTime:0.001001s ]
INFO: [ app_begin ] --START--
INFO: Run Behavior\ReadHtmlCacheBehavior [ RunTime:0.001000s ]
INFO: [ app_begin ] --END-- [ RunTime:0.001000s ]
SQL: SHOW COLUMNS FROM `borrow_repayment` [ RunTime:0.0040s ]
NOTIC: [8] Undefined index: p D:\phpservice\WWW\test\borrow\App\Home\Controller\RepaymentController.class.php 第 28 行.
SQL: SHOW COLUMNS FROM `borrow_repayment` [ RunTime:0.0030s ]
NOTIC: [8] Undefined index: limit D:\phpservice\WWW\test\borrow\ThinkPHP\Library\Think\Db\Driver.class.php 第 950 行.
SQL: SELECT r.*,u.name,u.id as uid FROM `borrow_repayment` `r`,`borrow` `b`,`user` `u` WHERE ( r.borrow_uid = u.id AND r.borrow_id = b.id ) ORDER BY id LIMIT 0,20   [ RunTime:0.0010s ]
SQL: SELECT COUNT(*) AS tp_count FROM `borrow_repayment` LIMIT 1   [ RunTime:0.0000s ]
INFO: [ view_parse ] --START--
INFO: [ template_filter ] --START--
INFO: Run Behavior\ContentReplaceBehavior [ RunTime:0.000000s ]
INFO: [ template_filter ] --END-- [ RunTime:0.001000s ]

[ 2016-03-22T16:30:04+08:00 ] 127.0.0.1 /borrow/index.php/Home/Repayment
INFO: [ app_init ] --START--
INFO: Run Behavior\BuildLiteBehavior [ RunTime:0.000000s ]
INFO: [ app_init ] --END-- [ RunTime:0.006000s ]
INFO: [ app_begin ] --START--
INFO: Run Behavior\ReadHtmlCacheBehavior [ RunTime:0.001000s ]
INFO: [ app_begin ] --END-- [ RunTime:0.001000s ]
SQL: SHOW COLUMNS FROM `borrow_repayment` [ RunTime:0.0020s ]
NOTIC: [8] Undefined index: p D:\phpservice\WWW\test\borrow\App\Home\Controller\RepaymentController.class.php 第 28 行.
SQL: SHOW COLUMNS FROM `borrow_repayment` [ RunTime:0.0020s ]
NOTIC: [8] Undefined index: limit D:\phpservice\WWW\test\borrow\ThinkPHP\Library\Think\Db\Driver.class.php 第 950 行.
SQL: SELECT r.*,u.name,u.id as uid FROM `borrow_repayment` `r`,`borrow` `b`,`user` `u` WHERE ( r.borrow_uid = u.id AND r.borrow_id = b.id ) ORDER BY id LIMIT 0,20   [ RunTime:0.0000s ]
SQL: SELECT COUNT(*) AS tp_count FROM `borrow_repayment` LIMIT 1   [ RunTime:0.0000s ]
INFO: [ view_parse ] --START--
INFO: [ template_filter ] --START--
INFO: Run Behavior\ContentReplaceBehavior [ RunTime:0.002000s ]
INFO: [ template_filter ] --END-- [ RunTime:0.004000s ]

[ 2016-03-22T16:30:04+08:00 ] 127.0.0.1 /borrow/index.php/Home/Repayment
INFO: [ app_init ] --START--
INFO: Run Behavior\BuildLiteBehavior [ RunTime:0.001001s ]
INFO: [ app_init ] --END-- [ RunTime:0.001001s ]
INFO: [ app_begin ] --START--
INFO: Run Behavior\ReadHtmlCacheBehavior [ RunTime:0.001000s ]
INFO: [ app_begin ] --END-- [ RunTime:0.003000s ]
SQL: SHOW COLUMNS FROM `borrow_repayment` [ RunTime:0.0020s ]
NOTIC: [8] Undefined index: p D:\phpservice\WWW\test\borrow\App\Home\Controller\RepaymentController.class.php 第 28 行.
SQL: SHOW COLUMNS FROM `borrow_repayment` [ RunTime:0.0020s ]
NOTIC: [8] Undefined index: limit D:\phpservice\WWW\test\borrow\ThinkPHP\Library\Think\Db\Driver.class.php 第 950 行.
SQL: SELECT r.*,u.name,u.id as uid FROM `borrow_repayment` `r`,`borrow` `b`,`user` `u` WHERE ( r.borrow_uid = u.id AND r.borrow_id = b.id ) ORDER BY id LIMIT 0,20   [ RunTime:0.0010s ]
SQL: SELECT COUNT(*) AS tp_count FROM `borrow_repayment` LIMIT 1   [ RunTime:0.0000s ]
INFO: [ view_parse ] --START--
INFO: [ template_filter ] --START--
INFO: Run Behavior\ContentReplaceBehavior [ RunTime:0.001000s ]
INFO: [ template_filter ] --END-- [ RunTime:0.003000s ]

[ 2016-03-22T16:30:05+08:00 ] 127.0.0.1 /borrow/index.php/Home/Repayment
INFO: [ app_init ] --START--
INFO: Run Behavior\BuildLiteBehavior [ RunTime:0.000000s ]
INFO: [ app_init ] --END-- [ RunTime:0.001000s ]
INFO: [ app_begin ] --START--
INFO: Run Behavior\ReadHtmlCacheBehavior [ RunTime:0.000000s ]
INFO: [ app_begin ] --END-- [ RunTime:0.002000s ]
SQL: SHOW COLUMNS FROM `borrow_repayment` [ RunTime:0.0020s ]
NOTIC: [8] Undefined index: p D:\phpservice\WWW\test\borrow\App\Home\Controller\RepaymentController.class.php 第 28 行.
SQL: SHOW COLUMNS FROM `borrow_repayment` [ RunTime:0.0040s ]
NOTIC: [8] Undefined index: limit D:\phpservice\WWW\test\borrow\ThinkPHP\Library\Think\Db\Driver.class.php 第 950 行.
SQL: SELECT r.*,u.name,u.id as uid FROM `borrow_repayment` `r`,`borrow` `b`,`user` `u` WHERE ( r.borrow_uid = u.id AND r.borrow_id = b.id ) ORDER BY id LIMIT 0,20   [ RunTime:0.0010s ]
SQL: SELECT COUNT(*) AS tp_count FROM `borrow_repayment` LIMIT 1   [ RunTime:0.0010s ]
INFO: [ view_parse ] --START--
INFO: [ template_filter ] --START--
INFO: Run Behavior\ContentReplaceBehavior [ RunTime:0.000000s ]
INFO: [ template_filter ] --END-- [ RunTime:0.001001s ]

[ 2016-03-22T16:30:10+08:00 ] 127.0.0.1 /borrow/index.php/Home/Repayment
INFO: [ app_init ] --START--
INFO: Run Behavior\BuildLiteBehavior [ RunTime:0.000000s ]
INFO: [ app_init ] --END-- [ RunTime:0.001000s ]
INFO: [ app_begin ] --START--
INFO: Run Behavior\ReadHtmlCacheBehavior [ RunTime:0.001000s ]
INFO: [ app_begin ] --END-- [ RunTime:0.002000s ]
SQL: SHOW COLUMNS FROM `borrow_repayment` [ RunTime:0.0020s ]
NOTIC: [8] Undefined index: p D:\phpservice\WWW\test\borrow\App\Home\Controller\RepaymentController.class.php 第 28 行.
SQL: SHOW COLUMNS FROM `borrow_repayment` [ RunTime:0.0030s ]
NOTIC: [8] Undefined index: limit D:\phpservice\WWW\test\borrow\ThinkPHP\Library\Think\Db\Driver.class.php 第 950 行.
SQL: SELECT r.*,u.name,u.id as uid FROM `borrow_repayment` `r`,`borrow` `b`,`user` `u` WHERE ( r.borrow_uid = u.id AND r.borrow_id = b.id ) ORDER BY id LIMIT 0,20   [ RunTime:0.0010s ]
SQL: SELECT COUNT(*) AS tp_count FROM `borrow_repayment` LIMIT 1   [ RunTime:0.0000s ]
INFO: [ view_parse ] --START--
INFO: [ template_filter ] --START--
INFO: Run Behavior\ContentReplaceBehavior [ RunTime:0.001001s ]
INFO: [ template_filter ] --END-- [ RunTime:0.001001s ]

[ 2016-03-22T16:30:40+08:00 ] 127.0.0.1 /borrow/index.php/Home/Repayment
INFO: [ app_init ] --START--
INFO: Run Behavior\BuildLiteBehavior [ RunTime:0.001001s ]
INFO: [ app_init ] --END-- [ RunTime:0.002001s ]
INFO: [ app_begin ] --START--
INFO: Run Behavior\ReadHtmlCacheBehavior [ RunTime:0.001000s ]
INFO: [ app_begin ] --END-- [ RunTime:0.003000s ]
SQL: SHOW COLUMNS FROM `borrow_repayment` [ RunTime:0.0030s ]
NOTIC: [8] Undefined index: p D:\phpservice\WWW\test\borrow\App\Home\Controller\RepaymentController.class.php 第 28 行.
SQL: SHOW COLUMNS FROM `borrow_repayment` [ RunTime:0.0010s ]
NOTIC: [8] Undefined index: limit D:\phpservice\WWW\test\borrow\ThinkPHP\Library\Think\Db\Driver.class.php 第 950 行.
SQL: SELECT r.*,u.name,u.id as uid FROM `borrow_repayment` `r`,`borrow` `b`,`user` `u` WHERE ( r.borrow_uid = u.id AND r.borrow_id = b.id ) ORDER BY id LIMIT 0,20   [ RunTime:0.0010s ]
SQL: SELECT COUNT(*) AS tp_count FROM `borrow_repayment` LIMIT 1   [ RunTime:0.0000s ]
INFO: [ view_parse ] --START--
INFO: [ template_filter ] --START--
INFO: Run Behavior\ContentReplaceBehavior [ RunTime:0.001000s ]
INFO: [ template_filter ] --END-- [ RunTime:0.001000s ]

[ 2016-03-22T16:30:41+08:00 ] 127.0.0.1 /borrow/index.php/Home/Repayment
INFO: [ app_init ] --START--
INFO: Run Behavior\BuildLiteBehavior [ RunTime:0.000000s ]
INFO: [ app_init ] --END-- [ RunTime:0.001000s ]
INFO: [ app_begin ] --START--
INFO: Run Behavior\ReadHtmlCacheBehavior [ RunTime:0.000000s ]
INFO: [ app_begin ] --END-- [ RunTime:0.002000s ]
SQL: SHOW COLUMNS FROM `borrow_repayment` [ RunTime:0.0020s ]
NOTIC: [8] Undefined index: p D:\phpservice\WWW\test\borrow\App\Home\Controller\RepaymentController.class.php 第 28 行.
SQL: SHOW COLUMNS FROM `borrow_repayment` [ RunTime:0.0030s ]
NOTIC: [8] Undefined index: limit D:\phpservice\WWW\test\borrow\ThinkPHP\Library\Think\Db\Driver.class.php 第 950 行.
SQL: SELECT r.*,u.name,u.id as uid FROM `borrow_repayment` `r`,`borrow` `b`,`user` `u` WHERE ( r.borrow_uid = u.id AND r.borrow_id = b.id ) ORDER BY id LIMIT 0,20   [ RunTime:0.0010s ]
SQL: SELECT COUNT(*) AS tp_count FROM `borrow_repayment` LIMIT 1   [ RunTime:0.0000s ]
INFO: [ view_parse ] --START--
INFO: [ template_filter ] --START--
INFO: Run Behavior\ContentReplaceBehavior [ RunTime:0.001000s ]
INFO: [ template_filter ] --END-- [ RunTime:0.001000s ]

[ 2016-03-22T16:30:41+08:00 ] 127.0.0.1 /borrow/index.php/Home/Repayment
INFO: [ app_init ] --START--
INFO: Run Behavior\BuildLiteBehavior [ RunTime:0.001000s ]
INFO: [ app_init ] --END-- [ RunTime:0.004001s ]
INFO: [ app_begin ] --START--
INFO: Run Behavior\ReadHtmlCacheBehavior [ RunTime:0.002000s ]
INFO: [ app_begin ] --END-- [ RunTime:0.003000s ]
SQL: SHOW COLUMNS FROM `borrow_repayment` [ RunTime:0.0030s ]
NOTIC: [8] Undefined index: p D:\phpservice\WWW\test\borrow\App\Home\Controller\RepaymentController.class.php 第 28 行.
SQL: SHOW COLUMNS FROM `borrow_repayment` [ RunTime:0.0020s ]
NOTIC: [8] Undefined index: limit D:\phpservice\WWW\test\borrow\ThinkPHP\Library\Think\Db\Driver.class.php 第 950 行.
SQL: SELECT r.*,u.name,u.id as uid FROM `borrow_repayment` `r`,`borrow` `b`,`user` `u` WHERE ( r.borrow_uid = u.id AND r.borrow_id = b.id ) ORDER BY id LIMIT 0,20   [ RunTime:0.0010s ]
SQL: SELECT COUNT(*) AS tp_count FROM `borrow_repayment` LIMIT 1   [ RunTime:0.0000s ]
INFO: [ view_parse ] --START--
INFO: [ template_filter ] --START--
INFO: Run Behavior\ContentReplaceBehavior [ RunTime:0.000000s ]
INFO: [ template_filter ] --END-- [ RunTime:0.001001s ]

[ 2016-03-22T16:30:41+08:00 ] 127.0.0.1 /borrow/index.php/Home/Repayment
INFO: [ app_init ] --START--
INFO: Run Behavior\BuildLiteBehavior [ RunTime:0.001000s ]
INFO: [ app_init ] --END-- [ RunTime:0.001000s ]
INFO: [ app_begin ] --START--
INFO: Run Behavior\ReadHtmlCacheBehavior [ RunTime:0.002000s ]
INFO: [ app_begin ] --END-- [ RunTime:0.002000s ]
SQL: SHOW COLUMNS FROM `borrow_repayment` [ RunTime:0.0010s ]
NOTIC: [8] Undefined index: p D:\phpservice\WWW\test\borrow\App\Home\Controller\RepaymentController.class.php 第 28 行.
SQL: SHOW COLUMNS FROM `borrow_repayment` [ RunTime:0.0010s ]
NOTIC: [8] Undefined index: limit D:\phpservice\WWW\test\borrow\ThinkPHP\Library\Think\Db\Driver.class.php 第 950 行.
SQL: SELECT r.*,u.name,u.id as uid FROM `borrow_repayment` `r`,`borrow` `b`,`user` `u` WHERE ( r.borrow_uid = u.id AND r.borrow_id = b.id ) ORDER BY id LIMIT 0,20   [ RunTime:0.0010s ]
SQL: SELECT COUNT(*) AS tp_count FROM `borrow_repayment` LIMIT 1   [ RunTime:0.0000s ]
INFO: [ view_parse ] --START--
INFO: [ template_filter ] --START--
INFO: Run Behavior\ContentReplaceBehavior [ RunTime:0.001000s ]
INFO: [ template_filter ] --END-- [ RunTime:0.002001s ]

[ 2016-03-22T16:30:41+08:00 ] 127.0.0.1 /borrow/index.php/Home/Repayment
INFO: [ app_init ] --START--
INFO: Run Behavior\BuildLiteBehavior [ RunTime:0.001000s ]
INFO: [ app_init ] --END-- [ RunTime:0.002000s ]
INFO: [ app_begin ] --START--
INFO: Run Behavior\ReadHtmlCacheBehavior [ RunTime:0.001000s ]
INFO: [ app_begin ] --END-- [ RunTime:0.001000s ]
SQL: SHOW COLUMNS FROM `borrow_repayment` [ RunTime:0.0030s ]
NOTIC: [8] Undefined index: p D:\phpservice\WWW\test\borrow\App\Home\Controller\RepaymentController.class.php 第 28 行.
SQL: SHOW COLUMNS FROM `borrow_repayment` [ RunTime:0.0020s ]
NOTIC: [8] Undefined index: limit D:\phpservice\WWW\test\borrow\ThinkPHP\Library\Think\Db\Driver.class.php 第 950 行.
SQL: SELECT r.*,u.name,u.id as uid FROM `borrow_repayment` `r`,`borrow` `b`,`user` `u` WHERE ( r.borrow_uid = u.id AND r.borrow_id = b.id ) ORDER BY id LIMIT 0,20   [ RunTime:0.0000s ]
SQL: SELECT COUNT(*) AS tp_count FROM `borrow_repayment` LIMIT 1   [ RunTime:0.0010s ]
INFO: [ view_parse ] --START--
INFO: [ template_filter ] --START--
INFO: Run Behavior\ContentReplaceBehavior [ RunTime:0.001000s ]
INFO: [ template_filter ] --END-- [ RunTime:0.002000s ]

[ 2016-03-22T16:30:41+08:00 ] 127.0.0.1 /borrow/index.php/Home/Repayment
INFO: [ app_init ] --START--
INFO: Run Behavior\BuildLiteBehavior [ RunTime:0.000000s ]
INFO: [ app_init ] --END-- [ RunTime:0.002000s ]
INFO: [ app_begin ] --START--
INFO: Run Behavior\ReadHtmlCacheBehavior [ RunTime:0.001000s ]
INFO: [ app_begin ] --END-- [ RunTime:0.002000s ]
SQL: SHOW COLUMNS FROM `borrow_repayment` [ RunTime:0.0010s ]
NOTIC: [8] Undefined index: p D:\phpservice\WWW\test\borrow\App\Home\Controller\RepaymentController.class.php 第 28 行.
SQL: SHOW COLUMNS FROM `borrow_repayment` [ RunTime:0.0010s ]
NOTIC: [8] Undefined index: limit D:\phpservice\WWW\test\borrow\ThinkPHP\Library\Think\Db\Driver.class.php 第 950 行.
SQL: SELECT r.*,u.name,u.id as uid FROM `borrow_repayment` `r`,`borrow` `b`,`user` `u` WHERE ( r.borrow_uid = u.id AND r.borrow_id = b.id ) ORDER BY id LIMIT 0,20   [ RunTime:0.0010s ]
SQL: SELECT COUNT(*) AS tp_count FROM `borrow_repayment` LIMIT 1   [ RunTime:0.0000s ]
INFO: [ view_parse ] --START--
INFO: [ template_filter ] --START--
INFO: Run Behavior\ContentReplaceBehavior [ RunTime:0.000000s ]
INFO: [ template_filter ] --END-- [ RunTime:0.001000s ]

[ 2016-03-22T16:33:40+08:00 ] 127.0.0.1 /borrow/index.php/Home/Repayment
INFO: [ app_init ] --START--
INFO: Run Behavior\BuildLiteBehavior [ RunTime:0.000000s ]
INFO: [ app_init ] --END-- [ RunTime:0.001000s ]
INFO: [ app_begin ] --START--
INFO: Run Behavior\ReadHtmlCacheBehavior [ RunTime:0.002000s ]
INFO: [ app_begin ] --END-- [ RunTime:0.003000s ]
SQL: SHOW COLUMNS FROM `borrow_repayment` [ RunTime:0.0040s ]
NOTIC: [8] Undefined index: p D:\phpservice\WWW\test\borrow\App\Home\Controller\RepaymentController.class.php 第 28 行.
SQL: SHOW COLUMNS FROM `borrow_repayment` [ RunTime:0.0020s ]
NOTIC: [8] Undefined index: limit D:\phpservice\WWW\test\borrow\ThinkPHP\Library\Think\Db\Driver.class.php 第 950 行.
SQL: SELECT r.*,u.name,u.id as uid FROM `borrow_repayment` `r`,`borrow` `b`,`user` `u` WHERE ( r.borrow_uid = u.id AND r.borrow_id = b.id ) ORDER BY id LIMIT 0,20   [ RunTime:0.0010s ]
SQL: SELECT COUNT(*) AS tp_count FROM `borrow_repayment` LIMIT 1   [ RunTime:0.0000s ]
INFO: [ view_parse ] --START--
NOTIC: [8] Undefined offset: 1 D:\phpservice\WWW\test\borrow\ThinkPHP\Library\Think\Template.class.php 第 527 行.
INFO: [ template_filter ] --START--
INFO: Run Behavior\ContentReplaceBehavior [ RunTime:0.000000s ]
INFO: [ template_filter ] --END-- [ RunTime:0.001000s ]

[ 2016-03-22T16:33:41+08:00 ] 127.0.0.1 /borrow/index.php/Home/Repayment
INFO: [ app_init ] --START--
INFO: Run Behavior\BuildLiteBehavior [ RunTime:0.000000s ]
INFO: [ app_init ] --END-- [ RunTime:0.004001s ]
INFO: [ app_begin ] --START--
INFO: Run Behavior\ReadHtmlCacheBehavior [ RunTime:0.001000s ]
INFO: [ app_begin ] --END-- [ RunTime:0.003000s ]
SQL: SHOW COLUMNS FROM `borrow_repayment` [ RunTime:0.0020s ]
NOTIC: [8] Undefined index: p D:\phpservice\WWW\test\borrow\App\Home\Controller\RepaymentController.class.php 第 28 行.
SQL: SHOW COLUMNS FROM `borrow_repayment` [ RunTime:0.0060s ]
NOTIC: [8] Undefined index: limit D:\phpservice\WWW\test\borrow\ThinkPHP\Library\Think\Db\Driver.class.php 第 950 行.
SQL: SELECT r.*,u.name,u.id as uid FROM `borrow_repayment` `r`,`borrow` `b`,`user` `u` WHERE ( r.borrow_uid = u.id AND r.borrow_id = b.id ) ORDER BY id LIMIT 0,20   [ RunTime:0.0000s ]
SQL: SELECT COUNT(*) AS tp_count FROM `borrow_repayment` LIMIT 1   [ RunTime:0.0000s ]
INFO: [ view_parse ] --START--
NOTIC: [8] Undefined offset: 1 D:\phpservice\WWW\test\borrow\ThinkPHP\Library\Think\Template.class.php 第 527 行.
INFO: [ template_filter ] --START--
INFO: Run Behavior\ContentReplaceBehavior [ RunTime:0.000000s ]
INFO: [ template_filter ] --END-- [ RunTime:0.002000s ]

[ 2016-03-22T16:33:41+08:00 ] 127.0.0.1 /borrow/index.php/Home/Repayment
INFO: [ app_init ] --START--
INFO: Run Behavior\BuildLiteBehavior [ RunTime:0.000000s ]
INFO: [ app_init ] --END-- [ RunTime:0.002000s ]
INFO: [ app_begin ] --START--
INFO: Run Behavior\ReadHtmlCacheBehavior [ RunTime:0.003000s ]
INFO: [ app_begin ] --END-- [ RunTime:0.005001s ]
SQL: SHOW COLUMNS FROM `borrow_repayment` [ RunTime:0.0020s ]
NOTIC: [8] Undefined index: p D:\phpservice\WWW\test\borrow\App\Home\Controller\RepaymentController.class.php 第 28 行.
SQL: SHOW COLUMNS FROM `borrow_repayment` [ RunTime:0.0020s ]
NOTIC: [8] Undefined index: limit D:\phpservice\WWW\test\borrow\ThinkPHP\Library\Think\Db\Driver.class.php 第 950 行.
SQL: SELECT r.*,u.name,u.id as uid FROM `borrow_repayment` `r`,`borrow` `b`,`user` `u` WHERE ( r.borrow_uid = u.id AND r.borrow_id = b.id ) ORDER BY id LIMIT 0,20   [ RunTime:0.0010s ]
SQL: SELECT COUNT(*) AS tp_count FROM `borrow_repayment` LIMIT 1   [ RunTime:0.0000s ]
INFO: [ view_parse ] --START--
NOTIC: [8] Undefined offset: 1 D:\phpservice\WWW\test\borrow\ThinkPHP\Library\Think\Template.class.php 第 527 行.
INFO: [ template_filter ] --START--
INFO: Run Behavior\ContentReplaceBehavior [ RunTime:0.000000s ]
INFO: [ template_filter ] --END-- [ RunTime:0.001001s ]

[ 2016-03-22T16:34:17+08:00 ] 127.0.0.1 /borrow/index.php/Home/Repayment
INFO: [ app_init ] --START--
INFO: Run Behavior\BuildLiteBehavior [ RunTime:0.000000s ]
INFO: [ app_init ] --END-- [ RunTime:0.001000s ]
INFO: [ app_begin ] --START--
INFO: Run Behavior\ReadHtmlCacheBehavior [ RunTime:0.001000s ]
INFO: [ app_begin ] --END-- [ RunTime:0.003001s ]
SQL: SHOW COLUMNS FROM `borrow_repayment` [ RunTime:0.0010s ]
NOTIC: [8] Undefined index: p D:\phpservice\WWW\test\borrow\App\Home\Controller\RepaymentController.class.php 第 29 行.
SQL: SHOW COLUMNS FROM `borrow_repayment` [ RunTime:0.0020s ]
NOTIC: [8] Undefined index: limit D:\phpservice\WWW\test\borrow\ThinkPHP\Library\Think\Db\Driver.class.php 第 950 行.
SQL: SELECT r.*,u.name,u.id as uid FROM `borrow_repayment` `r`,`borrow` `b`,`user` `u` WHERE ( r.borrow_uid = u.id AND r.borrow_id = b.id ) ORDER BY id LIMIT 0,20   [ RunTime:0.0010s ]
SQL: SELECT COUNT(*) AS tp_count FROM `borrow_repayment` LIMIT 1   [ RunTime:0.0000s ]
INFO: [ view_parse ] --START--
NOTIC: [8] Undefined offset: 1 D:\phpservice\WWW\test\borrow\ThinkPHP\Library\Think\Template.class.php 第 527 行.
INFO: [ template_filter ] --START--
INFO: Run Behavior\ContentReplaceBehavior [ RunTime:0.000000s ]
INFO: [ template_filter ] --END-- [ RunTime:0.001000s ]

[ 2016-03-22T16:37:05+08:00 ] 127.0.0.1 /borrow/index.php/Home/Repayment
INFO: [ app_init ] --START--
INFO: Run Behavior\BuildLiteBehavior [ RunTime:0.000000s ]
INFO: [ app_init ] --END-- [ RunTime:0.001000s ]
INFO: [ app_begin ] --START--
INFO: Run Behavior\ReadHtmlCacheBehavior [ RunTime:0.001000s ]
INFO: [ app_begin ] --END-- [ RunTime:0.001000s ]
SQL: SHOW COLUMNS FROM `borrow_repayment` [ RunTime:0.0020s ]
NOTIC: [8] Undefined index: p D:\phpservice\WWW\test\borrow\App\Home\Controller\RepaymentController.class.php 第 29 行.
SQL: SHOW COLUMNS FROM `borrow_repayment` [ RunTime:0.0010s ]
NOTIC: [8] Undefined index: limit D:\phpservice\WWW\test\borrow\ThinkPHP\Library\Think\Db\Driver.class.php 第 950 行.
SQL: SELECT r.*,u.name,u.id as uid FROM `borrow_repayment` `r`,`borrow` `b`,`user` `u` WHERE ( r.borrow_uid = u.id AND r.borrow_id = b.id ) ORDER BY id LIMIT 0,20   [ RunTime:0.0010s ]
SQL: SELECT COUNT(*) AS tp_count FROM `borrow_repayment` LIMIT 1   [ RunTime:0.0010s ]
INFO: [ view_parse ] --START--
INFO: [ template_filter ] --START--
INFO: Run Behavior\ContentReplaceBehavior [ RunTime:0.000000s ]
INFO: [ template_filter ] --END-- [ RunTime:0.002000s ]
NOTIC: [8] Undefined variable: SiteInfo D:\phpservice\WWW\test\borrow\App\Runtime\Cache\Home\b36cdc64ead7ff2a40c5f4a61d19304c.php 第 10 行.
NOTIC: [8] Undefined variable: SiteInfo D:\phpservice\WWW\test\borrow\App\Runtime\Cache\Home\b36cdc64ead7ff2a40c5f4a61d19304c.php 第 11 行.
INFO: Run Behavior\ParseTemplateBehavior [ RunTime:0.034002s ]
INFO: [ view_parse ] --END-- [ RunTime:0.035002s ]
INFO: [ view_filter ] --START--
INFO: Run Behavior\WriteHtmlCacheBehavior [ RunTime:0.000000s ]
INFO: [ view_filter ] --END-- [ RunTime:0.001000s ]
INFO: [ app_end ] --START--
INFO: Run Behavior\ShowPageTraceBehavior [ RunTime:0.001000s ]
INFO: [ app_end ] --END-- [ RunTime:0.002000s ]

[ 2016-03-22T16:39:25+08:00 ] 127.0.0.1 /borrow/index.php/Home/Repayment
INFO: [ app_init ] --START--
INFO: Run Behavior\BuildLiteBehavior [ RunTime:0.000000s ]
INFO: [ app_init ] --END-- [ RunTime:0.001000s ]
INFO: [ app_begin ] --START--
INFO: Run Behavior\ReadHtmlCacheBehavior [ RunTime:0.001000s ]
INFO: [ app_begin ] --END-- [ RunTime:0.001000s ]
SQL: SHOW COLUMNS FROM `borrow_repayment` [ RunTime:0.0020s ]
NOTIC: [8] Undefined index: p D:\phpservice\WWW\test\borrow\App\Home\Controller\RepaymentController.class.php 第 29 行.
SQL: SHOW COLUMNS FROM `borrow_repayment` [ RunTime:0.0030s ]
NOTIC: [8] Undefined index: limit D:\phpservice\WWW\test\borrow\ThinkPHP\Library\Think\Db\Driver.class.php 第 950 行.
SQL: SELECT r.*,u.name,u.id as uid FROM `borrow_repayment` `r`,`borrow` `b`,`user` `u` WHERE ( r.borrow_uid = u.id AND r.borrow_id = b.id ) ORDER BY id LIMIT 0,20   [ RunTime:0.0010s ]
SQL: SELECT COUNT(*) AS tp_count FROM `borrow_repayment` LIMIT 1   [ RunTime:0.0000s ]
INFO: [ view_parse ] --START--
INFO: [ template_filter ] --START--
INFO: Run Behavior\ContentReplaceBehavior [ RunTime:0.001000s ]
INFO: [ template_filter ] --END-- [ RunTime:0.001000s ]

[ 2016-03-22T16:39:36+08:00 ] 127.0.0.1 /borrow/index.php/Home/Repayment
INFO: [ app_init ] --START--
INFO: Run Behavior\BuildLiteBehavior [ RunTime:0.000000s ]
INFO: [ app_init ] --END-- [ RunTime:0.001000s ]
INFO: [ app_begin ] --START--
INFO: Run Behavior\ReadHtmlCacheBehavior [ RunTime:0.005001s ]
INFO: [ app_begin ] --END-- [ RunTime:0.006001s ]
SQL: SHOW COLUMNS FROM `borrow_repayment` [ RunTime:0.0020s ]
NOTIC: [8] Undefined index: p D:\phpservice\WWW\test\borrow\App\Home\Controller\RepaymentController.class.php 第 29 行.
SQL: SHOW COLUMNS FROM `borrow_repayment` [ RunTime:0.0020s ]
NOTIC: [8] Undefined index: limit D:\phpservice\WWW\test\borrow\ThinkPHP\Library\Think\Db\Driver.class.php 第 950 行.
SQL: SELECT r.*,u.name,u.id as uid FROM `borrow_repayment` `r`,`borrow` `b`,`user` `u` WHERE ( r.borrow_uid = u.id AND r.borrow_id = b.id ) ORDER BY id LIMIT 0,20   [ RunTime:0.0010s ]
SQL: SELECT COUNT(*) AS tp_count FROM `borrow_repayment` LIMIT 1   [ RunTime:0.0010s ]
INFO: [ view_parse ] --START--
INFO: [ template_filter ] --START--
INFO: Run Behavior\ContentReplaceBehavior [ RunTime:0.000000s ]
INFO: [ template_filter ] --END-- [ RunTime:0.002000s ]
NOTIC: [8] Undefined variable: SiteInfo D:\phpservice\WWW\test\borrow\App\Runtime\Cache\Home\b36cdc64ead7ff2a40c5f4a61d19304c.php 第 10 行.
NOTIC: [8] Undefined variable: SiteInfo D:\phpservice\WWW\test\borrow\App\Runtime\Cache\Home\b36cdc64ead7ff2a40c5f4a61d19304c.php 第 11 行.
INFO: Run Behavior\ParseTemplateBehavior [ RunTime:0.039002s ]
INFO: [ view_parse ] --END-- [ RunTime:0.040002s ]
INFO: [ view_filter ] --START--
INFO: Run Behavior\WriteHtmlCacheBehavior [ RunTime:0.001000s ]
INFO: [ view_filter ] --END-- [ RunTime:0.001000s ]
INFO: [ app_end ] --START--
INFO: Run Behavior\ShowPageTraceBehavior [ RunTime:0.001000s ]
INFO: [ app_end ] --END-- [ RunTime:0.001000s ]

[ 2016-03-22T16:50:38+08:00 ] 127.0.0.1 /borrow/index.php/Home/Repayment
INFO: [ app_init ] --START--
INFO: Run Behavior\BuildLiteBehavior [ RunTime:0.000000s ]
INFO: [ app_init ] --END-- [ RunTime:0.002000s ]
INFO: [ app_begin ] --START--
INFO: Run Behavior\ReadHtmlCacheBehavior [ RunTime:0.001000s ]
INFO: [ app_begin ] --END-- [ RunTime:0.003001s ]
SQL: SHOW COLUMNS FROM `borrow_repayment` [ RunTime:0.0010s ]
NOTIC: [8] Undefined index: p D:\phpservice\WWW\test\borrow\App\Home\Controller\RepaymentController.class.php 第 29 行.
SQL: SHOW COLUMNS FROM `borrow_repayment` [ RunTime:0.0010s ]
NOTIC: [8] Undefined index: limit D:\phpservice\WWW\test\borrow\ThinkPHP\Library\Think\Db\Driver.class.php 第 950 行.
SQL: SELECT r.*,u.name,u.id as uid FROM `borrow_repayment` `r`,`borrow` `b`,`user` `u` WHERE ( r.borrow_uid = u.id AND r.borrow_id = b.id ) ORDER BY id LIMIT 0,20   [ RunTime:0.0020s ]
SQL: SELECT COUNT(*) AS tp_count FROM `borrow_repayment` LIMIT 1   [ RunTime:0.0000s ]
INFO: [ view_parse ] --START--
INFO: [ template_filter ] --START--
INFO: Run Behavior\ContentReplaceBehavior [ RunTime:0.000000s ]
INFO: [ template_filter ] --END-- [ RunTime:0.001000s ]
NOTIC: [8] Undefined variable: SiteInfo D:\phpservice\WWW\test\borrow\App\Runtime\Cache\Home\b36cdc64ead7ff2a40c5f4a61d19304c.php 第 10 行.
NOTIC: [8] Undefined variable: SiteInfo D:\phpservice\WWW\test\borrow\App\Runtime\Cache\Home\b36cdc64ead7ff2a40c5f4a61d19304c.php 第 11 行.
INFO: Run Behavior\ParseTemplateBehavior [ RunTime:0.036002s ]
INFO: [ view_parse ] --END-- [ RunTime:0.037002s ]
INFO: [ view_filter ] --START--
INFO: Run Behavior\WriteHtmlCacheBehavior [ RunTime:0.002000s ]
INFO: [ view_filter ] --END-- [ RunTime:0.002000s ]
INFO: [ app_end ] --START--
INFO: Run Behavior\ShowPageTraceBehavior [ RunTime:0.001000s ]
INFO: [ app_end ] --END-- [ RunTime:0.002000s ]

[ 2016-03-22T16:55:51+08:00 ] 127.0.0.1 /borrow/index.php/Home/Repayment
INFO: [ app_init ] --START--
INFO: Run Behavior\BuildLiteBehavior [ RunTime:0.000000s ]
INFO: [ app_init ] --END-- [ RunTime:0.002000s ]
INFO: [ app_begin ] --START--
INFO: Run Behavior\ReadHtmlCacheBehavior [ RunTime:0.001000s ]
INFO: [ app_begin ] --END-- [ RunTime:0.001000s ]
SQL: SHOW COLUMNS FROM `borrow_repayment` [ RunTime:0.0030s ]
NOTIC: [8] Undefined index: p D:\phpservice\WWW\test\borrow\App\Home\Controller\RepaymentController.class.php 第 29 行.
SQL: SHOW COLUMNS FROM `borrow_repayment` [ RunTime:0.0020s ]
NOTIC: [8] Undefined index: limit D:\phpservice\WWW\test\borrow\ThinkPHP\Library\Think\Db\Driver.class.php 第 950 行.
SQL: SELECT r.*,u.name,u.id as uid FROM `borrow_repayment` `r`,`borrow` `b`,`user` `u` WHERE ( r.borrow_uid = u.id AND r.borrow_id = b.id ) ORDER BY id LIMIT 0,20   [ RunTime:0.0010s ]
SQL: SELECT COUNT(*) AS tp_count FROM `borrow_repayment` LIMIT 1   [ RunTime:0.0000s ]
INFO: [ view_parse ] --START--
INFO: [ template_filter ] --START--
INFO: Run Behavior\ContentReplaceBehavior [ RunTime:0.000000s ]
INFO: [ template_filter ] --END-- [ RunTime:0.001000s ]
NOTIC: [8] Undefined variable: SiteInfo D:\phpservice\WWW\test\borrow\App\Runtime\Cache\Home\b36cdc64ead7ff2a40c5f4a61d19304c.php 第 10 行.
NOTIC: [8] Undefined variable: SiteInfo D:\phpservice\WWW\test\borrow\App\Runtime\Cache\Home\b36cdc64ead7ff2a40c5f4a61d19304c.php 第 11 行.
INFO: Run Behavior\ParseTemplateBehavior [ RunTime:0.042003s ]
INFO: [ view_parse ] --END-- [ RunTime:0.043003s ]
INFO: [ view_filter ] --START--
INFO: Run Behavior\WriteHtmlCacheBehavior [ RunTime:0.001000s ]
INFO: [ view_filter ] --END-- [ RunTime:0.001000s ]
INFO: [ app_end ] --START--
INFO: Run Behavior\ShowPageTraceBehavior [ RunTime:0.001000s ]
INFO: [ app_end ] --END-- [ RunTime:0.002000s ]

[ 2016-03-22T16:56:04+08:00 ] 127.0.0.1 /borrow/index.php/Home/Repayment
INFO: [ app_init ] --START--
INFO: Run Behavior\BuildLiteBehavior [ RunTime:0.000000s ]
INFO: [ app_init ] --END-- [ RunTime:0.001001s ]
INFO: [ app_begin ] --START--
INFO: Run Behavior\ReadHtmlCacheBehavior [ RunTime:0.001000s ]
INFO: [ app_begin ] --END-- [ RunTime:0.001000s ]
SQL: SHOW COLUMNS FROM `borrow_repayment` [ RunTime:0.0020s ]
NOTIC: [8] Undefined index: p D:\phpservice\WWW\test\borrow\App\Home\Controller\RepaymentController.class.php 第 29 行.
SQL: SHOW COLUMNS FROM `borrow_repayment` [ RunTime:0.0050s ]
NOTIC: [8] Undefined index: limit D:\phpservice\WWW\test\borrow\ThinkPHP\Library\Think\Db\Driver.class.php 第 950 行.
SQL: SELECT r.*,u.name,u.id as uid FROM `borrow_repayment` `r`,`borrow` `b`,`user` `u` WHERE ( r.borrow_uid = u.id AND r.borrow_id = b.id ) ORDER BY id LIMIT 0,20   [ RunTime:0.0010s ]
SQL: SELECT COUNT(*) AS tp_count FROM `borrow_repayment` LIMIT 1   [ RunTime:0.0000s ]
INFO: [ view_parse ] --START--
INFO: [ template_filter ] --START--
INFO: Run Behavior\ContentReplaceBehavior [ RunTime:0.000000s ]
INFO: [ template_filter ] --END-- [ RunTime:0.001000s ]
NOTIC: [8] Undefined variable: SiteInfo D:\phpservice\WWW\test\borrow\App\Runtime\Cache\Home\b36cdc64ead7ff2a40c5f4a61d19304c.php 第 10 行.
NOTIC: [8] Undefined variable: SiteInfo D:\phpservice\WWW\test\borrow\App\Runtime\Cache\Home\b36cdc64ead7ff2a40c5f4a61d19304c.php 第 11 行.
INFO: Run Behavior\ParseTemplateBehavior [ RunTime:0.041002s ]
INFO: [ view_parse ] --END-- [ RunTime:0.042002s ]
INFO: [ view_filter ] --START--
INFO: Run Behavior\WriteHtmlCacheBehavior [ RunTime:0.000000s ]
INFO: [ view_filter ] --END-- [ RunTime:0.002001s ]
INFO: [ app_end ] --START--
INFO: Run Behavior\ShowPageTraceBehavior [ RunTime:0.001000s ]
INFO: [ app_end ] --END-- [ RunTime:0.002000s ]

[ 2016-03-22T16:56:07+08:00 ] 127.0.0.1 /borrow/index.php/Home/Repayment/edit/id/6
INFO: [ app_init ] --START--
INFO: Run Behavior\BuildLiteBehavior [ RunTime:0.000000s ]
INFO: [ app_init ] --END-- [ RunTime:0.001000s ]
INFO: [ app_begin ] --START--
INFO: Run Behavior\ReadHtmlCacheBehavior [ RunTime:0.001000s ]
INFO: [ app_begin ] --END-- [ RunTime:0.002000s ]
SQL: SHOW COLUMNS FROM `borrow_repayment` [ RunTime:0.0020s ]
SQL: SHOW COLUMNS FROM `borrow_repayment` [ RunTime:0.0020s ]
SQL: SELECT r.*,u.name,u.id as uid FROM `borrow_repayment` `r`,`borrow` `b`,`user` `u` WHERE ( r.borrow_uid = u.id AND r.borrow_id = b.id AND r.id =6 )  [ RunTime:0.0000s ]
INFO: [ view_parse ] --START--
INFO: [ template_filter ] --START--
INFO: Run Behavior\ContentReplaceBehavior [ RunTime:0.001000s ]
INFO: [ template_filter ] --END-- [ RunTime:0.001000s ]
NOTIC: [8] Undefined variable: SiteInfo D:\phpservice\WWW\test\borrow\App\Runtime\Cache\Home\3931e12a12a4005b361c1edf956b2d9c.php 第 10 行.
NOTIC: [8] Undefined variable: SiteInfo D:\phpservice\WWW\test\borrow\App\Runtime\Cache\Home\3931e12a12a4005b361c1edf956b2d9c.php 第 11 行.
NOTIC: [8] Undefined variable: count D:\phpservice\WWW\test\borrow\App\Runtime\Cache\Home\3931e12a12a4005b361c1edf956b2d9c.php 第 75 行.
INFO: Run Behavior\ParseTemplateBehavior [ RunTime:0.040002s ]
INFO: [ view_parse ] --END-- [ RunTime:0.040002s ]
INFO: [ view_filter ] --START--
INFO: Run Behavior\WriteHtmlCacheBehavior [ RunTime:0.000000s ]
INFO: [ view_filter ] --END-- [ RunTime:0.001000s ]
INFO: [ app_end ] --START--
INFO: Run Behavior\ShowPageTraceBehavior [ RunTime:0.001000s ]
INFO: [ app_end ] --END-- [ RunTime:0.001000s ]

[ 2016-03-22T16:56:12+08:00 ] 127.0.0.1 /borrow/index.php/Home/Repayment/edit_act
INFO: [ app_init ] --START--
INFO: Run Behavior\BuildLiteBehavior [ RunTime:0.000000s ]
INFO: [ app_init ] --END-- [ RunTime:0.001000s ]
INFO: [ app_begin ] --START--
INFO: Run Behavior\ReadHtmlCacheBehavior [ RunTime:0.001001s ]
INFO: [ app_begin ] --END-- [ RunTime:0.002001s ]
SQL: SHOW COLUMNS FROM `borrow_repayment` [ RunTime:0.0030s ]
SQL: UPDATE `borrow_repayment` SET `real_repayment_time`='0',`is_repayment`='0',`is_late`='1',`repayment_remarks`='' WHERE ( id=6 ) [ RunTime:0.0010s ]
INFO: [ view_parse ] --START--
INFO: [ template_filter ] --START--
INFO: Run Behavior\ContentReplaceBehavior [ RunTime:0.000000s ]
INFO: [ template_filter ] --END-- [ RunTime:0.001000s ]
INFO: Run Behavior\ParseTemplateBehavior [ RunTime:0.025002s ]
INFO: [ view_parse ] --END-- [ RunTime:0.025002s ]
INFO: [ view_filter ] --START--
INFO: Run Behavior\WriteHtmlCacheBehavior [ RunTime:0.001000s ]
INFO: [ view_filter ] --END-- [ RunTime:0.001000s ]
INFO: [ app_end ] --START--
INFO: Run Behavior\ShowPageTraceBehavior [ RunTime:0.001000s ]
INFO: [ app_end ] --END-- [ RunTime:0.001000s ]

[ 2016-03-22T16:56:14+08:00 ] 127.0.0.1 /borrow/index.php/Home/User/Index.html
INFO: [ app_init ] --START--
INFO: Run Behavior\BuildLiteBehavior [ RunTime:0.000000s ]
INFO: [ app_init ] --END-- [ RunTime:0.003000s ]
INFO: [ app_begin ] --START--
INFO: Run Behavior\ReadHtmlCacheBehavior [ RunTime:0.001000s ]
INFO: [ app_begin ] --END-- [ RunTime:0.001000s ]
SQL: SHOW COLUMNS FROM `user` [ RunTime:0.0030s ]
NOTIC: [8] Undefined index: p D:\phpservice\WWW\test\borrow\App\Home\Controller\UserController.class.php 第 11 行.
NOTIC: [8] Undefined index: limit D:\phpservice\WWW\test\borrow\ThinkPHP\Library\Think\Db\Driver.class.php 第 950 行.
SQL: SELECT * FROM `user` ORDER BY id LIMIT 0,20   [ RunTime:0.0010s ]
SQL: SELECT COUNT(*) AS tp_count FROM `user` LIMIT 1   [ RunTime:0.0000s ]
INFO: [ view_parse ] --START--
INFO: [ template_filter ] --START--
INFO: Run Behavior\ContentReplaceBehavior [ RunTime:0.000000s ]
INFO: [ template_filter ] --END-- [ RunTime:0.001000s ]
NOTIC: [8] Undefined variable: SiteInfo D:\phpservice\WWW\test\borrow\App\Runtime\Cache\Home\7aaa3087c6dcb7564fc84c5ecb43100d.php 第 10 行.
NOTIC: [8] Undefined variable: SiteInfo D:\phpservice\WWW\test\borrow\App\Runtime\Cache\Home\7aaa3087c6dcb7564fc84c5ecb43100d.php 第 11 行.
INFO: Run Behavior\ParseTemplateBehavior [ RunTime:0.027001s ]
INFO: [ view_parse ] --END-- [ RunTime:0.028001s ]
INFO: [ view_filter ] --START--
INFO: Run Behavior\WriteHtmlCacheBehavior [ RunTime:0.001000s ]
INFO: [ view_filter ] --END-- [ RunTime:0.001000s ]
INFO: [ app_end ] --START--
INFO: Run Behavior\ShowPageTraceBehavior [ RunTime:0.001000s ]
INFO: [ app_end ] --END-- [ RunTime:0.002001s ]

[ 2016-03-22T16:56:18+08:00 ] 127.0.0.1 /borrow/index.php/Home/Repayment
INFO: [ app_init ] --START--
INFO: Run Behavior\BuildLiteBehavior [ RunTime:0.001000s ]
INFO: [ app_init ] --END-- [ RunTime:0.001000s ]
INFO: [ app_begin ] --START--
INFO: Run Behavior\ReadHtmlCacheBehavior [ RunTime:0.000000s ]
INFO: [ app_begin ] --END-- [ RunTime:0.002000s ]
SQL: SHOW COLUMNS FROM `borrow_repayment` [ RunTime:0.0030s ]
NOTIC: [8] Undefined index: p D:\phpservice\WWW\test\borrow\App\Home\Controller\RepaymentController.class.php 第 29 行.
SQL: SHOW COLUMNS FROM `borrow_repayment` [ RunTime:0.0010s ]
NOTIC: [8] Undefined index: limit D:\phpservice\WWW\test\borrow\ThinkPHP\Library\Think\Db\Driver.class.php 第 950 行.
SQL: SELECT r.*,u.name,u.id as uid FROM `borrow_repayment` `r`,`borrow` `b`,`user` `u` WHERE ( r.borrow_uid = u.id AND r.borrow_id = b.id ) ORDER BY id LIMIT 0,20   [ RunTime:0.0010s ]
SQL: SELECT COUNT(*) AS tp_count FROM `borrow_repayment` LIMIT 1   [ RunTime:0.0010s ]
INFO: [ view_parse ] --START--
INFO: [ template_filter ] --START--
INFO: Run Behavior\ContentReplaceBehavior [ RunTime:0.001000s ]
INFO: [ template_filter ] --END-- [ RunTime:0.002000s ]
NOTIC: [8] Undefined variable: SiteInfo D:\phpservice\WWW\test\borrow\App\Runtime\Cache\Home\b36cdc64ead7ff2a40c5f4a61d19304c.php 第 10 行.
NOTIC: [8] Undefined variable: SiteInfo D:\phpservice\WWW\test\borrow\App\Runtime\Cache\Home\b36cdc64ead7ff2a40c5f4a61d19304c.php 第 11 行.
INFO: Run Behavior\ParseTemplateBehavior [ RunTime:0.039003s ]
INFO: [ view_parse ] --END-- [ RunTime:0.039003s ]
INFO: [ view_filter ] --START--
INFO: Run Behavior\WriteHtmlCacheBehavior [ RunTime:0.000000s ]
INFO: [ view_filter ] --END-- [ RunTime:0.002000s ]
INFO: [ app_end ] --START--
INFO: Run Behavior\ShowPageTraceBehavior [ RunTime:0.001000s ]
INFO: [ app_end ] --END-- [ RunTime:0.003000s ]

[ 2016-03-22T16:56:39+08:00 ] 127.0.0.1 /borrow/index.php/Home/Repayment
INFO: [ app_init ] --START--
INFO: Run Behavior\BuildLiteBehavior [ RunTime:0.000000s ]
INFO: [ app_init ] --END-- [ RunTime:0.003000s ]
INFO: [ app_begin ] --START--
INFO: Run Behavior\ReadHtmlCacheBehavior [ RunTime:0.001000s ]
INFO: [ app_begin ] --END-- [ RunTime:0.002000s ]
SQL: SHOW COLUMNS FROM `borrow_repayment` [ RunTime:0.0010s ]
NOTIC: [8] Undefined index: p D:\phpservice\WWW\test\borrow\App\Home\Controller\RepaymentController.class.php 第 29 行.
SQL: SHOW COLUMNS FROM `borrow_repayment` [ RunTime:0.0030s ]
NOTIC: [8] Undefined index: limit D:\phpservice\WWW\test\borrow\ThinkPHP\Library\Think\Db\Driver.class.php 第 950 行.
SQL: SELECT r.*,u.name,u.id as uid FROM `borrow_repayment` `r`,`borrow` `b`,`user` `u` WHERE ( r.borrow_uid = u.id AND r.borrow_id = b.id ) ORDER BY id LIMIT 0,20   [ RunTime:0.0010s ]
SQL: SELECT COUNT(*) AS tp_count FROM `borrow_repayment` LIMIT 1   [ RunTime:0.0000s ]
INFO: [ view_parse ] --START--
INFO: [ template_filter ] --START--
INFO: Run Behavior\ContentReplaceBehavior [ RunTime:0.000000s ]
INFO: [ template_filter ] --END-- [ RunTime:0.001000s ]
NOTIC: [8] Undefined variable: SiteInfo D:\phpservice\WWW\test\borrow\App\Runtime\Cache\Home\b36cdc64ead7ff2a40c5f4a61d19304c.php 第 10 行.
NOTIC: [8] Undefined variable: SiteInfo D:\phpservice\WWW\test\borrow\App\Runtime\Cache\Home\b36cdc64ead7ff2a40c5f4a61d19304c.php 第 11 行.
INFO: Run Behavior\ParseTemplateBehavior [ RunTime:0.041002s ]
INFO: [ view_parse ] --END-- [ RunTime:0.041002s ]
INFO: [ view_filter ] --START--
INFO: Run Behavior\WriteHtmlCacheBehavior [ RunTime:0.000000s ]
INFO: [ view_filter ] --END-- [ RunTime:0.002000s ]
INFO: [ app_end ] --START--
INFO: Run Behavior\ShowPageTraceBehavior [ RunTime:0.001000s ]
INFO: [ app_end ] --END-- [ RunTime:0.002001s ]

[ 2016-03-22T16:56:59+08:00 ] 127.0.0.1 /borrow/index.php/Home/Repayment
INFO: [ app_init ] --START--
INFO: Run Behavior\BuildLiteBehavior [ RunTime:0.000000s ]
INFO: [ app_init ] --END-- [ RunTime:0.002001s ]
INFO: [ app_begin ] --START--
INFO: Run Behavior\ReadHtmlCacheBehavior [ RunTime:0.001000s ]
INFO: [ app_begin ] --END-- [ RunTime:0.002000s ]
SQL: SHOW COLUMNS FROM `borrow_repayment` [ RunTime:0.0010s ]
NOTIC: [8] Undefined index: p D:\phpservice\WWW\test\borrow\App\Home\Controller\RepaymentController.class.php 第 29 行.
SQL: SHOW COLUMNS FROM `borrow_repayment` [ RunTime:0.0010s ]
NOTIC: [8] Undefined index: limit D:\phpservice\WWW\test\borrow\ThinkPHP\Library\Think\Db\Driver.class.php 第 950 行.
SQL: SELECT r.*,u.name,u.id as uid FROM `borrow_repayment` `r`,`borrow` `b`,`user` `u` WHERE ( r.borrow_uid = u.id AND r.borrow_id = b.id ) ORDER BY id LIMIT 0,20   [ RunTime:0.0020s ]
SQL: SELECT COUNT(*) AS tp_count FROM `borrow_repayment` LIMIT 1   [ RunTime:0.0000s ]
INFO: [ view_parse ] --START--
INFO: [ template_filter ] --START--
INFO: Run Behavior\ContentReplaceBehavior [ RunTime:0.001000s ]
INFO: [ template_filter ] --END-- [ RunTime:0.001000s ]
NOTIC: [8] Undefined variable: SiteInfo D:\phpservice\WWW\test\borrow\App\Runtime\Cache\Home\b36cdc64ead7ff2a40c5f4a61d19304c.php 第 10 行.
NOTIC: [8] Undefined variable: SiteInfo D:\phpservice\WWW\test\borrow\App\Runtime\Cache\Home\b36cdc64ead7ff2a40c5f4a61d19304c.php 第 11 行.
INFO: Run Behavior\ParseTemplateBehavior [ RunTime:0.034002s ]
INFO: [ view_parse ] --END-- [ RunTime:0.034002s ]
INFO: [ view_filter ] --START--
INFO: Run Behavior\WriteHtmlCacheBehavior [ RunTime:0.001000s ]
INFO: [ view_filter ] --END-- [ RunTime:0.001000s ]
INFO: [ app_end ] --START--
INFO: Run Behavior\ShowPageTraceBehavior [ RunTime:0.001000s ]
INFO: [ app_end ] --END-- [ RunTime:0.003000s ]

