[ 2016-04-19T16:18:12+08:00 ] 127.0.0.1 /
INFO: [ app_init ] --START--
INFO: Run Behavior\BuildLiteBehavior [ RunTime:0.000000s ]
INFO: [ app_init ] --END-- [ RunTime:0.007000s ]
INFO: [ app_begin ] --START--
INFO: Run Behavior\ReadHtmlCacheBehavior [ RunTime:0.003000s ]
INFO: [ app_begin ] --END-- [ RunTime:0.004000s ]
ERR: SQLSTATE[28000] [1045] Access denied for user 'root'@'localhost' (using password: YES)

[ 2016-04-19T16:20:05+08:00 ] 127.0.0.1 /
INFO: [ app_init ] --START--
INFO: Run Behavior\BuildLiteBehavior [ RunTime:0.000000s ]
INFO: [ app_init ] --END-- [ RunTime:0.001000s ]
INFO: [ app_begin ] --START--
INFO: Run Behavior\ReadHtmlCacheBehavior [ RunTime:0.001000s ]
INFO: [ app_begin ] --END-- [ RunTime:0.002000s ]
SQL: SHOW COLUMNS FROM `borrow_repayment` [ RunTime:0.0030s ]
SQL: UPDATE `borrow_repayment` SET `is_late`='1' WHERE ( repayment_time < 1461054005 AND is_repayment = 0 ) [ RunTime:0.0010s ]
SQL: UPDATE `borrow_repayment` SET `is_late`='0' WHERE ( is_repayment = 1 ) [ RunTime:0.0000s ]
NOTIC: [2] Division by zero D:\phpservice\WWW\borrow\App\Home\Controller\CommonController.class.php 第 8 行.
NOTIC: [8] Undefined index: name D:\phpservice\WWW\borrow\App\Home\Controller\CommonController.class.php 第 17 行.
INFO: [ view_parse ] --START--
INFO: [ template_filter ] --START--
INFO: Run Behavior\ContentReplaceBehavior [ RunTime:0.000000s ]
INFO: [ template_filter ] --END-- [ RunTime:0.001000s ]
INFO: Run Behavior\ParseTemplateBehavior [ RunTime:0.014001s ]
INFO: [ view_parse ] --END-- [ RunTime:0.014001s ]
INFO: [ view_filter ] --START--
INFO: Run Behavior\WriteHtmlCacheBehavior [ RunTime:0.002000s ]
INFO: [ view_filter ] --END-- [ RunTime:0.002000s ]

[ 2016-04-19T16:20:08+08:00 ] 127.0.0.1 /index.php/Home/Login/index.html
INFO: [ app_init ] --START--
INFO: Run Behavior\BuildLiteBehavior [ RunTime:0.000000s ]
INFO: [ app_init ] --END-- [ RunTime:0.001000s ]
INFO: [ app_begin ] --START--
INFO: Run Behavior\ReadHtmlCacheBehavior [ RunTime:0.002000s ]
INFO: [ app_begin ] --END-- [ RunTime:0.003000s ]
INFO: [ view_parse ] --START--
INFO: [ template_filter ] --START--
INFO: Run Behavior\ContentReplaceBehavior [ RunTime:0.001000s ]
INFO: [ template_filter ] --END-- [ RunTime:0.001000s ]
NOTIC: [8] Undefined variable: SiteInfo D:\phpservice\WWW\borrow\App\Runtime\Cache\Home\29043a4c167ab71e7ddaec218a6a2780.php 第 7 行.
NOTIC: [8] Undefined variable: SiteInfo D:\phpservice\WWW\borrow\App\Runtime\Cache\Home\29043a4c167ab71e7ddaec218a6a2780.php 第 8 行.
NOTIC: [8] Undefined variable: str_2016 D:\phpservice\WWW\borrow\App\Runtime\Cache\Home\29043a4c167ab71e7ddaec218a6a2780.php 第 130 行.
NOTIC: [8] Undefined variable: str_2015 D:\phpservice\WWW\borrow\App\Runtime\Cache\Home\29043a4c167ab71e7ddaec218a6a2780.php 第 143 行.
INFO: Run Behavior\ParseTemplateBehavior [ RunTime:0.025002s ]
INFO: [ view_parse ] --END-- [ RunTime:0.026002s ]
INFO: [ view_filter ] --START--
INFO: Run Behavior\WriteHtmlCacheBehavior [ RunTime:0.001000s ]
INFO: [ view_filter ] --END-- [ RunTime:0.001000s ]
INFO: [ app_end ] --START--
INFO: Run Behavior\ShowPageTraceBehavior [ RunTime:0.001000s ]
INFO: [ app_end ] --END-- [ RunTime:0.001000s ]

[ 2016-04-19T16:20:22+08:00 ] 127.0.0.1 /index.php/Home/Login/login_act
INFO: [ app_init ] --START--
INFO: Run Behavior\BuildLiteBehavior [ RunTime:0.000000s ]
INFO: [ app_init ] --END-- [ RunTime:0.001000s ]
INFO: [ app_begin ] --START--
INFO: Run Behavior\ReadHtmlCacheBehavior [ RunTime:0.002000s ]
INFO: [ app_begin ] --END-- [ RunTime:0.003000s ]
SQL: SHOW COLUMNS FROM `admin` [ RunTime:0.0020s ]
SQL: SELECT * FROM `admin` WHERE ( name='admin' AND password='21232f297a57a5a743894a0e4a801fc3' ) LIMIT 1   [ RunTime:0.0000s ]
INFO: [ view_parse ] --START--
INFO: [ template_filter ] --START--
INFO: Run Behavior\ContentReplaceBehavior [ RunTime:0.002000s ]
INFO: [ template_filter ] --END-- [ RunTime:0.002000s ]
INFO: Run Behavior\ParseTemplateBehavior [ RunTime:0.015001s ]
INFO: [ view_parse ] --END-- [ RunTime:0.016001s ]
INFO: [ view_filter ] --START--
INFO: Run Behavior\WriteHtmlCacheBehavior [ RunTime:0.000000s ]
INFO: [ view_filter ] --END-- [ RunTime:0.001000s ]

[ 2016-04-19T16:20:27+08:00 ] 127.0.0.1 /index.php/Home/Login/login_act
INFO: [ app_init ] --START--
INFO: Run Behavior\BuildLiteBehavior [ RunTime:0.001000s ]
INFO: [ app_init ] --END-- [ RunTime:0.004001s ]
INFO: [ app_begin ] --START--
INFO: Run Behavior\ReadHtmlCacheBehavior [ RunTime:0.002000s ]
INFO: [ app_begin ] --END-- [ RunTime:0.004000s ]
SQL: SHOW COLUMNS FROM `admin` [ RunTime:0.0020s ]
SQL: SELECT * FROM `admin` WHERE ( name='admin' AND password='e10adc3949ba59abbe56e057f20f883e' ) LIMIT 1   [ RunTime:0.0010s ]
NOTIC: [8] A session had already been started - ignoring session_start() D:\phpservice\WWW\borrow\ThinkPHP\Common\functions.php 第 1263 行.
INFO: [ view_parse ] --START--
INFO: [ template_filter ] --START--
INFO: Run Behavior\ContentReplaceBehavior [ RunTime:0.000000s ]
INFO: [ template_filter ] --END-- [ RunTime:0.001000s ]
INFO: Run Behavior\ParseTemplateBehavior [ RunTime:0.014001s ]
INFO: [ view_parse ] --END-- [ RunTime:0.014001s ]
INFO: [ view_filter ] --START--
INFO: Run Behavior\WriteHtmlCacheBehavior [ RunTime:0.000000s ]
INFO: [ view_filter ] --END-- [ RunTime:0.001000s ]
INFO: [ app_end ] --START--
INFO: Run Behavior\ShowPageTraceBehavior [ RunTime:0.001000s ]
INFO: [ app_end ] --END-- [ RunTime:0.001000s ]

[ 2016-04-19T16:20:29+08:00 ] 127.0.0.1 /
INFO: [ app_init ] --START--
INFO: Run Behavior\BuildLiteBehavior [ RunTime:0.001001s ]
INFO: [ app_init ] --END-- [ RunTime:0.001001s ]
INFO: [ app_begin ] --START--
INFO: Run Behavior\ReadHtmlCacheBehavior [ RunTime:0.002000s ]
INFO: [ app_begin ] --END-- [ RunTime:0.004001s ]
SQL: SHOW COLUMNS FROM `borrow_repayment` [ RunTime:0.0080s ]
SQL: UPDATE `borrow_repayment` SET `is_late`='1' WHERE ( repayment_time < 1461054029 AND is_repayment = 0 ) [ RunTime:0.0010s ]
SQL: UPDATE `borrow_repayment` SET `is_late`='0' WHERE ( is_repayment = 1 ) [ RunTime:0.0060s ]
NOTIC: [2] Division by zero D:\phpservice\WWW\borrow\App\Home\Controller\CommonController.class.php 第 8 行.
SQL: SHOW COLUMNS FROM `borrow` [ RunTime:0.0050s ]
SQL: SELECT sum(borrow_money) FROM `borrow` LIMIT 1   [ RunTime:0.0020s ]
SQL: SELECT sum(borrow_procedures) FROM `borrow` LIMIT 1   [ RunTime:0.0000s ]
SQL: SELECT sum(borrow_procedures) FROM `borrow` WHERE ( is_procedures=1 ) LIMIT 1   [ RunTime:0.0030s ]
SQL: SELECT sum(borrow_interest) FROM `borrow` LIMIT 1   [ RunTime:0.0010s ]
SQL: SELECT `id`,`repayment_money`,`borrow_id` FROM `borrow_repayment` WHERE ( is_repayment = 0 AND repayment_time<1461054029 )  [ RunTime:0.0010s ]
SQL: SELECT `borrow_money` FROM `borrow` WHERE ( id=21 ) LIMIT 1   [ RunTime:0.0040s ]
SQL: SELECT `id`,`borrow_duration`,`borrow_interest` FROM `borrow`  [ RunTime:0.0010s ]
SQL: SELECT count(id) as count,sum(repayment_money) as all_repayment_money FROM `borrow_repayment` WHERE ( borrow_id=1 AND is_repayment = 1 ) LIMIT 1   [ RunTime:0.0000s ]
SQL: SELECT count(id) as count,sum(repayment_money) as all_repayment_money FROM `borrow_repayment` WHERE ( borrow_id=2 AND is_repayment = 1 ) LIMIT 1   [ RunTime:0.0000s ]
SQL: SELECT count(id) as count,sum(repayment_money) as all_repayment_money FROM `borrow_repayment` WHERE ( borrow_id=3 AND is_repayment = 1 ) LIMIT 1   [ RunTime:0.0010s ]
SQL: SELECT count(id) as count,sum(repayment_money) as all_repayment_money FROM `borrow_repayment` WHERE ( borrow_id=4 AND is_repayment = 1 ) LIMIT 1   [ RunTime:0.0000s ]
SQL: SELECT count(id) as count,sum(repayment_money) as all_repayment_money FROM `borrow_repayment` WHERE ( borrow_id=6 AND is_repayment = 1 ) LIMIT 1   [ RunTime:0.0000s ]
SQL: SELECT count(id) as count,sum(repayment_money) as all_repayment_money FROM `borrow_repayment` WHERE ( borrow_id=7 AND is_repayment = 1 ) LIMIT 1   [ RunTime:0.0000s ]
SQL: SELECT count(id) as count,sum(repayment_money) as all_repayment_money FROM `borrow_repayment` WHERE ( borrow_id=8 AND is_repayment = 1 ) LIMIT 1   [ RunTime:0.0000s ]
SQL: SELECT count(id) as count,sum(repayment_money) as all_repayment_money FROM `borrow_repayment` WHERE ( borrow_id=10 AND is_repayment = 1 ) LIMIT 1   [ RunTime:0.0010s ]
SQL: SELECT count(id) as count,sum(repayment_money) as all_repayment_money FROM `borrow_repayment` WHERE ( borrow_id=11 AND is_repayment = 1 ) LIMIT 1   [ RunTime:0.0010s ]
SQL: SELECT count(id) as count,sum(repayment_money) as all_repayment_money FROM `borrow_repayment` WHERE ( borrow_id=12 AND is_repayment = 1 ) LIMIT 1   [ RunTime:0.0010s ]
SQL: SELECT count(id) as count,sum(repayment_money) as all_repayment_money FROM `borrow_repayment` WHERE ( borrow_id=13 AND is_repayment = 1 ) LIMIT 1   [ RunTime:0.0010s ]
SQL: SELECT count(id) as count,sum(repayment_money) as all_repayment_money FROM `borrow_repayment` WHERE ( borrow_id=14 AND is_repayment = 1 ) LIMIT 1   [ RunTime:0.0030s ]
SQL: SELECT count(id) as count,sum(repayment_money) as all_repayment_money FROM `borrow_repayment` WHERE ( borrow_id=15 AND is_repayment = 1 ) LIMIT 1   [ RunTime:0.0020s ]
SQL: SELECT count(id) as count,sum(repayment_money) as all_repayment_money FROM `borrow_repayment` WHERE ( borrow_id=17 AND is_repayment = 1 ) LIMIT 1   [ RunTime:0.0010s ]
SQL: SELECT count(id) as count,sum(repayment_money) as all_repayment_money FROM `borrow_repayment` WHERE ( borrow_id=20 AND is_repayment = 1 ) LIMIT 1   [ RunTime:0.0020s ]
SQL: SELECT count(id) as count,sum(repayment_money) as all_repayment_money FROM `borrow_repayment` WHERE ( borrow_id=21 AND is_repayment = 1 ) LIMIT 1   [ RunTime:0.0010s ]
SQL: SELECT sum(late_penalty_money+late_interest_money) FROM `borrow_repayment` WHERE ( is_late_money =1 AND is_repayment_late_money = 0 ) LIMIT 1   [ RunTime:0.0000s ]
SQL: SELECT sum(late_penalty_money+late_interest_money) FROM `borrow_repayment` WHERE ( is_late_money =1  AND is_repayment_late_money = 1 ) LIMIT 1   [ RunTime:0.0010s ]
INFO: [ view_parse ] --START--
INFO: [ template_filter ] --START--
INFO: Run Behavior\ContentReplaceBehavior [ RunTime:0.001000s ]
INFO: [ template_filter ] --END-- [ RunTime:0.001000s ]
NOTIC: [8] Undefined variable: SiteInfo D:\phpservice\WWW\borrow\App\Runtime\Cache\Home\00e52909bed743ea261af4b6823297ff.php 第 10 行.
NOTIC: [8] Undefined variable: SiteInfo D:\phpservice\WWW\borrow\App\Runtime\Cache\Home\00e52909bed743ea261af4b6823297ff.php 第 11 行.
NOTIC: [8] Undefined variable: str_2016 D:\phpservice\WWW\borrow\App\Runtime\Cache\Home\00e52909bed743ea261af4b6823297ff.php 第 453 行.
NOTIC: [8] Undefined variable: str_2015 D:\phpservice\WWW\borrow\App\Runtime\Cache\Home\00e52909bed743ea261af4b6823297ff.php 第 466 行.
INFO: Run Behavior\ParseTemplateBehavior [ RunTime:0.052003s ]
INFO: [ view_parse ] --END-- [ RunTime:0.053003s ]
INFO: [ view_filter ] --START--
INFO: Run Behavior\WriteHtmlCacheBehavior [ RunTime:0.001001s ]
INFO: [ view_filter ] --END-- [ RunTime:0.003001s ]
INFO: [ app_end ] --START--
INFO: Run Behavior\ShowPageTraceBehavior [ RunTime:0.004000s ]
INFO: [ app_end ] --END-- [ RunTime:0.005000s ]

[ 2016-04-19T16:20:30+08:00 ] 127.0.0.1 /index.php/Home/Index/ajaxquery?draw=1&columns%5B0%5D%5Bdata%5D=&columns%5B0%5D%5Bname%5D=&columns%5B0%5D%5Bsearchable%5D=true&columns%5B0%5D%5Borderable%5D=false&columns%5B0%5D%5Bsearch%5D%5Bvalue%5D=&columns%5B0%5D%5Bsearch%5D%5Bregex%5D=false&columns%5B1%5D%5Bdata%5D=id&columns%5B1%5D%5Bname%5D=&columns%5B1%5D%5Bsearchable%5D=true&columns%5B1%5D%5Borderable%5D=true&columns%5B1%5D%5Bsearch%5D%5Bvalue%5D=&columns%5B1%5D%5Bsearch%5D%5Bregex%5D=false&columns%5B2%5D%5Bdata%5D=borrow_number&columns%5B2%5D%5Bname%5D=&columns%5B2%5D%5Bsearchable%5D=true&columns%5B2%5D%5Borderable%5D=true&columns%5B2%5D%5Bsearch%5D%5Bvalue%5D=&columns%5B2%5D%5Bsearch%5D%5Bregex%5D=false&columns%5B3%5D%5Bdata%5D=name&columns%5B3%5D%5Bname%5D=&columns%5B3%5D%5Bsearchable%5D=true&columns%5B3%5D%5Borderable%5D=true&columns%5B3%5D%5Bsearch%5D%5Bvalue%5D=&columns%5B3%5D%5Bsearch%5D%5Bregex%5D=false&columns%5B4%5D%5Bdata%5D=repayment_money&columns%5B4%5D%5Bname%5D=&columns%5B4%5D%5Bsearchable%5D=true&columns%5B4%5D%5Borderable%5D=true&columns%5B4%5D%5Bsearch%5D%5Bvalue%5D=&columns%5B4%5D%5Bsearch%5D%5Bregex%5D=false&columns%5B5%5D%5Bdata%5D=repayment_time&columns%5B5%5D%5Bname%5D=&columns%5B5%5D%5Bsearchable%5D=true&columns%5B5%5D%5Borderable%5D=true&columns%5B5%5D%5Bsearch%5D%5Bvalue%5D=&columns%5B5%5D%5Bsearch%5D%5Bregex%5D=false&columns%5B6%5D%5Bdata%5D=real_repayment_time&columns%5B6%5D%5Bname%5D=&columns%5B6%5D%5Bsearchable%5D=true&columns%5B6%5D%5Borderable%5D=true&columns%5B6%5D%5Bsearch%5D%5Bvalue%5D=&columns%5B6%5D%5Bsearch%5D%5Bregex%5D=false&columns%5B7%5D%5Bdata%5D=is_late&columns%5B7%5D%5Bname%5D=&columns%5B7%5D%5Bsearchable%5D=true&columns%5B7%5D%5Borderable%5D=true&columns%5B7%5D%5Bsearch%5D%5Bvalue%5D=&columns%5B7%5D%5Bsearch%5D%5Bregex%5D=false&columns%5B8%5D%5Bdata%5D=action&columns%5B8%5D%5Bname%5D=&columns%5B8%5D%5Bsearchable%5D=true&columns%5B8%5D%5Borderable%5D=false&columns%5B8%5D%5Bsearch%5D%5Bvalue%5D=&columns%5B8%5D%5Bsearch%5D%5Bregex%5D=false&order%5B0%5D%5Bcolumn%5D=5&order%5B0%5D%5Bdir%5D=asc&start=0&length=50&search%5Bvalue%5D=&search%5Bregex%5D=false&_=1461054029612
INFO: [ app_init ] --START--
INFO: Run Behavior\BuildLiteBehavior [ RunTime:0.000000s ]
INFO: [ app_init ] --END-- [ RunTime:0.001000s ]
INFO: [ app_begin ] --START--
INFO: Run Behavior\ReadHtmlCacheBehavior [ RunTime:0.001000s ]
INFO: [ app_begin ] --END-- [ RunTime:0.003000s ]
SQL: SHOW COLUMNS FROM `borrow_repayment` [ RunTime:0.0020s ]
SQL: UPDATE `borrow_repayment` SET `is_late`='1' WHERE ( repayment_time < 1461054030 AND is_repayment = 0 ) [ RunTime:0.0010s ]
SQL: UPDATE `borrow_repayment` SET `is_late`='0' WHERE ( is_repayment = 1 ) [ RunTime:0.0010s ]
NOTIC: [2] Division by zero D:\phpservice\WWW\borrow\App\Home\Controller\CommonController.class.php 第 8 行.
NOTIC: [2] Missing argument 2 for Home\Model\IndexModel::m_frist_and_last(), called in D:\phpservice\WWW\borrow\App\Home\Controller\IndexController.class.php on line 32 and defined D:\phpservice\WWW\borrow\App\Home\Model\IndexModel.class.php 第 65 行.
NOTIC: [8] Undefined variable: y D:\phpservice\WWW\borrow\App\Home\Model\IndexModel.class.php 第 66 行.
SQL: SHOW COLUMNS FROM `borrow_repayment` [ RunTime:0.0030s ]
SQL: SELECT r.*,u.name,u.id as uid,b.borrow_number FROM `borrow_repayment` `r`,`borrow` `b`,`user` `u` WHERE ( r.borrow_uid = u.id AND r.borrow_id = b.id  AND repayment_time>=1459440000 AND repayment_time<1462031999 ) ORDER BY repayment_time asc LIMIT 0,50   [ RunTime:0.0010s ]
SQL: SHOW COLUMNS FROM `borrow_repayment` [ RunTime:0.0040s ]
SQL: SELECT COUNT(*) AS tp_count FROM `borrow_repayment` `r`,`borrow` `b`,`user` `u` WHERE ( r.borrow_uid = u.id AND r.borrow_id = b.id AND repayment_time>=1459440000 AND repayment_time<1462031999 ) LIMIT 1   [ RunTime:0.0000s ]
NOTIC: [8] Undefined index: id_repayment D:\phpservice\WWW\borrow\App\Home\Controller\IndexController.class.php 第 89 行.
NOTIC: [8] Undefined index: id_repayment D:\phpservice\WWW\borrow\App\Home\Controller\IndexController.class.php 第 89 行.

[ 2016-04-19T16:20:30+08:00 ] 127.0.0.1 /index.php/Home/Index/richeng/m/4/y/2016
INFO: [ app_init ] --START--
INFO: Run Behavior\BuildLiteBehavior [ RunTime:0.000000s ]
INFO: [ app_init ] --END-- [ RunTime:0.003000s ]
INFO: [ app_begin ] --START--
INFO: Run Behavior\ReadHtmlCacheBehavior [ RunTime:0.002000s ]
INFO: [ app_begin ] --END-- [ RunTime:0.002000s ]
SQL: SHOW COLUMNS FROM `borrow_repayment` [ RunTime:0.0020s ]
SQL: UPDATE `borrow_repayment` SET `is_late`='1' WHERE ( repayment_time < 1461054030 AND is_repayment = 0 ) [ RunTime:0.0010s ]
SQL: UPDATE `borrow_repayment` SET `is_late`='0' WHERE ( is_repayment = 1 ) [ RunTime:0.0000s ]
NOTIC: [2] Division by zero D:\phpservice\WWW\borrow\App\Home\Controller\CommonController.class.php 第 8 行.
SQL: SHOW COLUMNS FROM `borrow_repayment` [ RunTime:0.0020s ]
SQL: SELECT r.*,u.name,b.borrow_money,b.borrow_duration FROM `borrow_repayment` `r`,`borrow` `b`,`user` `u` WHERE ( r.borrow_uid = u.id AND r.borrow_id = b.id  AND r.repayment_time>=1459440000 AND repayment_time<1462031999 )  [ RunTime:0.0000s ]

[ 2016-04-19T16:21:35+08:00 ] 127.0.0.1 /
INFO: [ app_init ] --START--
INFO: Run Behavior\BuildLiteBehavior [ RunTime:0.001000s ]
INFO: [ app_init ] --END-- [ RunTime:0.001000s ]
INFO: [ app_begin ] --START--
INFO: Run Behavior\ReadHtmlCacheBehavior [ RunTime:0.002000s ]
INFO: [ app_begin ] --END-- [ RunTime:0.003000s ]
SQL: SHOW COLUMNS FROM `borrow_repayment` [ RunTime:0.0020s ]
SQL: UPDATE `borrow_repayment` SET `is_late`='1' WHERE ( repayment_time < 1461054095 AND is_repayment = 0 ) [ RunTime:0.0000s ]
SQL: UPDATE `borrow_repayment` SET `is_late`='0' WHERE ( is_repayment = 1 ) [ RunTime:0.0010s ]
NOTIC: [2] Division by zero D:\phpservice\WWW\borrow\App\Home\Controller\CommonController.class.php 第 8 行.
SQL: SHOW COLUMNS FROM `borrow` [ RunTime:0.0070s ]
SQL: SELECT sum(borrow_money) FROM `borrow` LIMIT 1   [ RunTime:0.0000s ]
SQL: SELECT sum(borrow_procedures) FROM `borrow` LIMIT 1   [ RunTime:0.0010s ]
SQL: SELECT sum(borrow_procedures) FROM `borrow` WHERE ( is_procedures=1 ) LIMIT 1   [ RunTime:0.0030s ]
SQL: SELECT sum(borrow_interest) FROM `borrow` LIMIT 1   [ RunTime:0.0000s ]
SQL: SELECT `id`,`repayment_money`,`borrow_id` FROM `borrow_repayment` WHERE ( is_repayment = 0 AND repayment_time<1461054095 )  [ RunTime:0.0010s ]
SQL: SELECT `borrow_money` FROM `borrow` WHERE ( id=21 ) LIMIT 1   [ RunTime:0.0000s ]
SQL: SELECT `id`,`borrow_duration`,`borrow_interest` FROM `borrow`  [ RunTime:0.0000s ]
SQL: SELECT count(id) as count,sum(repayment_money) as all_repayment_money FROM `borrow_repayment` WHERE ( borrow_id=1 AND is_repayment = 1 ) LIMIT 1   [ RunTime:0.0000s ]
SQL: SELECT count(id) as count,sum(repayment_money) as all_repayment_money FROM `borrow_repayment` WHERE ( borrow_id=2 AND is_repayment = 1 ) LIMIT 1   [ RunTime:0.0000s ]
SQL: SELECT count(id) as count,sum(repayment_money) as all_repayment_money FROM `borrow_repayment` WHERE ( borrow_id=3 AND is_repayment = 1 ) LIMIT 1   [ RunTime:0.0010s ]
SQL: SELECT count(id) as count,sum(repayment_money) as all_repayment_money FROM `borrow_repayment` WHERE ( borrow_id=4 AND is_repayment = 1 ) LIMIT 1   [ RunTime:0.0010s ]
SQL: SELECT count(id) as count,sum(repayment_money) as all_repayment_money FROM `borrow_repayment` WHERE ( borrow_id=6 AND is_repayment = 1 ) LIMIT 1   [ RunTime:0.0000s ]
SQL: SELECT count(id) as count,sum(repayment_money) as all_repayment_money FROM `borrow_repayment` WHERE ( borrow_id=7 AND is_repayment = 1 ) LIMIT 1   [ RunTime:0.0010s ]
SQL: SELECT count(id) as count,sum(repayment_money) as all_repayment_money FROM `borrow_repayment` WHERE ( borrow_id=8 AND is_repayment = 1 ) LIMIT 1   [ RunTime:0.0010s ]
SQL: SELECT count(id) as count,sum(repayment_money) as all_repayment_money FROM `borrow_repayment` WHERE ( borrow_id=10 AND is_repayment = 1 ) LIMIT 1   [ RunTime:0.0010s ]
SQL: SELECT count(id) as count,sum(repayment_money) as all_repayment_money FROM `borrow_repayment` WHERE ( borrow_id=11 AND is_repayment = 1 ) LIMIT 1   [ RunTime:0.0000s ]
SQL: SELECT count(id) as count,sum(repayment_money) as all_repayment_money FROM `borrow_repayment` WHERE ( borrow_id=12 AND is_repayment = 1 ) LIMIT 1   [ RunTime:0.0000s ]
SQL: SELECT count(id) as count,sum(repayment_money) as all_repayment_money FROM `borrow_repayment` WHERE ( borrow_id=13 AND is_repayment = 1 ) LIMIT 1   [ RunTime:0.0000s ]
SQL: SELECT count(id) as count,sum(repayment_money) as all_repayment_money FROM `borrow_repayment` WHERE ( borrow_id=14 AND is_repayment = 1 ) LIMIT 1   [ RunTime:0.0000s ]
SQL: SELECT count(id) as count,sum(repayment_money) as all_repayment_money FROM `borrow_repayment` WHERE ( borrow_id=15 AND is_repayment = 1 ) LIMIT 1   [ RunTime:0.0010s ]
SQL: SELECT count(id) as count,sum(repayment_money) as all_repayment_money FROM `borrow_repayment` WHERE ( borrow_id=17 AND is_repayment = 1 ) LIMIT 1   [ RunTime:0.0000s ]
SQL: SELECT count(id) as count,sum(repayment_money) as all_repayment_money FROM `borrow_repayment` WHERE ( borrow_id=20 AND is_repayment = 1 ) LIMIT 1   [ RunTime:0.0000s ]
SQL: SELECT count(id) as count,sum(repayment_money) as all_repayment_money FROM `borrow_repayment` WHERE ( borrow_id=21 AND is_repayment = 1 ) LIMIT 1   [ RunTime:0.0000s ]
SQL: SELECT sum(late_penalty_money+late_interest_money) FROM `borrow_repayment` WHERE ( is_late_money =1 AND is_repayment_late_money = 0 ) LIMIT 1   [ RunTime:0.0000s ]
SQL: SELECT sum(late_penalty_money+late_interest_money) FROM `borrow_repayment` WHERE ( is_late_money =1  AND is_repayment_late_money = 1 ) LIMIT 1   [ RunTime:0.0000s ]
INFO: [ view_parse ] --START--
INFO: [ template_filter ] --START--
INFO: Run Behavior\ContentReplaceBehavior [ RunTime:0.000000s ]
INFO: [ template_filter ] --END-- [ RunTime:0.001000s ]
NOTIC: [8] Undefined variable: SiteInfo D:\phpservice\WWW\borrow\App\Runtime\Cache\Home\00e52909bed743ea261af4b6823297ff.php 第 10 行.
NOTIC: [8] Undefined variable: SiteInfo D:\phpservice\WWW\borrow\App\Runtime\Cache\Home\00e52909bed743ea261af4b6823297ff.php 第 11 行.
NOTIC: [8] Undefined variable: str_2016 D:\phpservice\WWW\borrow\App\Runtime\Cache\Home\00e52909bed743ea261af4b6823297ff.php 第 456 行.
NOTIC: [8] Undefined variable: str_2015 D:\phpservice\WWW\borrow\App\Runtime\Cache\Home\00e52909bed743ea261af4b6823297ff.php 第 469 行.
INFO: Run Behavior\ParseTemplateBehavior [ RunTime:0.032002s ]
INFO: [ view_parse ] --END-- [ RunTime:0.033002s ]
INFO: [ view_filter ] --START--
INFO: Run Behavior\WriteHtmlCacheBehavior [ RunTime:0.001000s ]
INFO: [ view_filter ] --END-- [ RunTime:0.001000s ]
INFO: [ app_end ] --START--
INFO: Run Behavior\ShowPageTraceBehavior [ RunTime:0.001000s ]
INFO: [ app_end ] --END-- [ RunTime:0.002000s ]

[ 2016-04-19T16:21:36+08:00 ] 127.0.0.1 /index.php/Home/Index/ajaxquery?draw=1&columns%5B0%5D%5Bdata%5D=&columns%5B0%5D%5Bname%5D=&columns%5B0%5D%5Bsearchable%5D=true&columns%5B0%5D%5Borderable%5D=false&columns%5B0%5D%5Bsearch%5D%5Bvalue%5D=&columns%5B0%5D%5Bsearch%5D%5Bregex%5D=false&columns%5B1%5D%5Bdata%5D=id&columns%5B1%5D%5Bname%5D=&columns%5B1%5D%5Bsearchable%5D=true&columns%5B1%5D%5Borderable%5D=true&columns%5B1%5D%5Bsearch%5D%5Bvalue%5D=&columns%5B1%5D%5Bsearch%5D%5Bregex%5D=false&columns%5B2%5D%5Bdata%5D=borrow_number&columns%5B2%5D%5Bname%5D=&columns%5B2%5D%5Bsearchable%5D=true&columns%5B2%5D%5Borderable%5D=true&columns%5B2%5D%5Bsearch%5D%5Bvalue%5D=&columns%5B2%5D%5Bsearch%5D%5Bregex%5D=false&columns%5B3%5D%5Bdata%5D=name&columns%5B3%5D%5Bname%5D=&columns%5B3%5D%5Bsearchable%5D=true&columns%5B3%5D%5Borderable%5D=true&columns%5B3%5D%5Bsearch%5D%5Bvalue%5D=&columns%5B3%5D%5Bsearch%5D%5Bregex%5D=false&columns%5B4%5D%5Bdata%5D=repayment_money&columns%5B4%5D%5Bname%5D=&columns%5B4%5D%5Bsearchable%5D=true&columns%5B4%5D%5Borderable%5D=true&columns%5B4%5D%5Bsearch%5D%5Bvalue%5D=&columns%5B4%5D%5Bsearch%5D%5Bregex%5D=false&columns%5B5%5D%5Bdata%5D=repayment_time&columns%5B5%5D%5Bname%5D=&columns%5B5%5D%5Bsearchable%5D=true&columns%5B5%5D%5Borderable%5D=true&columns%5B5%5D%5Bsearch%5D%5Bvalue%5D=&columns%5B5%5D%5Bsearch%5D%5Bregex%5D=false&columns%5B6%5D%5Bdata%5D=real_repayment_time&columns%5B6%5D%5Bname%5D=&columns%5B6%5D%5Bsearchable%5D=true&columns%5B6%5D%5Borderable%5D=true&columns%5B6%5D%5Bsearch%5D%5Bvalue%5D=&columns%5B6%5D%5Bsearch%5D%5Bregex%5D=false&columns%5B7%5D%5Bdata%5D=is_late&columns%5B7%5D%5Bname%5D=&columns%5B7%5D%5Bsearchable%5D=true&columns%5B7%5D%5Borderable%5D=true&columns%5B7%5D%5Bsearch%5D%5Bvalue%5D=&columns%5B7%5D%5Bsearch%5D%5Bregex%5D=false&columns%5B8%5D%5Bdata%5D=action&columns%5B8%5D%5Bname%5D=&columns%5B8%5D%5Bsearchable%5D=true&columns%5B8%5D%5Borderable%5D=false&columns%5B8%5D%5Bsearch%5D%5Bvalue%5D=&columns%5B8%5D%5Bsearch%5D%5Bregex%5D=false&order%5B0%5D%5Bcolumn%5D=5&order%5B0%5D%5Bdir%5D=asc&start=0&length=50&search%5Bvalue%5D=&search%5Bregex%5D=false&_=1461054096297
INFO: [ app_init ] --START--
INFO: Run Behavior\BuildLiteBehavior [ RunTime:0.000000s ]
INFO: [ app_init ] --END-- [ RunTime:0.001000s ]
INFO: [ app_begin ] --START--
INFO: Run Behavior\ReadHtmlCacheBehavior [ RunTime:0.002001s ]
INFO: [ app_begin ] --END-- [ RunTime:0.005001s ]
SQL: SHOW COLUMNS FROM `borrow_repayment` [ RunTime:0.0010s ]
SQL: UPDATE `borrow_repayment` SET `is_late`='1' WHERE ( repayment_time < 1461054096 AND is_repayment = 0 ) [ RunTime:0.0010s ]
SQL: UPDATE `borrow_repayment` SET `is_late`='0' WHERE ( is_repayment = 1 ) [ RunTime:0.0010s ]
NOTIC: [2] Division by zero D:\phpservice\WWW\borrow\App\Home\Controller\CommonController.class.php 第 8 行.
NOTIC: [2] Missing argument 2 for Home\Model\IndexModel::m_frist_and_last(), called in D:\phpservice\WWW\borrow\App\Home\Controller\IndexController.class.php on line 32 and defined D:\phpservice\WWW\borrow\App\Home\Model\IndexModel.class.php 第 65 行.
NOTIC: [8] Undefined variable: y D:\phpservice\WWW\borrow\App\Home\Model\IndexModel.class.php 第 66 行.
SQL: SHOW COLUMNS FROM `borrow_repayment` [ RunTime:0.0030s ]
SQL: SELECT r.*,u.name,u.id as uid,b.borrow_number FROM `borrow_repayment` `r`,`borrow` `b`,`user` `u` WHERE ( r.borrow_uid = u.id AND r.borrow_id = b.id  AND repayment_time>=1459440000 AND repayment_time<1462031999 ) ORDER BY repayment_time asc LIMIT 0,50   [ RunTime:0.0010s ]
SQL: SHOW COLUMNS FROM `borrow_repayment` [ RunTime:0.0040s ]
SQL: SELECT COUNT(*) AS tp_count FROM `borrow_repayment` `r`,`borrow` `b`,`user` `u` WHERE ( r.borrow_uid = u.id AND r.borrow_id = b.id AND repayment_time>=1459440000 AND repayment_time<1462031999 ) LIMIT 1   [ RunTime:0.0010s ]
NOTIC: [8] Undefined index: id_repayment D:\phpservice\WWW\borrow\App\Home\Controller\IndexController.class.php 第 89 行.
NOTIC: [8] Undefined index: id_repayment D:\phpservice\WWW\borrow\App\Home\Controller\IndexController.class.php 第 89 行.

[ 2016-04-19T16:21:36+08:00 ] 127.0.0.1 /index.php/Home/Index/richeng/m/4/y/2016
INFO: [ app_init ] --START--
INFO: Run Behavior\BuildLiteBehavior [ RunTime:0.000000s ]
INFO: [ app_init ] --END-- [ RunTime:0.001000s ]
INFO: [ app_begin ] --START--
INFO: Run Behavior\ReadHtmlCacheBehavior [ RunTime:0.001000s ]
INFO: [ app_begin ] --END-- [ RunTime:0.001000s ]
SQL: SHOW COLUMNS FROM `borrow_repayment` [ RunTime:0.0030s ]
SQL: UPDATE `borrow_repayment` SET `is_late`='1' WHERE ( repayment_time < 1461054096 AND is_repayment = 0 ) [ RunTime:0.0030s ]
SQL: UPDATE `borrow_repayment` SET `is_late`='0' WHERE ( is_repayment = 1 ) [ RunTime:0.0010s ]
NOTIC: [2] Division by zero D:\phpservice\WWW\borrow\App\Home\Controller\CommonController.class.php 第 8 行.
SQL: SHOW COLUMNS FROM `borrow_repayment` [ RunTime:0.0020s ]
SQL: SELECT r.*,u.name,b.borrow_money,b.borrow_duration FROM `borrow_repayment` `r`,`borrow` `b`,`user` `u` WHERE ( r.borrow_uid = u.id AND r.borrow_id = b.id  AND r.repayment_time>=1459440000 AND repayment_time<1462031999 )  [ RunTime:0.0010s ]

[ 2016-04-19T16:22:02+08:00 ] 127.0.0.1 /
INFO: [ app_init ] --START--
INFO: Run Behavior\BuildLiteBehavior [ RunTime:0.001000s ]
INFO: [ app_init ] --END-- [ RunTime:0.001000s ]
INFO: [ app_begin ] --START--
INFO: Run Behavior\ReadHtmlCacheBehavior [ RunTime:0.001000s ]
INFO: [ app_begin ] --END-- [ RunTime:0.002000s ]
SQL: SHOW COLUMNS FROM `borrow_repayment` [ RunTime:0.0020s ]
SQL: UPDATE `borrow_repayment` SET `is_late`='1' WHERE ( repayment_time < 1461054122 AND is_repayment = 0 ) [ RunTime:0.0010s ]
SQL: UPDATE `borrow_repayment` SET `is_late`='0' WHERE ( is_repayment = 1 ) [ RunTime:0.0010s ]
NOTIC: [2] Division by zero D:\phpservice\WWW\borrow\App\Home\Controller\CommonController.class.php 第 8 行.
SQL: SHOW COLUMNS FROM `borrow` [ RunTime:0.0020s ]
SQL: SELECT sum(borrow_money) FROM `borrow` LIMIT 1   [ RunTime:0.0000s ]
SQL: SELECT sum(borrow_procedures) FROM `borrow` LIMIT 1   [ RunTime:0.0010s ]
SQL: SELECT sum(borrow_procedures) FROM `borrow` WHERE ( is_procedures=1 ) LIMIT 1   [ RunTime:0.0010s ]
SQL: SELECT sum(borrow_interest) FROM `borrow` LIMIT 1   [ RunTime:0.0010s ]
SQL: SELECT `id`,`repayment_money`,`borrow_id` FROM `borrow_repayment` WHERE ( is_repayment = 0 AND repayment_time<1461054122 )  [ RunTime:0.0010s ]
SQL: SELECT `borrow_money` FROM `borrow` WHERE ( id=21 ) LIMIT 1   [ RunTime:0.0000s ]
SQL: SELECT `id`,`borrow_duration`,`borrow_interest` FROM `borrow`  [ RunTime:0.0010s ]
SQL: SELECT count(id) as count,sum(repayment_money) as all_repayment_money FROM `borrow_repayment` WHERE ( borrow_id=1 AND is_repayment = 1 ) LIMIT 1   [ RunTime:0.0010s ]
SQL: SELECT count(id) as count,sum(repayment_money) as all_repayment_money FROM `borrow_repayment` WHERE ( borrow_id=2 AND is_repayment = 1 ) LIMIT 1   [ RunTime:0.0010s ]
SQL: SELECT count(id) as count,sum(repayment_money) as all_repayment_money FROM `borrow_repayment` WHERE ( borrow_id=3 AND is_repayment = 1 ) LIMIT 1   [ RunTime:0.0010s ]
SQL: SELECT count(id) as count,sum(repayment_money) as all_repayment_money FROM `borrow_repayment` WHERE ( borrow_id=4 AND is_repayment = 1 ) LIMIT 1   [ RunTime:0.0000s ]
SQL: SELECT count(id) as count,sum(repayment_money) as all_repayment_money FROM `borrow_repayment` WHERE ( borrow_id=6 AND is_repayment = 1 ) LIMIT 1   [ RunTime:0.0000s ]
SQL: SELECT count(id) as count,sum(repayment_money) as all_repayment_money FROM `borrow_repayment` WHERE ( borrow_id=7 AND is_repayment = 1 ) LIMIT 1   [ RunTime:0.0010s ]
SQL: SELECT count(id) as count,sum(repayment_money) as all_repayment_money FROM `borrow_repayment` WHERE ( borrow_id=8 AND is_repayment = 1 ) LIMIT 1   [ RunTime:0.0010s ]
SQL: SELECT count(id) as count,sum(repayment_money) as all_repayment_money FROM `borrow_repayment` WHERE ( borrow_id=10 AND is_repayment = 1 ) LIMIT 1   [ RunTime:0.0010s ]
SQL: SELECT count(id) as count,sum(repayment_money) as all_repayment_money FROM `borrow_repayment` WHERE ( borrow_id=11 AND is_repayment = 1 ) LIMIT 1   [ RunTime:0.0000s ]
SQL: SELECT count(id) as count,sum(repayment_money) as all_repayment_money FROM `borrow_repayment` WHERE ( borrow_id=12 AND is_repayment = 1 ) LIMIT 1   [ RunTime:0.0000s ]
SQL: SELECT count(id) as count,sum(repayment_money) as all_repayment_money FROM `borrow_repayment` WHERE ( borrow_id=13 AND is_repayment = 1 ) LIMIT 1   [ RunTime:0.0000s ]
SQL: SELECT count(id) as count,sum(repayment_money) as all_repayment_money FROM `borrow_repayment` WHERE ( borrow_id=14 AND is_repayment = 1 ) LIMIT 1   [ RunTime:0.0000s ]
SQL: SELECT count(id) as count,sum(repayment_money) as all_repayment_money FROM `borrow_repayment` WHERE ( borrow_id=15 AND is_repayment = 1 ) LIMIT 1   [ RunTime:0.0000s ]
SQL: SELECT count(id) as count,sum(repayment_money) as all_repayment_money FROM `borrow_repayment` WHERE ( borrow_id=17 AND is_repayment = 1 ) LIMIT 1   [ RunTime:0.0000s ]
SQL: SELECT count(id) as count,sum(repayment_money) as all_repayment_money FROM `borrow_repayment` WHERE ( borrow_id=20 AND is_repayment = 1 ) LIMIT 1   [ RunTime:0.0010s ]
SQL: SELECT count(id) as count,sum(repayment_money) as all_repayment_money FROM `borrow_repayment` WHERE ( borrow_id=21 AND is_repayment = 1 ) LIMIT 1   [ RunTime:0.0010s ]
SQL: SELECT sum(late_penalty_money+late_interest_money) FROM `borrow_repayment` WHERE ( is_late_money =1 AND is_repayment_late_money = 0 ) LIMIT 1   [ RunTime:0.0010s ]
SQL: SELECT sum(late_penalty_money+late_interest_money) FROM `borrow_repayment` WHERE ( is_late_money =1  AND is_repayment_late_money = 1 ) LIMIT 1   [ RunTime:0.0000s ]
INFO: [ view_parse ] --START--
INFO: [ template_filter ] --START--
INFO: Run Behavior\ContentReplaceBehavior [ RunTime:0.001000s ]
INFO: [ template_filter ] --END-- [ RunTime:0.001000s ]
NOTIC: [8] Undefined variable: SiteInfo D:\phpservice\WWW\borrow\App\Runtime\Cache\Home\00e52909bed743ea261af4b6823297ff.php 第 10 行.
NOTIC: [8] Undefined variable: SiteInfo D:\phpservice\WWW\borrow\App\Runtime\Cache\Home\00e52909bed743ea261af4b6823297ff.php 第 11 行.
NOTIC: [8] Undefined variable: str_2016 D:\phpservice\WWW\borrow\App\Runtime\Cache\Home\00e52909bed743ea261af4b6823297ff.php 第 458 行.
NOTIC: [8] Undefined variable: str_2015 D:\phpservice\WWW\borrow\App\Runtime\Cache\Home\00e52909bed743ea261af4b6823297ff.php 第 471 行.
INFO: Run Behavior\ParseTemplateBehavior [ RunTime:0.031001s ]
INFO: [ view_parse ] --END-- [ RunTime:0.031001s ]
INFO: [ view_filter ] --START--
INFO: Run Behavior\WriteHtmlCacheBehavior [ RunTime:0.000000s ]
INFO: [ view_filter ] --END-- [ RunTime:0.001001s ]
INFO: [ app_end ] --START--
INFO: Run Behavior\ShowPageTraceBehavior [ RunTime:0.001000s ]
INFO: [ app_end ] --END-- [ RunTime:0.002000s ]

[ 2016-04-19T16:22:03+08:00 ] 127.0.0.1 /index.php/Home/Index/ajaxquery?draw=1&columns%5B0%5D%5Bdata%5D=&columns%5B0%5D%5Bname%5D=&columns%5B0%5D%5Bsearchable%5D=true&columns%5B0%5D%5Borderable%5D=false&columns%5B0%5D%5Bsearch%5D%5Bvalue%5D=&columns%5B0%5D%5Bsearch%5D%5Bregex%5D=false&columns%5B1%5D%5Bdata%5D=id&columns%5B1%5D%5Bname%5D=&columns%5B1%5D%5Bsearchable%5D=true&columns%5B1%5D%5Borderable%5D=true&columns%5B1%5D%5Bsearch%5D%5Bvalue%5D=&columns%5B1%5D%5Bsearch%5D%5Bregex%5D=false&columns%5B2%5D%5Bdata%5D=borrow_number&columns%5B2%5D%5Bname%5D=&columns%5B2%5D%5Bsearchable%5D=true&columns%5B2%5D%5Borderable%5D=true&columns%5B2%5D%5Bsearch%5D%5Bvalue%5D=&columns%5B2%5D%5Bsearch%5D%5Bregex%5D=false&columns%5B3%5D%5Bdata%5D=name&columns%5B3%5D%5Bname%5D=&columns%5B3%5D%5Bsearchable%5D=true&columns%5B3%5D%5Borderable%5D=true&columns%5B3%5D%5Bsearch%5D%5Bvalue%5D=&columns%5B3%5D%5Bsearch%5D%5Bregex%5D=false&columns%5B4%5D%5Bdata%5D=repayment_money&columns%5B4%5D%5Bname%5D=&columns%5B4%5D%5Bsearchable%5D=true&columns%5B4%5D%5Borderable%5D=true&columns%5B4%5D%5Bsearch%5D%5Bvalue%5D=&columns%5B4%5D%5Bsearch%5D%5Bregex%5D=false&columns%5B5%5D%5Bdata%5D=repayment_time&columns%5B5%5D%5Bname%5D=&columns%5B5%5D%5Bsearchable%5D=true&columns%5B5%5D%5Borderable%5D=true&columns%5B5%5D%5Bsearch%5D%5Bvalue%5D=&columns%5B5%5D%5Bsearch%5D%5Bregex%5D=false&columns%5B6%5D%5Bdata%5D=real_repayment_time&columns%5B6%5D%5Bname%5D=&columns%5B6%5D%5Bsearchable%5D=true&columns%5B6%5D%5Borderable%5D=true&columns%5B6%5D%5Bsearch%5D%5Bvalue%5D=&columns%5B6%5D%5Bsearch%5D%5Bregex%5D=false&columns%5B7%5D%5Bdata%5D=is_late&columns%5B7%5D%5Bname%5D=&columns%5B7%5D%5Bsearchable%5D=true&columns%5B7%5D%5Borderable%5D=true&columns%5B7%5D%5Bsearch%5D%5Bvalue%5D=&columns%5B7%5D%5Bsearch%5D%5Bregex%5D=false&columns%5B8%5D%5Bdata%5D=action&columns%5B8%5D%5Bname%5D=&columns%5B8%5D%5Bsearchable%5D=true&columns%5B8%5D%5Borderable%5D=false&columns%5B8%5D%5Bsearch%5D%5Bvalue%5D=&columns%5B8%5D%5Bsearch%5D%5Bregex%5D=false&order%5B0%5D%5Bcolumn%5D=5&order%5B0%5D%5Bdir%5D=asc&start=0&length=50&search%5Bvalue%5D=&search%5Bregex%5D=false&_=1461054123224
INFO: [ app_init ] --START--
INFO: Run Behavior\BuildLiteBehavior [ RunTime:0.000000s ]
INFO: [ app_init ] --END-- [ RunTime:0.003000s ]
INFO: [ app_begin ] --START--
INFO: Run Behavior\ReadHtmlCacheBehavior [ RunTime:0.001000s ]
INFO: [ app_begin ] --END-- [ RunTime:0.003000s ]
SQL: SHOW COLUMNS FROM `borrow_repayment` [ RunTime:0.0030s ]
SQL: UPDATE `borrow_repayment` SET `is_late`='1' WHERE ( repayment_time < 1461054123 AND is_repayment = 0 ) [ RunTime:0.0010s ]
SQL: UPDATE `borrow_repayment` SET `is_late`='0' WHERE ( is_repayment = 1 ) [ RunTime:0.0010s ]
NOTIC: [2] Division by zero D:\phpservice\WWW\borrow\App\Home\Controller\CommonController.class.php 第 8 行.
NOTIC: [2] Missing argument 2 for Home\Model\IndexModel::m_frist_and_last(), called in D:\phpservice\WWW\borrow\App\Home\Controller\IndexController.class.php on line 32 and defined D:\phpservice\WWW\borrow\App\Home\Model\IndexModel.class.php 第 65 行.
NOTIC: [8] Undefined variable: y D:\phpservice\WWW\borrow\App\Home\Model\IndexModel.class.php 第 66 行.
SQL: SHOW COLUMNS FROM `borrow_repayment` [ RunTime:0.0030s ]
SQL: SELECT r.*,u.name,u.id as uid,b.borrow_number FROM `borrow_repayment` `r`,`borrow` `b`,`user` `u` WHERE ( r.borrow_uid = u.id AND r.borrow_id = b.id  AND repayment_time>=1459440000 AND repayment_time<1462031999 ) ORDER BY repayment_time asc LIMIT 0,50   [ RunTime:0.0000s ]
SQL: SHOW COLUMNS FROM `borrow_repayment` [ RunTime:0.0020s ]
SQL: SELECT COUNT(*) AS tp_count FROM `borrow_repayment` `r`,`borrow` `b`,`user` `u` WHERE ( r.borrow_uid = u.id AND r.borrow_id = b.id AND repayment_time>=1459440000 AND repayment_time<1462031999 ) LIMIT 1   [ RunTime:0.0010s ]
NOTIC: [8] Undefined index: id_repayment D:\phpservice\WWW\borrow\App\Home\Controller\IndexController.class.php 第 89 行.
NOTIC: [8] Undefined index: id_repayment D:\phpservice\WWW\borrow\App\Home\Controller\IndexController.class.php 第 89 行.

[ 2016-04-19T16:22:03+08:00 ] 127.0.0.1 /index.php/Home/Index/richeng/m/4/y/2016
INFO: [ app_init ] --START--
INFO: Run Behavior\BuildLiteBehavior [ RunTime:0.000000s ]
INFO: [ app_init ] --END-- [ RunTime:0.002000s ]
INFO: [ app_begin ] --START--
INFO: Run Behavior\ReadHtmlCacheBehavior [ RunTime:0.001000s ]
INFO: [ app_begin ] --END-- [ RunTime:0.003000s ]
SQL: SHOW COLUMNS FROM `borrow_repayment` [ RunTime:0.0020s ]
SQL: UPDATE `borrow_repayment` SET `is_late`='1' WHERE ( repayment_time < 1461054123 AND is_repayment = 0 ) [ RunTime:0.0000s ]
SQL: UPDATE `borrow_repayment` SET `is_late`='0' WHERE ( is_repayment = 1 ) [ RunTime:0.0010s ]
NOTIC: [2] Division by zero D:\phpservice\WWW\borrow\App\Home\Controller\CommonController.class.php 第 8 行.
SQL: SHOW COLUMNS FROM `borrow_repayment` [ RunTime:0.0020s ]
SQL: SELECT r.*,u.name,b.borrow_money,b.borrow_duration FROM `borrow_repayment` `r`,`borrow` `b`,`user` `u` WHERE ( r.borrow_uid = u.id AND r.borrow_id = b.id  AND r.repayment_time>=1459440000 AND repayment_time<1462031999 )  [ RunTime:0.0010s ]

[ 2016-04-19T16:26:48+08:00 ] 127.0.0.1 /
INFO: [ app_init ] --START--
INFO: Run Behavior\BuildLiteBehavior [ RunTime:0.000000s ]
INFO: [ app_init ] --END-- [ RunTime:0.001000s ]
INFO: [ app_begin ] --START--
INFO: Run Behavior\ReadHtmlCacheBehavior [ RunTime:0.000000s ]
INFO: [ app_begin ] --END-- [ RunTime:0.002000s ]
SQL: SHOW COLUMNS FROM `borrow_repayment` [ RunTime:0.0010s ]
SQL: UPDATE `borrow_repayment` SET `is_late`='1' WHERE ( repayment_time < 1461054408 AND is_repayment = 0 ) [ RunTime:0.0010s ]
SQL: UPDATE `borrow_repayment` SET `is_late`='0' WHERE ( is_repayment = 1 ) [ RunTime:0.0040s ]
NOTIC: [2] Division by zero D:\phpservice\WWW\borrow\App\Home\Controller\CommonController.class.php 第 8 行.
SQL: SHOW COLUMNS FROM `borrow` [ RunTime:0.0030s ]
SQL: SELECT sum(borrow_money) FROM `borrow` LIMIT 1   [ RunTime:0.0010s ]
SQL: SELECT sum(borrow_procedures) FROM `borrow` LIMIT 1   [ RunTime:0.0010s ]
SQL: SELECT sum(borrow_procedures) FROM `borrow` WHERE ( is_procedures=1 ) LIMIT 1   [ RunTime:0.0010s ]
SQL: SELECT sum(borrow_interest) FROM `borrow` LIMIT 1   [ RunTime:0.0010s ]
SQL: SELECT `id`,`repayment_money`,`borrow_id` FROM `borrow_repayment` WHERE ( is_repayment = 0 AND repayment_time<1461054408 )  [ RunTime:0.0010s ]
SQL: SELECT `borrow_money` FROM `borrow` WHERE ( id=21 ) LIMIT 1   [ RunTime:0.0010s ]
SQL: SELECT `id`,`borrow_duration`,`borrow_interest`,`repayment_type` FROM `borrow`  [ RunTime:0.0010s ]
SQL: SELECT count(id) as count,sum(repayment_money) as all_repayment_money FROM `borrow_repayment` WHERE ( borrow_id=1 AND is_repayment = 1 ) LIMIT 1   [ RunTime:0.0010s ]
SQL: SELECT count(id) as count,sum(repayment_money) as all_repayment_money FROM `borrow_repayment` WHERE ( borrow_id=2 AND is_repayment = 1 ) LIMIT 1   [ RunTime:0.0000s ]
SQL: SELECT count(id) as count,sum(repayment_money) as all_repayment_money FROM `borrow_repayment` WHERE ( borrow_id=3 AND is_repayment = 1 ) LIMIT 1   [ RunTime:0.0000s ]
SQL: SELECT count(id) as count,sum(repayment_money) as all_repayment_money FROM `borrow_repayment` WHERE ( borrow_id=4 AND is_repayment = 1 ) LIMIT 1   [ RunTime:0.0000s ]
SQL: SELECT count(id) as count,sum(repayment_money) as all_repayment_money FROM `borrow_repayment` WHERE ( borrow_id=6 AND is_repayment = 1 ) LIMIT 1   [ RunTime:0.0000s ]
SQL: SELECT count(id) as count,sum(repayment_money) as all_repayment_money FROM `borrow_repayment` WHERE ( borrow_id=7 AND is_repayment = 1 ) LIMIT 1   [ RunTime:0.0000s ]
SQL: SELECT count(id) as count,sum(repayment_money) as all_repayment_money FROM `borrow_repayment` WHERE ( borrow_id=8 AND is_repayment = 1 ) LIMIT 1   [ RunTime:0.0000s ]
SQL: SELECT count(id) as count,sum(repayment_money) as all_repayment_money FROM `borrow_repayment` WHERE ( borrow_id=10 AND is_repayment = 1 ) LIMIT 1   [ RunTime:0.0000s ]
SQL: SELECT count(id) as count,sum(repayment_money) as all_repayment_money FROM `borrow_repayment` WHERE ( borrow_id=11 AND is_repayment = 1 ) LIMIT 1   [ RunTime:0.0010s ]
SQL: SELECT count(id) as count,sum(repayment_money) as all_repayment_money FROM `borrow_repayment` WHERE ( borrow_id=12 AND is_repayment = 1 ) LIMIT 1   [ RunTime:0.0010s ]
SQL: SELECT count(id) as count,sum(repayment_money) as all_repayment_money FROM `borrow_repayment` WHERE ( borrow_id=13 AND is_repayment = 1 ) LIMIT 1   [ RunTime:0.0000s ]
SQL: SELECT count(id) as count,sum(repayment_money) as all_repayment_money FROM `borrow_repayment` WHERE ( borrow_id=14 AND is_repayment = 1 ) LIMIT 1   [ RunTime:0.0000s ]
SQL: SELECT count(id) as count,sum(repayment_money) as all_repayment_money FROM `borrow_repayment` WHERE ( borrow_id=15 AND is_repayment = 1 ) LIMIT 1   [ RunTime:0.0000s ]
SQL: SELECT count(id) as count,sum(repayment_money) as all_repayment_money FROM `borrow_repayment` WHERE ( borrow_id=17 AND is_repayment = 1 ) LIMIT 1   [ RunTime:0.0000s ]
SQL: SELECT count(id) as count,sum(repayment_money) as all_repayment_money FROM `borrow_repayment` WHERE ( borrow_id=20 AND is_repayment = 1 ) LIMIT 1   [ RunTime:0.0000s ]
SQL: SELECT count(id) as count,sum(repayment_money) as all_repayment_money FROM `borrow_repayment` WHERE ( borrow_id=21 AND is_repayment = 1 ) LIMIT 1   [ RunTime:0.0010s ]
SQL: SELECT sum(late_penalty_money+late_interest_money) FROM `borrow_repayment` WHERE ( is_late_money =1 AND is_repayment_late_money = 0 ) LIMIT 1   [ RunTime:0.0010s ]
SQL: SELECT sum(late_penalty_money+late_interest_money) FROM `borrow_repayment` WHERE ( is_late_money =1  AND is_repayment_late_money = 1 ) LIMIT 1   [ RunTime:0.0010s ]
INFO: [ view_parse ] --START--
INFO: [ template_filter ] --START--
INFO: Run Behavior\ContentReplaceBehavior [ RunTime:0.000000s ]
INFO: [ template_filter ] --END-- [ RunTime:0.002000s ]
NOTIC: [8] Undefined variable: SiteInfo D:\phpservice\WWW\borrow\App\Runtime\Cache\Home\00e52909bed743ea261af4b6823297ff.php 第 10 行.
NOTIC: [8] Undefined variable: SiteInfo D:\phpservice\WWW\borrow\App\Runtime\Cache\Home\00e52909bed743ea261af4b6823297ff.php 第 11 行.
NOTIC: [8] Undefined variable: str_2016 D:\phpservice\WWW\borrow\App\Runtime\Cache\Home\00e52909bed743ea261af4b6823297ff.php 第 458 行.
NOTIC: [8] Undefined variable: str_2015 D:\phpservice\WWW\borrow\App\Runtime\Cache\Home\00e52909bed743ea261af4b6823297ff.php 第 471 行.
INFO: Run Behavior\ParseTemplateBehavior [ RunTime:0.031002s ]
INFO: [ view_parse ] --END-- [ RunTime:0.032002s ]
INFO: [ view_filter ] --START--
INFO: Run Behavior\WriteHtmlCacheBehavior [ RunTime:0.000000s ]
INFO: [ view_filter ] --END-- [ RunTime:0.001000s ]
INFO: [ app_end ] --START--
INFO: Run Behavior\ShowPageTraceBehavior [ RunTime:0.001000s ]
INFO: [ app_end ] --END-- [ RunTime:0.003000s ]

[ 2016-04-19T16:26:48+08:00 ] 127.0.0.1 /index.php/Home/Index/ajaxquery?draw=1&columns%5B0%5D%5Bdata%5D=&columns%5B0%5D%5Bname%5D=&columns%5B0%5D%5Bsearchable%5D=true&columns%5B0%5D%5Borderable%5D=false&columns%5B0%5D%5Bsearch%5D%5Bvalue%5D=&columns%5B0%5D%5Bsearch%5D%5Bregex%5D=false&columns%5B1%5D%5Bdata%5D=id&columns%5B1%5D%5Bname%5D=&columns%5B1%5D%5Bsearchable%5D=true&columns%5B1%5D%5Borderable%5D=true&columns%5B1%5D%5Bsearch%5D%5Bvalue%5D=&columns%5B1%5D%5Bsearch%5D%5Bregex%5D=false&columns%5B2%5D%5Bdata%5D=borrow_number&columns%5B2%5D%5Bname%5D=&columns%5B2%5D%5Bsearchable%5D=true&columns%5B2%5D%5Borderable%5D=true&columns%5B2%5D%5Bsearch%5D%5Bvalue%5D=&columns%5B2%5D%5Bsearch%5D%5Bregex%5D=false&columns%5B3%5D%5Bdata%5D=name&columns%5B3%5D%5Bname%5D=&columns%5B3%5D%5Bsearchable%5D=true&columns%5B3%5D%5Borderable%5D=true&columns%5B3%5D%5Bsearch%5D%5Bvalue%5D=&columns%5B3%5D%5Bsearch%5D%5Bregex%5D=false&columns%5B4%5D%5Bdata%5D=repayment_money&columns%5B4%5D%5Bname%5D=&columns%5B4%5D%5Bsearchable%5D=true&columns%5B4%5D%5Borderable%5D=true&columns%5B4%5D%5Bsearch%5D%5Bvalue%5D=&columns%5B4%5D%5Bsearch%5D%5Bregex%5D=false&columns%5B5%5D%5Bdata%5D=repayment_time&columns%5B5%5D%5Bname%5D=&columns%5B5%5D%5Bsearchable%5D=true&columns%5B5%5D%5Borderable%5D=true&columns%5B5%5D%5Bsearch%5D%5Bvalue%5D=&columns%5B5%5D%5Bsearch%5D%5Bregex%5D=false&columns%5B6%5D%5Bdata%5D=real_repayment_time&columns%5B6%5D%5Bname%5D=&columns%5B6%5D%5Bsearchable%5D=true&columns%5B6%5D%5Borderable%5D=true&columns%5B6%5D%5Bsearch%5D%5Bvalue%5D=&columns%5B6%5D%5Bsearch%5D%5Bregex%5D=false&columns%5B7%5D%5Bdata%5D=is_late&columns%5B7%5D%5Bname%5D=&columns%5B7%5D%5Bsearchable%5D=true&columns%5B7%5D%5Borderable%5D=true&columns%5B7%5D%5Bsearch%5D%5Bvalue%5D=&columns%5B7%5D%5Bsearch%5D%5Bregex%5D=false&columns%5B8%5D%5Bdata%5D=action&columns%5B8%5D%5Bname%5D=&columns%5B8%5D%5Bsearchable%5D=true&columns%5B8%5D%5Borderable%5D=false&columns%5B8%5D%5Bsearch%5D%5Bvalue%5D=&columns%5B8%5D%5Bsearch%5D%5Bregex%5D=false&order%5B0%5D%5Bcolumn%5D=5&order%5B0%5D%5Bdir%5D=asc&start=0&length=50&search%5Bvalue%5D=&search%5Bregex%5D=false&_=1461054408348
INFO: [ app_init ] --START--
INFO: Run Behavior\BuildLiteBehavior [ RunTime:0.000000s ]
INFO: [ app_init ] --END-- [ RunTime:0.001000s ]
INFO: [ app_begin ] --START--
INFO: Run Behavior\ReadHtmlCacheBehavior [ RunTime:0.002000s ]
INFO: [ app_begin ] --END-- [ RunTime:0.003000s ]
SQL: SHOW COLUMNS FROM `borrow_repayment` [ RunTime:0.0030s ]
SQL: UPDATE `borrow_repayment` SET `is_late`='1' WHERE ( repayment_time < 1461054408 AND is_repayment = 0 ) [ RunTime:0.0010s ]
SQL: UPDATE `borrow_repayment` SET `is_late`='0' WHERE ( is_repayment = 1 ) [ RunTime:0.0010s ]
NOTIC: [2] Division by zero D:\phpservice\WWW\borrow\App\Home\Controller\CommonController.class.php 第 8 行.
NOTIC: [2] Missing argument 2 for Home\Model\IndexModel::m_frist_and_last(), called in D:\phpservice\WWW\borrow\App\Home\Controller\IndexController.class.php on line 32 and defined D:\phpservice\WWW\borrow\App\Home\Model\IndexModel.class.php 第 68 行.
NOTIC: [8] Undefined variable: y D:\phpservice\WWW\borrow\App\Home\Model\IndexModel.class.php 第 69 行.
SQL: SHOW COLUMNS FROM `borrow_repayment` [ RunTime:0.0030s ]
SQL: SELECT r.*,u.name,u.id as uid,b.borrow_number FROM `borrow_repayment` `r`,`borrow` `b`,`user` `u` WHERE ( r.borrow_uid = u.id AND r.borrow_id = b.id  AND repayment_time>=1459440000 AND repayment_time<1462031999 ) ORDER BY repayment_time asc LIMIT 0,50   [ RunTime:0.0020s ]
SQL: SHOW COLUMNS FROM `borrow_repayment` [ RunTime:0.0030s ]
SQL: SELECT COUNT(*) AS tp_count FROM `borrow_repayment` `r`,`borrow` `b`,`user` `u` WHERE ( r.borrow_uid = u.id AND r.borrow_id = b.id AND repayment_time>=1459440000 AND repayment_time<1462031999 ) LIMIT 1   [ RunTime:0.0010s ]
NOTIC: [8] Undefined index: id_repayment D:\phpservice\WWW\borrow\App\Home\Controller\IndexController.class.php 第 89 行.
NOTIC: [8] Undefined index: id_repayment D:\phpservice\WWW\borrow\App\Home\Controller\IndexController.class.php 第 89 行.

[ 2016-04-19T16:26:48+08:00 ] 127.0.0.1 /index.php/Home/Index/richeng/m/4/y/2016
INFO: [ app_init ] --START--
INFO: Run Behavior\BuildLiteBehavior [ RunTime:0.001000s ]
INFO: [ app_init ] --END-- [ RunTime:0.002000s ]
INFO: [ app_begin ] --START--
INFO: Run Behavior\ReadHtmlCacheBehavior [ RunTime:0.001000s ]
INFO: [ app_begin ] --END-- [ RunTime:0.001000s ]
SQL: SHOW COLUMNS FROM `borrow_repayment` [ RunTime:0.0020s ]
SQL: UPDATE `borrow_repayment` SET `is_late`='1' WHERE ( repayment_time < 1461054408 AND is_repayment = 0 ) [ RunTime:0.0010s ]
SQL: UPDATE `borrow_repayment` SET `is_late`='0' WHERE ( is_repayment = 1 ) [ RunTime:0.0010s ]
NOTIC: [2] Division by zero D:\phpservice\WWW\borrow\App\Home\Controller\CommonController.class.php 第 8 行.
SQL: SHOW COLUMNS FROM `borrow_repayment` [ RunTime:0.0020s ]
SQL: SELECT r.*,u.name,b.borrow_money,b.borrow_duration FROM `borrow_repayment` `r`,`borrow` `b`,`user` `u` WHERE ( r.borrow_uid = u.id AND r.borrow_id = b.id  AND r.repayment_time>=1459440000 AND repayment_time<1462031999 )  [ RunTime:0.0000s ]

[ 2016-04-19T16:26:51+08:00 ] 127.0.0.1 /
INFO: [ app_init ] --START--
INFO: Run Behavior\BuildLiteBehavior [ RunTime:0.000000s ]
INFO: [ app_init ] --END-- [ RunTime:0.002000s ]
INFO: [ app_begin ] --START--
INFO: Run Behavior\ReadHtmlCacheBehavior [ RunTime:0.001000s ]
INFO: [ app_begin ] --END-- [ RunTime:0.002000s ]
SQL: SHOW COLUMNS FROM `borrow_repayment` [ RunTime:0.0020s ]
SQL: UPDATE `borrow_repayment` SET `is_late`='1' WHERE ( repayment_time < 1461054411 AND is_repayment = 0 ) [ RunTime:0.0010s ]
SQL: UPDATE `borrow_repayment` SET `is_late`='0' WHERE ( is_repayment = 1 ) [ RunTime:0.0000s ]
NOTIC: [2] Division by zero D:\phpservice\WWW\borrow\App\Home\Controller\CommonController.class.php 第 8 行.
SQL: SHOW COLUMNS FROM `borrow` [ RunTime:0.0020s ]
SQL: SELECT sum(borrow_money) FROM `borrow` LIMIT 1   [ RunTime:0.0010s ]
SQL: SELECT sum(borrow_procedures) FROM `borrow` LIMIT 1   [ RunTime:0.0000s ]
SQL: SELECT sum(borrow_procedures) FROM `borrow` WHERE ( is_procedures=1 ) LIMIT 1   [ RunTime:0.0000s ]
SQL: SELECT sum(borrow_interest) FROM `borrow` LIMIT 1   [ RunTime:0.0000s ]
SQL: SELECT `id`,`repayment_money`,`borrow_id` FROM `borrow_repayment` WHERE ( is_repayment = 0 AND repayment_time<1461054411 )  [ RunTime:0.0030s ]
SQL: SELECT `borrow_money` FROM `borrow` WHERE ( id=21 ) LIMIT 1   [ RunTime:0.0020s ]
SQL: SELECT `id`,`borrow_duration`,`borrow_interest`,`repayment_type` FROM `borrow`  [ RunTime:0.0010s ]
SQL: SELECT count(id) as count,sum(repayment_money) as all_repayment_money FROM `borrow_repayment` WHERE ( borrow_id=1 AND is_repayment = 1 ) LIMIT 1   [ RunTime:0.0000s ]
SQL: SELECT count(id) as count,sum(repayment_money) as all_repayment_money FROM `borrow_repayment` WHERE ( borrow_id=2 AND is_repayment = 1 ) LIMIT 1   [ RunTime:0.0000s ]
SQL: SELECT count(id) as count,sum(repayment_money) as all_repayment_money FROM `borrow_repayment` WHERE ( borrow_id=3 AND is_repayment = 1 ) LIMIT 1   [ RunTime:0.0010s ]
SQL: SELECT count(id) as count,sum(repayment_money) as all_repayment_money FROM `borrow_repayment` WHERE ( borrow_id=4 AND is_repayment = 1 ) LIMIT 1   [ RunTime:0.0010s ]
SQL: SELECT count(id) as count,sum(repayment_money) as all_repayment_money FROM `borrow_repayment` WHERE ( borrow_id=6 AND is_repayment = 1 ) LIMIT 1   [ RunTime:0.0000s ]
SQL: SELECT count(id) as count,sum(repayment_money) as all_repayment_money FROM `borrow_repayment` WHERE ( borrow_id=7 AND is_repayment = 1 ) LIMIT 1   [ RunTime:0.0000s ]
SQL: SELECT count(id) as count,sum(repayment_money) as all_repayment_money FROM `borrow_repayment` WHERE ( borrow_id=8 AND is_repayment = 1 ) LIMIT 1   [ RunTime:0.0010s ]
SQL: SELECT count(id) as count,sum(repayment_money) as all_repayment_money FROM `borrow_repayment` WHERE ( borrow_id=10 AND is_repayment = 1 ) LIMIT 1   [ RunTime:0.0020s ]
SQL: SELECT count(id) as count,sum(repayment_money) as all_repayment_money FROM `borrow_repayment` WHERE ( borrow_id=11 AND is_repayment = 1 ) LIMIT 1   [ RunTime:0.0010s ]
SQL: SELECT count(id) as count,sum(repayment_money) as all_repayment_money FROM `borrow_repayment` WHERE ( borrow_id=12 AND is_repayment = 1 ) LIMIT 1   [ RunTime:0.0000s ]
SQL: SELECT count(id) as count,sum(repayment_money) as all_repayment_money FROM `borrow_repayment` WHERE ( borrow_id=13 AND is_repayment = 1 ) LIMIT 1   [ RunTime:0.0000s ]
SQL: SELECT count(id) as count,sum(repayment_money) as all_repayment_money FROM `borrow_repayment` WHERE ( borrow_id=14 AND is_repayment = 1 ) LIMIT 1   [ RunTime:0.0000s ]
SQL: SELECT count(id) as count,sum(repayment_money) as all_repayment_money FROM `borrow_repayment` WHERE ( borrow_id=15 AND is_repayment = 1 ) LIMIT 1   [ RunTime:0.0000s ]
SQL: SELECT count(id) as count,sum(repayment_money) as all_repayment_money FROM `borrow_repayment` WHERE ( borrow_id=17 AND is_repayment = 1 ) LIMIT 1   [ RunTime:0.0000s ]
SQL: SELECT count(id) as count,sum(repayment_money) as all_repayment_money FROM `borrow_repayment` WHERE ( borrow_id=20 AND is_repayment = 1 ) LIMIT 1   [ RunTime:0.0020s ]
SQL: SELECT count(id) as count,sum(repayment_money) as all_repayment_money FROM `borrow_repayment` WHERE ( borrow_id=21 AND is_repayment = 1 ) LIMIT 1   [ RunTime:0.0010s ]
SQL: SELECT sum(late_penalty_money+late_interest_money) FROM `borrow_repayment` WHERE ( is_late_money =1 AND is_repayment_late_money = 0 ) LIMIT 1   [ RunTime:0.0010s ]
SQL: SELECT sum(late_penalty_money+late_interest_money) FROM `borrow_repayment` WHERE ( is_late_money =1  AND is_repayment_late_money = 1 ) LIMIT 1   [ RunTime:0.0010s ]
INFO: [ view_parse ] --START--
INFO: [ template_filter ] --START--
INFO: Run Behavior\ContentReplaceBehavior [ RunTime:0.000000s ]
INFO: [ template_filter ] --END-- [ RunTime:0.002000s ]
NOTIC: [8] Undefined variable: SiteInfo D:\phpservice\WWW\borrow\App\Runtime\Cache\Home\00e52909bed743ea261af4b6823297ff.php 第 10 行.
NOTIC: [8] Undefined variable: SiteInfo D:\phpservice\WWW\borrow\App\Runtime\Cache\Home\00e52909bed743ea261af4b6823297ff.php 第 11 行.
NOTIC: [8] Undefined variable: str_2016 D:\phpservice\WWW\borrow\App\Runtime\Cache\Home\00e52909bed743ea261af4b6823297ff.php 第 458 行.
NOTIC: [8] Undefined variable: str_2015 D:\phpservice\WWW\borrow\App\Runtime\Cache\Home\00e52909bed743ea261af4b6823297ff.php 第 471 行.
INFO: Run Behavior\ParseTemplateBehavior [ RunTime:0.035002s ]
INFO: [ view_parse ] --END-- [ RunTime:0.036002s ]
INFO: [ view_filter ] --START--
INFO: Run Behavior\WriteHtmlCacheBehavior [ RunTime:0.000000s ]
INFO: [ view_filter ] --END-- [ RunTime:0.002001s ]
INFO: [ app_end ] --START--
INFO: Run Behavior\ShowPageTraceBehavior [ RunTime:0.001000s ]
INFO: [ app_end ] --END-- [ RunTime:0.002000s ]

[ 2016-04-19T16:26:51+08:00 ] 127.0.0.1 /index.php/Home/Index/ajaxquery?draw=1&columns%5B0%5D%5Bdata%5D=&columns%5B0%5D%5Bname%5D=&columns%5B0%5D%5Bsearchable%5D=true&columns%5B0%5D%5Borderable%5D=false&columns%5B0%5D%5Bsearch%5D%5Bvalue%5D=&columns%5B0%5D%5Bsearch%5D%5Bregex%5D=false&columns%5B1%5D%5Bdata%5D=id&columns%5B1%5D%5Bname%5D=&columns%5B1%5D%5Bsearchable%5D=true&columns%5B1%5D%5Borderable%5D=true&columns%5B1%5D%5Bsearch%5D%5Bvalue%5D=&columns%5B1%5D%5Bsearch%5D%5Bregex%5D=false&columns%5B2%5D%5Bdata%5D=borrow_number&columns%5B2%5D%5Bname%5D=&columns%5B2%5D%5Bsearchable%5D=true&columns%5B2%5D%5Borderable%5D=true&columns%5B2%5D%5Bsearch%5D%5Bvalue%5D=&columns%5B2%5D%5Bsearch%5D%5Bregex%5D=false&columns%5B3%5D%5Bdata%5D=name&columns%5B3%5D%5Bname%5D=&columns%5B3%5D%5Bsearchable%5D=true&columns%5B3%5D%5Borderable%5D=true&columns%5B3%5D%5Bsearch%5D%5Bvalue%5D=&columns%5B3%5D%5Bsearch%5D%5Bregex%5D=false&columns%5B4%5D%5Bdata%5D=repayment_money&columns%5B4%5D%5Bname%5D=&columns%5B4%5D%5Bsearchable%5D=true&columns%5B4%5D%5Borderable%5D=true&columns%5B4%5D%5Bsearch%5D%5Bvalue%5D=&columns%5B4%5D%5Bsearch%5D%5Bregex%5D=false&columns%5B5%5D%5Bdata%5D=repayment_time&columns%5B5%5D%5Bname%5D=&columns%5B5%5D%5Bsearchable%5D=true&columns%5B5%5D%5Borderable%5D=true&columns%5B5%5D%5Bsearch%5D%5Bvalue%5D=&columns%5B5%5D%5Bsearch%5D%5Bregex%5D=false&columns%5B6%5D%5Bdata%5D=real_repayment_time&columns%5B6%5D%5Bname%5D=&columns%5B6%5D%5Bsearchable%5D=true&columns%5B6%5D%5Borderable%5D=true&columns%5B6%5D%5Bsearch%5D%5Bvalue%5D=&columns%5B6%5D%5Bsearch%5D%5Bregex%5D=false&columns%5B7%5D%5Bdata%5D=is_late&columns%5B7%5D%5Bname%5D=&columns%5B7%5D%5Bsearchable%5D=true&columns%5B7%5D%5Borderable%5D=true&columns%5B7%5D%5Bsearch%5D%5Bvalue%5D=&columns%5B7%5D%5Bsearch%5D%5Bregex%5D=false&columns%5B8%5D%5Bdata%5D=action&columns%5B8%5D%5Bname%5D=&columns%5B8%5D%5Bsearchable%5D=true&columns%5B8%5D%5Borderable%5D=false&columns%5B8%5D%5Bsearch%5D%5Bvalue%5D=&columns%5B8%5D%5Bsearch%5D%5Bregex%5D=false&order%5B0%5D%5Bcolumn%5D=5&order%5B0%5D%5Bdir%5D=asc&start=0&length=50&search%5Bvalue%5D=&search%5Bregex%5D=false&_=1461054411381
INFO: [ app_init ] --START--
INFO: Run Behavior\BuildLiteBehavior [ RunTime:0.000000s ]
INFO: [ app_init ] --END-- [ RunTime:0.002000s ]
INFO: [ app_begin ] --START--
INFO: Run Behavior\ReadHtmlCacheBehavior [ RunTime:0.001000s ]
INFO: [ app_begin ] --END-- [ RunTime:0.004000s ]
SQL: SHOW COLUMNS FROM `borrow_repayment` [ RunTime:0.0030s ]
SQL: UPDATE `borrow_repayment` SET `is_late`='1' WHERE ( repayment_time < 1461054411 AND is_repayment = 0 ) [ RunTime:0.0010s ]
SQL: UPDATE `borrow_repayment` SET `is_late`='0' WHERE ( is_repayment = 1 ) [ RunTime:0.0020s ]
NOTIC: [2] Division by zero D:\phpservice\WWW\borrow\App\Home\Controller\CommonController.class.php 第 8 行.
NOTIC: [2] Missing argument 2 for Home\Model\IndexModel::m_frist_and_last(), called in D:\phpservice\WWW\borrow\App\Home\Controller\IndexController.class.php on line 32 and defined D:\phpservice\WWW\borrow\App\Home\Model\IndexModel.class.php 第 68 行.
NOTIC: [8] Undefined variable: y D:\phpservice\WWW\borrow\App\Home\Model\IndexModel.class.php 第 69 行.
SQL: SHOW COLUMNS FROM `borrow_repayment` [ RunTime:0.0050s ]
SQL: SELECT r.*,u.name,u.id as uid,b.borrow_number FROM `borrow_repayment` `r`,`borrow` `b`,`user` `u` WHERE ( r.borrow_uid = u.id AND r.borrow_id = b.id  AND repayment_time>=1459440000 AND repayment_time<1462031999 ) ORDER BY repayment_time asc LIMIT 0,50   [ RunTime:0.0010s ]
SQL: SHOW COLUMNS FROM `borrow_repayment` [ RunTime:0.0040s ]
SQL: SELECT COUNT(*) AS tp_count FROM `borrow_repayment` `r`,`borrow` `b`,`user` `u` WHERE ( r.borrow_uid = u.id AND r.borrow_id = b.id AND repayment_time>=1459440000 AND repayment_time<1462031999 ) LIMIT 1   [ RunTime:0.0030s ]
NOTIC: [8] Undefined index: id_repayment D:\phpservice\WWW\borrow\App\Home\Controller\IndexController.class.php 第 89 行.
NOTIC: [8] Undefined index: id_repayment D:\phpservice\WWW\borrow\App\Home\Controller\IndexController.class.php 第 89 行.

[ 2016-04-19T16:26:51+08:00 ] 127.0.0.1 /index.php/Home/Index/richeng/m/4/y/2016
INFO: [ app_init ] --START--
INFO: Run Behavior\BuildLiteBehavior [ RunTime:0.000000s ]
INFO: [ app_init ] --END-- [ RunTime:0.002000s ]
INFO: [ app_begin ] --START--
INFO: Run Behavior\ReadHtmlCacheBehavior [ RunTime:0.001000s ]
INFO: [ app_begin ] --END-- [ RunTime:0.002000s ]
SQL: SHOW COLUMNS FROM `borrow_repayment` [ RunTime:0.0070s ]
SQL: UPDATE `borrow_repayment` SET `is_late`='1' WHERE ( repayment_time < 1461054411 AND is_repayment = 0 ) [ RunTime:0.0010s ]
SQL: UPDATE `borrow_repayment` SET `is_late`='0' WHERE ( is_repayment = 1 ) [ RunTime:0.0020s ]
NOTIC: [2] Division by zero D:\phpservice\WWW\borrow\App\Home\Controller\CommonController.class.php 第 8 行.
SQL: SHOW COLUMNS FROM `borrow_repayment` [ RunTime:0.0070s ]
SQL: SELECT r.*,u.name,b.borrow_money,b.borrow_duration FROM `borrow_repayment` `r`,`borrow` `b`,`user` `u` WHERE ( r.borrow_uid = u.id AND r.borrow_id = b.id  AND r.repayment_time>=1459440000 AND repayment_time<1462031999 )  [ RunTime:0.0010s ]

[ 2016-04-19T16:28:15+08:00 ] 127.0.0.1 /
INFO: [ app_init ] --START--
INFO: Run Behavior\BuildLiteBehavior [ RunTime:0.000000s ]
INFO: [ app_init ] --END-- [ RunTime:0.003001s ]
INFO: [ app_begin ] --START--
INFO: Run Behavior\ReadHtmlCacheBehavior [ RunTime:0.001000s ]
INFO: [ app_begin ] --END-- [ RunTime:0.001000s ]
SQL: SHOW COLUMNS FROM `borrow_repayment` [ RunTime:0.0020s ]
SQL: UPDATE `borrow_repayment` SET `is_late`='1' WHERE ( repayment_time < 1461054495 AND is_repayment = 0 ) [ RunTime:0.0000s ]
SQL: UPDATE `borrow_repayment` SET `is_late`='0' WHERE ( is_repayment = 1 ) [ RunTime:0.0010s ]
NOTIC: [2] Division by zero D:\phpservice\WWW\borrow\App\Home\Controller\CommonController.class.php 第 8 行.
SQL: SHOW COLUMNS FROM `borrow` [ RunTime:0.0020s ]
SQL: SELECT sum(borrow_money) FROM `borrow` LIMIT 1   [ RunTime:0.0000s ]
SQL: SELECT sum(borrow_procedures) FROM `borrow` LIMIT 1   [ RunTime:0.0010s ]
SQL: SELECT sum(borrow_procedures) FROM `borrow` WHERE ( is_procedures=1 ) LIMIT 1   [ RunTime:0.0020s ]
SQL: SELECT sum(borrow_interest) FROM `borrow` LIMIT 1   [ RunTime:0.0010s ]
SQL: SELECT `id`,`repayment_money`,`borrow_id` FROM `borrow_repayment` WHERE ( is_repayment = 0 AND repayment_time<1461054495 )  [ RunTime:0.0000s ]
SQL: SELECT `borrow_money` FROM `borrow` WHERE ( id=21 ) LIMIT 1   [ RunTime:0.0000s ]
SQL: SELECT `id`,`borrow_duration`,`borrow_interest`,`repayment_type` FROM `borrow`  [ RunTime:0.0000s ]
SQL: SELECT count(id) as count,sum(repayment_money) as all_repayment_money FROM `borrow_repayment` WHERE ( borrow_id=1 AND is_repayment = 1 ) LIMIT 1   [ RunTime:0.0000s ]
SQL: SELECT count(id) as count,sum(repayment_money) as all_repayment_money FROM `borrow_repayment` WHERE ( borrow_id=2 AND is_repayment = 1 ) LIMIT 1   [ RunTime:0.0000s ]
SQL: SELECT count(id) as count,sum(repayment_money) as all_repayment_money FROM `borrow_repayment` WHERE ( borrow_id=3 AND is_repayment = 1 ) LIMIT 1   [ RunTime:0.0000s ]
SQL: SELECT count(id) as count,sum(repayment_money) as all_repayment_money FROM `borrow_repayment` WHERE ( borrow_id=4 AND is_repayment = 1 ) LIMIT 1   [ RunTime:0.0000s ]
SQL: SELECT count(id) as count,sum(repayment_money) as all_repayment_money FROM `borrow_repayment` WHERE ( borrow_id=6 AND is_repayment = 1 ) LIMIT 1   [ RunTime:0.0000s ]
SQL: SELECT count(id) as count,sum(repayment_money) as all_repayment_money FROM `borrow_repayment` WHERE ( borrow_id=7 AND is_repayment = 1 ) LIMIT 1   [ RunTime:0.0000s ]
SQL: SELECT count(id) as count,sum(repayment_money) as all_repayment_money FROM `borrow_repayment` WHERE ( borrow_id=8 AND is_repayment = 1 ) LIMIT 1   [ RunTime:0.0000s ]
SQL: SELECT count(id) as count,sum(repayment_money) as all_repayment_money FROM `borrow_repayment` WHERE ( borrow_id=10 AND is_repayment = 1 ) LIMIT 1   [ RunTime:0.0010s ]
SQL: SELECT count(id) as count,sum(repayment_money) as all_repayment_money FROM `borrow_repayment` WHERE ( borrow_id=11 AND is_repayment = 1 ) LIMIT 1   [ RunTime:0.0000s ]
SQL: SELECT count(id) as count,sum(repayment_money) as all_repayment_money FROM `borrow_repayment` WHERE ( borrow_id=12 AND is_repayment = 1 ) LIMIT 1   [ RunTime:0.0000s ]
SQL: SELECT count(id) as count,sum(repayment_money) as all_repayment_money FROM `borrow_repayment` WHERE ( borrow_id=13 AND is_repayment = 1 ) LIMIT 1   [ RunTime:0.0000s ]
SQL: SELECT count(id) as count,sum(repayment_money) as all_repayment_money FROM `borrow_repayment` WHERE ( borrow_id=14 AND is_repayment = 1 ) LIMIT 1   [ RunTime:0.0000s ]
SQL: SELECT count(id) as count,sum(repayment_money) as all_repayment_money FROM `borrow_repayment` WHERE ( borrow_id=15 AND is_repayment = 1 ) LIMIT 1   [ RunTime:0.0000s ]
SQL: SELECT count(id) as count,sum(repayment_money) as all_repayment_money FROM `borrow_repayment` WHERE ( borrow_id=17 AND is_repayment = 1 ) LIMIT 1   [ RunTime:0.0010s ]
SQL: SELECT count(id) as count,sum(repayment_money) as all_repayment_money FROM `borrow_repayment` WHERE ( borrow_id=20 AND is_repayment = 1 ) LIMIT 1   [ RunTime:0.0000s ]
SQL: SELECT count(id) as count,sum(repayment_money) as all_repayment_money FROM `borrow_repayment` WHERE ( borrow_id=21 AND is_repayment = 1 ) LIMIT 1   [ RunTime:0.0010s ]
SQL: SELECT sum(late_penalty_money+late_interest_money) FROM `borrow_repayment` WHERE ( is_late_money =1 AND is_repayment_late_money = 0 ) LIMIT 1   [ RunTime:0.0000s ]
SQL: SELECT sum(late_penalty_money+late_interest_money) FROM `borrow_repayment` WHERE ( is_late_money =1  AND is_repayment_late_money = 1 ) LIMIT 1   [ RunTime:0.0000s ]
INFO: [ view_parse ] --START--
INFO: [ template_filter ] --START--
INFO: Run Behavior\ContentReplaceBehavior [ RunTime:0.001000s ]
INFO: [ template_filter ] --END-- [ RunTime:0.001000s ]
NOTIC: [8] Undefined variable: SiteInfo D:\phpservice\WWW\borrow\App\Runtime\Cache\Home\00e52909bed743ea261af4b6823297ff.php 第 10 行.
NOTIC: [8] Undefined variable: SiteInfo D:\phpservice\WWW\borrow\App\Runtime\Cache\Home\00e52909bed743ea261af4b6823297ff.php 第 11 行.
NOTIC: [8] Undefined variable: str_2016 D:\phpservice\WWW\borrow\App\Runtime\Cache\Home\00e52909bed743ea261af4b6823297ff.php 第 458 行.
NOTIC: [8] Undefined variable: str_2015 D:\phpservice\WWW\borrow\App\Runtime\Cache\Home\00e52909bed743ea261af4b6823297ff.php 第 471 行.
INFO: Run Behavior\ParseTemplateBehavior [ RunTime:0.030002s ]
INFO: [ view_parse ] --END-- [ RunTime:0.030002s ]
INFO: [ view_filter ] --START--
INFO: Run Behavior\WriteHtmlCacheBehavior [ RunTime:0.001000s ]
INFO: [ view_filter ] --END-- [ RunTime:0.002000s ]
INFO: [ app_end ] --START--
INFO: Run Behavior\ShowPageTraceBehavior [ RunTime:0.001000s ]
INFO: [ app_end ] --END-- [ RunTime:0.003000s ]

[ 2016-04-19T16:28:15+08:00 ] 127.0.0.1 /index.php/Home/Index/ajaxquery?draw=1&columns%5B0%5D%5Bdata%5D=&columns%5B0%5D%5Bname%5D=&columns%5B0%5D%5Bsearchable%5D=true&columns%5B0%5D%5Borderable%5D=false&columns%5B0%5D%5Bsearch%5D%5Bvalue%5D=&columns%5B0%5D%5Bsearch%5D%5Bregex%5D=false&columns%5B1%5D%5Bdata%5D=id&columns%5B1%5D%5Bname%5D=&columns%5B1%5D%5Bsearchable%5D=true&columns%5B1%5D%5Borderable%5D=true&columns%5B1%5D%5Bsearch%5D%5Bvalue%5D=&columns%5B1%5D%5Bsearch%5D%5Bregex%5D=false&columns%5B2%5D%5Bdata%5D=borrow_number&columns%5B2%5D%5Bname%5D=&columns%5B2%5D%5Bsearchable%5D=true&columns%5B2%5D%5Borderable%5D=true&columns%5B2%5D%5Bsearch%5D%5Bvalue%5D=&columns%5B2%5D%5Bsearch%5D%5Bregex%5D=false&columns%5B3%5D%5Bdata%5D=name&columns%5B3%5D%5Bname%5D=&columns%5B3%5D%5Bsearchable%5D=true&columns%5B3%5D%5Borderable%5D=true&columns%5B3%5D%5Bsearch%5D%5Bvalue%5D=&columns%5B3%5D%5Bsearch%5D%5Bregex%5D=false&columns%5B4%5D%5Bdata%5D=repayment_money&columns%5B4%5D%5Bname%5D=&columns%5B4%5D%5Bsearchable%5D=true&columns%5B4%5D%5Borderable%5D=true&columns%5B4%5D%5Bsearch%5D%5Bvalue%5D=&columns%5B4%5D%5Bsearch%5D%5Bregex%5D=false&columns%5B5%5D%5Bdata%5D=repayment_time&columns%5B5%5D%5Bname%5D=&columns%5B5%5D%5Bsearchable%5D=true&columns%5B5%5D%5Borderable%5D=true&columns%5B5%5D%5Bsearch%5D%5Bvalue%5D=&columns%5B5%5D%5Bsearch%5D%5Bregex%5D=false&columns%5B6%5D%5Bdata%5D=real_repayment_time&columns%5B6%5D%5Bname%5D=&columns%5B6%5D%5Bsearchable%5D=true&columns%5B6%5D%5Borderable%5D=true&columns%5B6%5D%5Bsearch%5D%5Bvalue%5D=&columns%5B6%5D%5Bsearch%5D%5Bregex%5D=false&columns%5B7%5D%5Bdata%5D=is_late&columns%5B7%5D%5Bname%5D=&columns%5B7%5D%5Bsearchable%5D=true&columns%5B7%5D%5Borderable%5D=true&columns%5B7%5D%5Bsearch%5D%5Bvalue%5D=&columns%5B7%5D%5Bsearch%5D%5Bregex%5D=false&columns%5B8%5D%5Bdata%5D=action&columns%5B8%5D%5Bname%5D=&columns%5B8%5D%5Bsearchable%5D=true&columns%5B8%5D%5Borderable%5D=false&columns%5B8%5D%5Bsearch%5D%5Bvalue%5D=&columns%5B8%5D%5Bsearch%5D%5Bregex%5D=false&order%5B0%5D%5Bcolumn%5D=5&order%5B0%5D%5Bdir%5D=asc&start=0&length=50&search%5Bvalue%5D=&search%5Bregex%5D=false&_=1461054495406
INFO: [ app_init ] --START--
INFO: Run Behavior\BuildLiteBehavior [ RunTime:0.000000s ]
INFO: [ app_init ] --END-- [ RunTime:0.001000s ]
INFO: [ app_begin ] --START--
INFO: Run Behavior\ReadHtmlCacheBehavior [ RunTime:0.001000s ]
INFO: [ app_begin ] --END-- [ RunTime:0.002000s ]
SQL: SHOW COLUMNS FROM `borrow_repayment` [ RunTime:0.0030s ]
SQL: UPDATE `borrow_repayment` SET `is_late`='1' WHERE ( repayment_time < 1461054495 AND is_repayment = 0 ) [ RunTime:0.0010s ]
SQL: UPDATE `borrow_repayment` SET `is_late`='0' WHERE ( is_repayment = 1 ) [ RunTime:0.0000s ]
NOTIC: [2] Division by zero D:\phpservice\WWW\borrow\App\Home\Controller\CommonController.class.php 第 8 行.
NOTIC: [2] Missing argument 2 for Home\Model\IndexModel::m_frist_and_last(), called in D:\phpservice\WWW\borrow\App\Home\Controller\IndexController.class.php on line 32 and defined D:\phpservice\WWW\borrow\App\Home\Model\IndexModel.class.php 第 69 行.
NOTIC: [8] Undefined variable: y D:\phpservice\WWW\borrow\App\Home\Model\IndexModel.class.php 第 70 行.
SQL: SHOW COLUMNS FROM `borrow_repayment` [ RunTime:0.0010s ]
SQL: SELECT r.*,u.name,u.id as uid,b.borrow_number FROM `borrow_repayment` `r`,`borrow` `b`,`user` `u` WHERE ( r.borrow_uid = u.id AND r.borrow_id = b.id  AND repayment_time>=1459440000 AND repayment_time<1462031999 ) ORDER BY repayment_time asc LIMIT 0,50   [ RunTime:0.0010s ]
SQL: SHOW COLUMNS FROM `borrow_repayment` [ RunTime:0.0020s ]
SQL: SELECT COUNT(*) AS tp_count FROM `borrow_repayment` `r`,`borrow` `b`,`user` `u` WHERE ( r.borrow_uid = u.id AND r.borrow_id = b.id AND repayment_time>=1459440000 AND repayment_time<1462031999 ) LIMIT 1   [ RunTime:0.0010s ]
NOTIC: [8] Undefined index: id_repayment D:\phpservice\WWW\borrow\App\Home\Controller\IndexController.class.php 第 89 行.
NOTIC: [8] Undefined index: id_repayment D:\phpservice\WWW\borrow\App\Home\Controller\IndexController.class.php 第 89 行.

[ 2016-04-19T16:28:15+08:00 ] 127.0.0.1 /index.php/Home/Index/richeng/m/4/y/2016
INFO: [ app_init ] --START--
INFO: Run Behavior\BuildLiteBehavior [ RunTime:0.000000s ]
INFO: [ app_init ] --END-- [ RunTime:0.001000s ]
INFO: [ app_begin ] --START--
INFO: Run Behavior\ReadHtmlCacheBehavior [ RunTime:0.000000s ]
INFO: [ app_begin ] --END-- [ RunTime:0.001000s ]
SQL: SHOW COLUMNS FROM `borrow_repayment` [ RunTime:0.0010s ]
SQL: UPDATE `borrow_repayment` SET `is_late`='1' WHERE ( repayment_time < 1461054495 AND is_repayment = 0 ) [ RunTime:0.0000s ]
SQL: UPDATE `borrow_repayment` SET `is_late`='0' WHERE ( is_repayment = 1 ) [ RunTime:0.0000s ]
NOTIC: [2] Division by zero D:\phpservice\WWW\borrow\App\Home\Controller\CommonController.class.php 第 8 行.
SQL: SHOW COLUMNS FROM `borrow_repayment` [ RunTime:0.0020s ]
SQL: SELECT r.*,u.name,b.borrow_money,b.borrow_duration FROM `borrow_repayment` `r`,`borrow` `b`,`user` `u` WHERE ( r.borrow_uid = u.id AND r.borrow_id = b.id  AND r.repayment_time>=1459440000 AND repayment_time<1462031999 )  [ RunTime:0.0010s ]

[ 2016-04-19T16:28:51+08:00 ] 127.0.0.1 /index.php/Home/Repayment
INFO: [ app_init ] --START--
INFO: Run Behavior\BuildLiteBehavior [ RunTime:0.000000s ]
INFO: [ app_init ] --END-- [ RunTime:0.001000s ]
INFO: [ app_begin ] --START--
INFO: Run Behavior\ReadHtmlCacheBehavior [ RunTime:0.001000s ]
INFO: [ app_begin ] --END-- [ RunTime:0.002001s ]
SQL: SHOW COLUMNS FROM `borrow_repayment` [ RunTime:0.0010s ]
SQL: UPDATE `borrow_repayment` SET `is_late`='1' WHERE ( repayment_time < 1461054531 AND is_repayment = 0 ) [ RunTime:0.0010s ]
SQL: UPDATE `borrow_repayment` SET `is_late`='0' WHERE ( is_repayment = 1 ) [ RunTime:0.0010s ]
NOTIC: [2] Division by zero D:\phpservice\WWW\borrow\App\Home\Controller\CommonController.class.php 第 8 行.
INFO: [ view_parse ] --START--
INFO: [ template_filter ] --START--
INFO: Run Behavior\ContentReplaceBehavior [ RunTime:0.001000s ]
INFO: [ template_filter ] --END-- [ RunTime:0.004000s ]
NOTIC: [8] Undefined variable: SiteInfo D:\phpservice\WWW\borrow\App\Runtime\Cache\Home\b36cdc64ead7ff2a40c5f4a61d19304c.php 第 10 行.
NOTIC: [8] Undefined variable: SiteInfo D:\phpservice\WWW\borrow\App\Runtime\Cache\Home\b36cdc64ead7ff2a40c5f4a61d19304c.php 第 11 行.
NOTIC: [8] Undefined variable: str_2016 D:\phpservice\WWW\borrow\App\Runtime\Cache\Home\b36cdc64ead7ff2a40c5f4a61d19304c.php 第 323 行.
NOTIC: [8] Undefined variable: str_2015 D:\phpservice\WWW\borrow\App\Runtime\Cache\Home\b36cdc64ead7ff2a40c5f4a61d19304c.php 第 336 行.
INFO: Run Behavior\ParseTemplateBehavior [ RunTime:0.032002s ]
INFO: [ view_parse ] --END-- [ RunTime:0.032002s ]
INFO: [ view_filter ] --START--
INFO: Run Behavior\WriteHtmlCacheBehavior [ RunTime:0.001000s ]
INFO: [ view_filter ] --END-- [ RunTime:0.001000s ]
INFO: [ app_end ] --START--
INFO: Run Behavior\ShowPageTraceBehavior [ RunTime:0.001000s ]
INFO: [ app_end ] --END-- [ RunTime:0.001000s ]

[ 2016-04-19T16:28:53+08:00 ] 127.0.0.1 /index.php/Home/Repayment/ajaxquery?draw=1&columns%5B0%5D%5Bdata%5D=&columns%5B0%5D%5Bname%5D=&columns%5B0%5D%5Bsearchable%5D=true&columns%5B0%5D%5Borderable%5D=false&columns%5B0%5D%5Bsearch%5D%5Bvalue%5D=&columns%5B0%5D%5Bsearch%5D%5Bregex%5D=false&columns%5B1%5D%5Bdata%5D=id&columns%5B1%5D%5Bname%5D=&columns%5B1%5D%5Bsearchable%5D=true&columns%5B1%5D%5Borderable%5D=true&columns%5B1%5D%5Bsearch%5D%5Bvalue%5D=&columns%5B1%5D%5Bsearch%5D%5Bregex%5D=false&columns%5B2%5D%5Bdata%5D=borrow_number&columns%5B2%5D%5Bname%5D=&columns%5B2%5D%5Bsearchable%5D=true&columns%5B2%5D%5Borderable%5D=true&columns%5B2%5D%5Bsearch%5D%5Bvalue%5D=&columns%5B2%5D%5Bsearch%5D%5Bregex%5D=false&columns%5B3%5D%5Bdata%5D=name&columns%5B3%5D%5Bname%5D=&columns%5B3%5D%5Bsearchable%5D=true&columns%5B3%5D%5Borderable%5D=true&columns%5B3%5D%5Bsearch%5D%5Bvalue%5D=&columns%5B3%5D%5Bsearch%5D%5Bregex%5D=false&columns%5B4%5D%5Bdata%5D=repayment_money&columns%5B4%5D%5Bname%5D=&columns%5B4%5D%5Bsearchable%5D=true&columns%5B4%5D%5Borderable%5D=true&columns%5B4%5D%5Bsearch%5D%5Bvalue%5D=&columns%5B4%5D%5Bsearch%5D%5Bregex%5D=false&columns%5B5%5D%5Bdata%5D=repayment_time&columns%5B5%5D%5Bname%5D=&columns%5B5%5D%5Bsearchable%5D=true&columns%5B5%5D%5Borderable%5D=true&columns%5B5%5D%5Bsearch%5D%5Bvalue%5D=&columns%5B5%5D%5Bsearch%5D%5Bregex%5D=false&columns%5B6%5D%5Bdata%5D=real_repayment_time&columns%5B6%5D%5Bname%5D=&columns%5B6%5D%5Bsearchable%5D=true&columns%5B6%5D%5Borderable%5D=true&columns%5B6%5D%5Bsearch%5D%5Bvalue%5D=&columns%5B6%5D%5Bsearch%5D%5Bregex%5D=false&columns%5B7%5D%5Bdata%5D=is_late&columns%5B7%5D%5Bname%5D=&columns%5B7%5D%5Bsearchable%5D=true&columns%5B7%5D%5Borderable%5D=true&columns%5B7%5D%5Bsearch%5D%5Bvalue%5D=&columns%5B7%5D%5Bsearch%5D%5Bregex%5D=false&columns%5B8%5D%5Bdata%5D=action&columns%5B8%5D%5Bname%5D=&columns%5B8%5D%5Bsearchable%5D=true&columns%5B8%5D%5Borderable%5D=false&columns%5B8%5D%5Bsearch%5D%5Bvalue%5D=&columns%5B8%5D%5Bsearch%5D%5Bregex%5D=false&order%5B0%5D%5Bcolumn%5D=1&order%5B0%5D%5Bdir%5D=desc&start=0&length=50&search%5Bvalue%5D=&search%5Bregex%5D=false&_=1461054531601
INFO: [ app_init ] --START--
INFO: Run Behavior\BuildLiteBehavior [ RunTime:0.000000s ]
INFO: [ app_init ] --END-- [ RunTime:0.001000s ]
INFO: [ app_begin ] --START--
INFO: Run Behavior\ReadHtmlCacheBehavior [ RunTime:0.000000s ]
INFO: [ app_begin ] --END-- [ RunTime:0.002001s ]
SQL: SHOW COLUMNS FROM `borrow_repayment` [ RunTime:0.0020s ]
SQL: UPDATE `borrow_repayment` SET `is_late`='1' WHERE ( repayment_time < 1461054532 AND is_repayment = 0 ) [ RunTime:0.0010s ]
SQL: UPDATE `borrow_repayment` SET `is_late`='0' WHERE ( is_repayment = 1 ) [ RunTime:0.0000s ]
NOTIC: [2] Division by zero D:\phpservice\WWW\borrow\App\Home\Controller\CommonController.class.php 第 8 行.
SQL: SHOW COLUMNS FROM `borrow_repayment` [ RunTime:0.0020s ]
SQL: SELECT r.*,u.name,u.id as uid,b.borrow_number FROM `borrow_repayment` `r`,`borrow` `b`,`user` `u` WHERE ( r.borrow_uid = u.id AND r.borrow_id = b.id ) ORDER BY id desc LIMIT 0,50   [ RunTime:0.0020s ]
SQL: SHOW COLUMNS FROM `borrow_repayment` [ RunTime:0.0020s ]
SQL: SELECT COUNT(*) AS tp_count FROM `borrow_repayment` `r`,`borrow` `b`,`user` `u` WHERE ( r.borrow_uid = u.id AND r.borrow_id = b.id ) LIMIT 1   [ RunTime:0.0000s ]
NOTIC: [8] Undefined index: id_repayment D:\phpservice\WWW\borrow\App\Home\Controller\RepaymentController.class.php 第 66 行.
NOTIC: [8] Undefined index: id_repayment D:\phpservice\WWW\borrow\App\Home\Controller\RepaymentController.class.php 第 66 行.
NOTIC: [8] Undefined index: id_repayment D:\phpservice\WWW\borrow\App\Home\Controller\RepaymentController.class.php 第 66 行.
NOTIC: [8] Undefined index: id_repayment D:\phpservice\WWW\borrow\App\Home\Controller\RepaymentController.class.php 第 66 行.
NOTIC: [8] Undefined index: id_repayment D:\phpservice\WWW\borrow\App\Home\Controller\RepaymentController.class.php 第 66 行.
NOTIC: [8] Undefined index: id_repayment D:\phpservice\WWW\borrow\App\Home\Controller\RepaymentController.class.php 第 66 行.
NOTIC: [8] Undefined index: id_repayment D:\phpservice\WWW\borrow\App\Home\Controller\RepaymentController.class.php 第 66 行.
NOTIC: [8] Undefined index: id_repayment D:\phpservice\WWW\borrow\App\Home\Controller\RepaymentController.class.php 第 66 行.
NOTIC: [8] Undefined index: id_repayment D:\phpservice\WWW\borrow\App\Home\Controller\RepaymentController.class.php 第 66 行.
NOTIC: [8] Undefined index: id_repayment D:\phpservice\WWW\borrow\App\Home\Controller\RepaymentController.class.php 第 66 行.
NOTIC: [8] Undefined index: id_repayment D:\phpservice\WWW\borrow\App\Home\Controller\RepaymentController.class.php 第 66 行.
NOTIC: [8] Undefined index: id_repayment D:\phpservice\WWW\borrow\App\Home\Controller\RepaymentController.class.php 第 66 行.
NOTIC: [8] Undefined index: id_repayment D:\phpservice\WWW\borrow\App\Home\Controller\RepaymentController.class.php 第 66 行.
NOTIC: [8] Undefined index: id_repayment D:\phpservice\WWW\borrow\App\Home\Controller\RepaymentController.class.php 第 66 行.
NOTIC: [8] Undefined index: id_repayment D:\phpservice\WWW\borrow\App\Home\Controller\RepaymentController.class.php 第 66 行.
NOTIC: [8] Undefined index: id_repayment D:\phpservice\WWW\borrow\App\Home\Controller\RepaymentController.class.php 第 66 行.
NOTIC: [8] Undefined index: id_repayment D:\phpservice\WWW\borrow\App\Home\Controller\RepaymentController.class.php 第 66 行.
NOTIC: [8] Undefined index: id_repayment D:\phpservice\WWW\borrow\App\Home\Controller\RepaymentController.class.php 第 66 行.
NOTIC: [8] Undefined index: id_repayment D:\phpservice\WWW\borrow\App\Home\Controller\RepaymentController.class.php 第 66 行.
NOTIC: [8] Undefined index: id_repayment D:\phpservice\WWW\borrow\App\Home\Controller\RepaymentController.class.php 第 66 行.
NOTIC: [8] Undefined index: id_repayment D:\phpservice\WWW\borrow\App\Home\Controller\RepaymentController.class.php 第 66 行.
NOTIC: [8] Undefined index: id_repayment D:\phpservice\WWW\borrow\App\Home\Controller\RepaymentController.class.php 第 66 行.
NOTIC: [8] Undefined index: id_repayment D:\phpservice\WWW\borrow\App\Home\Controller\RepaymentController.class.php 第 66 行.
NOTIC: [8] Undefined index: id_repayment D:\phpservice\WWW\borrow\App\Home\Controller\RepaymentController.class.php 第 66 行.
NOTIC: [8] Undefined index: id_repayment D:\phpservice\WWW\borrow\App\Home\Controller\RepaymentController.class.php 第 66 行.
NOTIC: [8] Undefined index: id_repayment D:\phpservice\WWW\borrow\App\Home\Controller\RepaymentController.class.php 第 66 行.
NOTIC: [8] Undefined index: id_repayment D:\phpservice\WWW\borrow\App\Home\Controller\RepaymentController.class.php 第 66 行.
NOTIC: [8] Undefined index: id_repayment D:\phpservice\WWW\borrow\App\Home\Controller\RepaymentController.class.php 第 66 行.
NOTIC: [8] Undefined index: id_repayment D:\phpservice\WWW\borrow\App\Home\Controller\RepaymentController.class.php 第 66 行.
NOTIC: [8] Undefined index: id_repayment D:\phpservice\WWW\borrow\App\Home\Controller\RepaymentController.class.php 第 66 行.
NOTIC: [8] Undefined index: id_repayment D:\phpservice\WWW\borrow\App\Home\Controller\RepaymentController.class.php 第 66 行.
NOTIC: [8] Undefined index: id_repayment D:\phpservice\WWW\borrow\App\Home\Controller\RepaymentController.class.php 第 66 行.
NOTIC: [8] Undefined index: id_repayment D:\phpservice\WWW\borrow\App\Home\Controller\RepaymentController.class.php 第 66 行.
NOTIC: [8] Undefined index: id_repayment D:\phpservice\WWW\borrow\App\Home\Controller\RepaymentController.class.php 第 66 行.
NOTIC: [8] Undefined index: id_repayment D:\phpservice\WWW\borrow\App\Home\Controller\RepaymentController.class.php 第 66 行.
NOTIC: [8] Undefined index: id_repayment D:\phpservice\WWW\borrow\App\Home\Controller\RepaymentController.class.php 第 66 行.
NOTIC: [8] Undefined index: id_repayment D:\phpservice\WWW\borrow\App\Home\Controller\RepaymentController.class.php 第 66 行.
NOTIC: [8] Undefined index: id_repayment D:\phpservice\WWW\borrow\App\Home\Controller\RepaymentController.class.php 第 66 行.
NOTIC: [8] Undefined index: id_repayment D:\phpservice\WWW\borrow\App\Home\Controller\RepaymentController.class.php 第 66 行.
NOTIC: [8] Undefined index: id_repayment D:\phpservice\WWW\borrow\App\Home\Controller\RepaymentController.class.php 第 66 行.
NOTIC: [8] Undefined index: id_repayment D:\phpservice\WWW\borrow\App\Home\Controller\RepaymentController.class.php 第 66 行.
NOTIC: [8] Undefined index: id_repayment D:\phpservice\WWW\borrow\App\Home\Controller\RepaymentController.class.php 第 66 行.
NOTIC: [8] Undefined index: id_repayment D:\phpservice\WWW\borrow\App\Home\Controller\RepaymentController.class.php 第 66 行.
NOTIC: [8] Undefined index: id_repayment D:\phpservice\WWW\borrow\App\Home\Controller\RepaymentController.class.php 第 66 行.
NOTIC: [8] Undefined index: id_repayment D:\phpservice\WWW\borrow\App\Home\Controller\RepaymentController.class.php 第 66 行.
NOTIC: [8] Undefined index: id_repayment D:\phpservice\WWW\borrow\App\Home\Controller\RepaymentController.class.php 第 66 行.
NOTIC: [8] Undefined index: id_repayment D:\phpservice\WWW\borrow\App\Home\Controller\RepaymentController.class.php 第 66 行.
NOTIC: [8] Undefined index: id_repayment D:\phpservice\WWW\borrow\App\Home\Controller\RepaymentController.class.php 第 66 行.
NOTIC: [8] Undefined index: id_repayment D:\phpservice\WWW\borrow\App\Home\Controller\RepaymentController.class.php 第 66 行.
NOTIC: [8] Undefined index: id_repayment D:\phpservice\WWW\borrow\App\Home\Controller\RepaymentController.class.php 第 66 行.

[ 2016-04-19T16:28:56+08:00 ] 127.0.0.1 /index.php/Home/Repayment/ajaxquery?draw=2&columns%5B0%5D%5Bdata%5D=&columns%5B0%5D%5Bname%5D=&columns%5B0%5D%5Bsearchable%5D=true&columns%5B0%5D%5Borderable%5D=false&columns%5B0%5D%5Bsearch%5D%5Bvalue%5D=&columns%5B0%5D%5Bsearch%5D%5Bregex%5D=false&columns%5B1%5D%5Bdata%5D=id&columns%5B1%5D%5Bname%5D=&columns%5B1%5D%5Bsearchable%5D=true&columns%5B1%5D%5Borderable%5D=true&columns%5B1%5D%5Bsearch%5D%5Bvalue%5D=&columns%5B1%5D%5Bsearch%5D%5Bregex%5D=false&columns%5B2%5D%5Bdata%5D=borrow_number&columns%5B2%5D%5Bname%5D=&columns%5B2%5D%5Bsearchable%5D=true&columns%5B2%5D%5Borderable%5D=true&columns%5B2%5D%5Bsearch%5D%5Bvalue%5D=&columns%5B2%5D%5Bsearch%5D%5Bregex%5D=false&columns%5B3%5D%5Bdata%5D=name&columns%5B3%5D%5Bname%5D=&columns%5B3%5D%5Bsearchable%5D=true&columns%5B3%5D%5Borderable%5D=true&columns%5B3%5D%5Bsearch%5D%5Bvalue%5D=&columns%5B3%5D%5Bsearch%5D%5Bregex%5D=false&columns%5B4%5D%5Bdata%5D=repayment_money&columns%5B4%5D%5Bname%5D=&columns%5B4%5D%5Bsearchable%5D=true&columns%5B4%5D%5Borderable%5D=true&columns%5B4%5D%5Bsearch%5D%5Bvalue%5D=&columns%5B4%5D%5Bsearch%5D%5Bregex%5D=false&columns%5B5%5D%5Bdata%5D=repayment_time&columns%5B5%5D%5Bname%5D=&columns%5B5%5D%5Bsearchable%5D=true&columns%5B5%5D%5Borderable%5D=true&columns%5B5%5D%5Bsearch%5D%5Bvalue%5D=&columns%5B5%5D%5Bsearch%5D%5Bregex%5D=false&columns%5B6%5D%5Bdata%5D=real_repayment_time&columns%5B6%5D%5Bname%5D=&columns%5B6%5D%5Bsearchable%5D=true&columns%5B6%5D%5Borderable%5D=true&columns%5B6%5D%5Bsearch%5D%5Bvalue%5D=&columns%5B6%5D%5Bsearch%5D%5Bregex%5D=false&columns%5B7%5D%5Bdata%5D=is_late&columns%5B7%5D%5Bname%5D=&columns%5B7%5D%5Bsearchable%5D=true&columns%5B7%5D%5Borderable%5D=true&columns%5B7%5D%5Bsearch%5D%5Bvalue%5D=&columns%5B7%5D%5Bsearch%5D%5Bregex%5D=false&columns%5B8%5D%5Bdata%5D=action&columns%5B8%5D%5Bname%5D=&columns%5B8%5D%5Bsearchable%5D=true&columns%5B8%5D%5Borderable%5D=false&columns%5B8%5D%5Bsearch%5D%5Bvalue%5D=&columns%5B8%5D%5Bsearch%5D%5Bregex%5D=false&order%5B0%5D%5Bcolumn%5D=6&order%5B0%5D%5Bdir%5D=asc&start=0&length=50&search%5Bvalue%5D=&search%5Bregex%5D=false&_=1461054531602
INFO: [ app_init ] --START--
INFO: Run Behavior\BuildLiteBehavior [ RunTime:0.000000s ]
INFO: [ app_init ] --END-- [ RunTime:0.001000s ]
INFO: [ app_begin ] --START--
INFO: Run Behavior\ReadHtmlCacheBehavior [ RunTime:0.001000s ]
INFO: [ app_begin ] --END-- [ RunTime:0.001000s ]
SQL: SHOW COLUMNS FROM `borrow_repayment` [ RunTime:0.0020s ]
SQL: UPDATE `borrow_repayment` SET `is_late`='1' WHERE ( repayment_time < 1461054535 AND is_repayment = 0 ) [ RunTime:0.0000s ]
SQL: UPDATE `borrow_repayment` SET `is_late`='0' WHERE ( is_repayment = 1 ) [ RunTime:0.0000s ]
NOTIC: [2] Division by zero D:\phpservice\WWW\borrow\App\Home\Controller\CommonController.class.php 第 8 行.
SQL: SHOW COLUMNS FROM `borrow_repayment` [ RunTime:0.0010s ]
SQL: SELECT r.*,u.name,u.id as uid,b.borrow_number FROM `borrow_repayment` `r`,`borrow` `b`,`user` `u` WHERE ( r.borrow_uid = u.id AND r.borrow_id = b.id ) ORDER BY real_repayment_time asc LIMIT 0,50   [ RunTime:0.0010s ]
SQL: SHOW COLUMNS FROM `borrow_repayment` [ RunTime:0.0010s ]
SQL: SELECT COUNT(*) AS tp_count FROM `borrow_repayment` `r`,`borrow` `b`,`user` `u` WHERE ( r.borrow_uid = u.id AND r.borrow_id = b.id ) LIMIT 1   [ RunTime:0.0010s ]
NOTIC: [8] Undefined index: id_repayment D:\phpservice\WWW\borrow\App\Home\Controller\RepaymentController.class.php 第 66 行.
NOTIC: [8] Undefined index: id_repayment D:\phpservice\WWW\borrow\App\Home\Controller\RepaymentController.class.php 第 66 行.
NOTIC: [8] Undefined index: id_repayment D:\phpservice\WWW\borrow\App\Home\Controller\RepaymentController.class.php 第 66 行.
NOTIC: [8] Undefined index: id_repayment D:\phpservice\WWW\borrow\App\Home\Controller\RepaymentController.class.php 第 66 行.
NOTIC: [8] Undefined index: id_repayment D:\phpservice\WWW\borrow\App\Home\Controller\RepaymentController.class.php 第 66 行.
NOTIC: [8] Undefined index: id_repayment D:\phpservice\WWW\borrow\App\Home\Controller\RepaymentController.class.php 第 66 行.
NOTIC: [8] Undefined index: id_repayment D:\phpservice\WWW\borrow\App\Home\Controller\RepaymentController.class.php 第 66 行.
NOTIC: [8] Undefined index: id_repayment D:\phpservice\WWW\borrow\App\Home\Controller\RepaymentController.class.php 第 66 行.
NOTIC: [8] Undefined index: id_repayment D:\phpservice\WWW\borrow\App\Home\Controller\RepaymentController.class.php 第 66 行.
NOTIC: [8] Undefined index: id_repayment D:\phpservice\WWW\borrow\App\Home\Controller\RepaymentController.class.php 第 66 行.
NOTIC: [8] Undefined index: id_repayment D:\phpservice\WWW\borrow\App\Home\Controller\RepaymentController.class.php 第 66 行.
NOTIC: [8] Undefined index: id_repayment D:\phpservice\WWW\borrow\App\Home\Controller\RepaymentController.class.php 第 66 行.
NOTIC: [8] Undefined index: id_repayment D:\phpservice\WWW\borrow\App\Home\Controller\RepaymentController.class.php 第 66 行.
NOTIC: [8] Undefined index: id_repayment D:\phpservice\WWW\borrow\App\Home\Controller\RepaymentController.class.php 第 66 行.
NOTIC: [8] Undefined index: id_repayment D:\phpservice\WWW\borrow\App\Home\Controller\RepaymentController.class.php 第 66 行.
NOTIC: [8] Undefined index: id_repayment D:\phpservice\WWW\borrow\App\Home\Controller\RepaymentController.class.php 第 66 行.
NOTIC: [8] Undefined index: id_repayment D:\phpservice\WWW\borrow\App\Home\Controller\RepaymentController.class.php 第 66 行.
NOTIC: [8] Undefined index: id_repayment D:\phpservice\WWW\borrow\App\Home\Controller\RepaymentController.class.php 第 66 行.
NOTIC: [8] Undefined index: id_repayment D:\phpservice\WWW\borrow\App\Home\Controller\RepaymentController.class.php 第 66 行.
NOTIC: [8] Undefined index: id_repayment D:\phpservice\WWW\borrow\App\Home\Controller\RepaymentController.class.php 第 66 行.
NOTIC: [8] Undefined index: id_repayment D:\phpservice\WWW\borrow\App\Home\Controller\RepaymentController.class.php 第 66 行.
NOTIC: [8] Undefined index: id_repayment D:\phpservice\WWW\borrow\App\Home\Controller\RepaymentController.class.php 第 66 行.
NOTIC: [8] Undefined index: id_repayment D:\phpservice\WWW\borrow\App\Home\Controller\RepaymentController.class.php 第 66 行.
NOTIC: [8] Undefined index: id_repayment D:\phpservice\WWW\borrow\App\Home\Controller\RepaymentController.class.php 第 66 行.
NOTIC: [8] Undefined index: id_repayment D:\phpservice\WWW\borrow\App\Home\Controller\RepaymentController.class.php 第 66 行.
NOTIC: [8] Undefined index: id_repayment D:\phpservice\WWW\borrow\App\Home\Controller\RepaymentController.class.php 第 66 行.
NOTIC: [8] Undefined index: id_repayment D:\phpservice\WWW\borrow\App\Home\Controller\RepaymentController.class.php 第 66 行.
NOTIC: [8] Undefined index: id_repayment D:\phpservice\WWW\borrow\App\Home\Controller\RepaymentController.class.php 第 66 行.
NOTIC: [8] Undefined index: id_repayment D:\phpservice\WWW\borrow\App\Home\Controller\RepaymentController.class.php 第 66 行.
NOTIC: [8] Undefined index: id_repayment D:\phpservice\WWW\borrow\App\Home\Controller\RepaymentController.class.php 第 66 行.
NOTIC: [8] Undefined index: id_repayment D:\phpservice\WWW\borrow\App\Home\Controller\RepaymentController.class.php 第 66 行.
NOTIC: [8] Undefined index: id_repayment D:\phpservice\WWW\borrow\App\Home\Controller\RepaymentController.class.php 第 66 行.
NOTIC: [8] Undefined index: id_repayment D:\phpservice\WWW\borrow\App\Home\Controller\RepaymentController.class.php 第 66 行.
NOTIC: [8] Undefined index: id_repayment D:\phpservice\WWW\borrow\App\Home\Controller\RepaymentController.class.php 第 66 行.
NOTIC: [8] Undefined index: id_repayment D:\phpservice\WWW\borrow\App\Home\Controller\RepaymentController.class.php 第 66 行.
NOTIC: [8] Undefined index: id_repayment D:\phpservice\WWW\borrow\App\Home\Controller\RepaymentController.class.php 第 66 行.
NOTIC: [8] Undefined index: id_repayment D:\phpservice\WWW\borrow\App\Home\Controller\RepaymentController.class.php 第 66 行.
NOTIC: [8] Undefined index: id_repayment D:\phpservice\WWW\borrow\App\Home\Controller\RepaymentController.class.php 第 66 行.
NOTIC: [8] Undefined index: id_repayment D:\phpservice\WWW\borrow\App\Home\Controller\RepaymentController.class.php 第 66 行.
NOTIC: [8] Undefined index: id_repayment D:\phpservice\WWW\borrow\App\Home\Controller\RepaymentController.class.php 第 66 行.
NOTIC: [8] Undefined index: id_repayment D:\phpservice\WWW\borrow\App\Home\Controller\RepaymentController.class.php 第 66 行.
NOTIC: [8] Undefined index: id_repayment D:\phpservice\WWW\borrow\App\Home\Controller\RepaymentController.class.php 第 66 行.
NOTIC: [8] Undefined index: id_repayment D:\phpservice\WWW\borrow\App\Home\Controller\RepaymentController.class.php 第 66 行.
NOTIC: [8] Undefined index: id_repayment D:\phpservice\WWW\borrow\App\Home\Controller\RepaymentController.class.php 第 66 行.
NOTIC: [8] Undefined index: id_repayment D:\phpservice\WWW\borrow\App\Home\Controller\RepaymentController.class.php 第 66 行.
NOTIC: [8] Undefined index: id_repayment D:\phpservice\WWW\borrow\App\Home\Controller\RepaymentController.class.php 第 66 行.
NOTIC: [8] Undefined index: id_repayment D:\phpservice\WWW\borrow\App\Home\Controller\RepaymentController.class.php 第 66 行.
NOTIC: [8] Undefined index: id_repayment D:\phpservice\WWW\borrow\App\Home\Controller\RepaymentController.class.php 第 66 行.
NOTIC: [8] Undefined index: id_repayment D:\phpservice\WWW\borrow\App\Home\Controller\RepaymentController.class.php 第 66 行.
NOTIC: [8] Undefined index: id_repayment D:\phpservice\WWW\borrow\App\Home\Controller\RepaymentController.class.php 第 66 行.

