[ 2016-04-06T09:32:40+08:00 ] 127.0.0.1 /borrow/Public/js/plugins/layer/laydate/skins/default/icon.png
INFO: [ app_init ] --START--
INFO: Run Behavior\BuildLiteBehavior [ RunTime:0.001000s ]
INFO: [ app_init ] --END-- [ RunTime:0.001000s ]
ERR: 无法加载模块:Public

[ 2016-04-06T09:32:44+08:00 ] 127.0.0.1 /borrow/Public/js/plugins/layer/laydate/skins/default/icon.png
INFO: [ app_init ] --START--
INFO: Run Behavior\BuildLiteBehavior [ RunTime:0.000000s ]
INFO: [ app_init ] --END-- [ RunTime:0.002000s ]
ERR: 无法加载模块:Public

[ 2016-04-06T09:37:16+08:00 ] 127.0.0.1 /borrow/Public/js/plugins/layer/laydate/skins/default/icon.png
INFO: [ app_init ] --START--
INFO: Run Behavior\BuildLiteBehavior [ RunTime:0.000000s ]
INFO: [ app_init ] --END-- [ RunTime:0.002000s ]
ERR: 无法加载模块:Public

[ 2016-04-06T09:53:36+08:00 ] 127.0.0.1 /borrow/Public/js/plugins/layer/laydate/skins/default/icon.png
INFO: [ app_init ] --START--
INFO: Run Behavior\BuildLiteBehavior [ RunTime:0.000000s ]
INFO: [ app_init ] --END-- [ RunTime:0.001000s ]
ERR: 无法加载模块:Public

[ 2016-04-06T11:15:40+08:00 ] 127.0.0.1 /borrow/Public/js/plugins/layer/laydate/skins/default/icon.png
INFO: [ app_init ] --START--
INFO: Run Behavior\BuildLiteBehavior [ RunTime:0.000000s ]
INFO: [ app_init ] --END-- [ RunTime:0.001000s ]
ERR: 无法加载模块:Public

[ 2016-04-06T11:18:02+08:00 ] 127.0.0.1 /borrow/Public/js/plugins/layer/laydate/skins/default/icon.png
INFO: [ app_init ] --START--
INFO: Run Behavior\BuildLiteBehavior [ RunTime:0.000000s ]
INFO: [ app_init ] --END-- [ RunTime:0.001000s ]
ERR: 无法加载模块:Public

[ 2016-04-06T11:19:33+08:00 ] 127.0.0.1 /borrow/Public/js/plugins/layer/laydate/skins/default/icon.png
INFO: [ app_init ] --START--
INFO: Run Behavior\BuildLiteBehavior [ RunTime:0.000000s ]
INFO: [ app_init ] --END-- [ RunTime:0.002000s ]
ERR: 无法加载模块:Public

[ 2016-04-06T11:22:02+08:00 ] 127.0.0.1 /borrow/Public/js/plugins/layer/laydate/skins/default/icon.png
INFO: [ app_init ] --START--
INFO: Run Behavior\BuildLiteBehavior [ RunTime:0.000000s ]
INFO: [ app_init ] --END-- [ RunTime:0.001000s ]
ERR: 无法加载模块:Public

[ 2016-04-06T11:31:52+08:00 ] 127.0.0.1 /borrow/Public/js/plugins/layer/laydate/skins/default/icon.png
INFO: [ app_init ] --START--
INFO: Run Behavior\BuildLiteBehavior [ RunTime:0.001000s ]
INFO: [ app_init ] --END-- [ RunTime:0.001000s ]
ERR: 无法加载模块:Public

[ 2016-04-06T15:51:11+08:00 ] 127.0.0.1 /borrow/Public/js/plugins/layer/laydate/skins/default/icon.png
INFO: [ app_init ] --START--
INFO: Run Behavior\BuildLiteBehavior [ RunTime:0.000000s ]
INFO: [ app_init ] --END-- [ RunTime:0.001000s ]
ERR: 无法加载模块:Public

[ 2016-04-06T15:51:28+08:00 ] 127.0.0.1 /borrow/Public/js/plugins/layer/laydate/skins/default/icon.png
INFO: [ app_init ] --START--
INFO: Run Behavior\BuildLiteBehavior [ RunTime:0.000000s ]
INFO: [ app_init ] --END-- [ RunTime:0.005000s ]
ERR: 无法加载模块:Public

[ 2016-04-06T15:54:23+08:00 ] 127.0.0.1 /borrow/Public/js/plugins/layer/laydate/skins/default/icon.png
INFO: [ app_init ] --START--
INFO: Run Behavior\BuildLiteBehavior [ RunTime:0.000000s ]
INFO: [ app_init ] --END-- [ RunTime:0.001000s ]
ERR: 无法加载模块:Public

[ 2016-04-06T16:34:08+08:00 ] 127.0.0.1 /borrow/Public/js/plugins/layer/laydate/skins/default/icon.png
INFO: [ app_init ] --START--
INFO: Run Behavior\BuildLiteBehavior [ RunTime:0.000000s ]
INFO: [ app_init ] --END-- [ RunTime:0.001000s ]
ERR: 无法加载模块:Public

[ 2016-04-06T16:55:10+08:00 ] 127.0.0.1 /borrow/Public/js/plugins/layer/laydate/skins/default/icon.png
INFO: [ app_init ] --START--
INFO: Run Behavior\BuildLiteBehavior [ RunTime:0.000000s ]
INFO: [ app_init ] --END-- [ RunTime:0.001000s ]
ERR: 无法加载模块:Public

[ 2016-04-06T16:56:38+08:00 ] 127.0.0.1 /borrow/Public/js/plugins/layer/laydate/skins/default/icon.png
INFO: [ app_init ] --START--
INFO: Run Behavior\BuildLiteBehavior [ RunTime:0.000000s ]
INFO: [ app_init ] --END-- [ RunTime:0.003000s ]
ERR: 无法加载模块:Public

[ 2016-04-06T16:56:53+08:00 ] 127.0.0.1 /borrow/Public/js/plugins/layer/laydate/skins/default/icon.png
INFO: [ app_init ] --START--
INFO: Run Behavior\BuildLiteBehavior [ RunTime:0.000000s ]
INFO: [ app_init ] --END-- [ RunTime:0.002000s ]
ERR: 无法加载模块:Public

[ 2016-04-06T16:57:42+08:00 ] 127.0.0.1 /borrow/Public/js/plugins/layer/laydate/skins/default/icon.png
INFO: [ app_init ] --START--
INFO: Run Behavior\BuildLiteBehavior [ RunTime:0.000000s ]
INFO: [ app_init ] --END-- [ RunTime:0.001000s ]
ERR: 无法加载模块:Public

