[ 2016-04-07T08:53:44+08:00 ] 127.0.0.1 /borrow/Public/js/plugins/layer/laydate/skins/default/icon.png
INFO: [ app_init ] --START--
INFO: Run Behavior\BuildLiteBehavior [ RunTime:0.001000s ]
INFO: [ app_init ] --END-- [ RunTime:0.001000s ]
ERR: 无法加载模块:Public

[ 2016-04-07T09:04:32+08:00 ] 127.0.0.1 /borrow/Public/js/plugins/layer/laydate/skins/default/icon.png
INFO: [ app_init ] --START--
INFO: Run Behavior\BuildLiteBehavior [ RunTime:0.000000s ]
INFO: [ app_init ] --END-- [ RunTime:0.001000s ]
ERR: 无法加载模块:Public

[ 2016-04-07T09:17:20+08:00 ] 127.0.0.1 /borrow/Public/js/plugins/layer/laydate/skins/default/icon.png
INFO: [ app_init ] --START--
INFO: Run Behavior\BuildLiteBehavior [ RunTime:0.000000s ]
INFO: [ app_init ] --END-- [ RunTime:0.001000s ]
ERR: 无法加载模块:Public

[ 2016-04-07T09:18:49+08:00 ] 127.0.0.1 /borrow/Public/js/plugins/layer/laydate/skins/default/icon.png
INFO: [ app_init ] --START--
INFO: Run Behavior\BuildLiteBehavior [ RunTime:0.001000s ]
INFO: [ app_init ] --END-- [ RunTime:0.003000s ]
ERR: 无法加载模块:Public

[ 2016-04-07T09:21:27+08:00 ] 127.0.0.1 /borrow/Public/js/plugins/layer/laydate/skins/default/icon.png
INFO: [ app_init ] --START--
INFO: Run Behavior\BuildLiteBehavior [ RunTime:0.000000s ]
INFO: [ app_init ] --END-- [ RunTime:0.002000s ]
ERR: 无法加载模块:Public

[ 2016-04-07T09:22:51+08:00 ] 127.0.0.1 /borrow/Public/js/plugins/layer/laydate/skins/default/icon.png
INFO: [ app_init ] --START--
INFO: Run Behavior\BuildLiteBehavior [ RunTime:0.000000s ]
INFO: [ app_init ] --END-- [ RunTime:0.001000s ]
ERR: 无法加载模块:Public

[ 2016-04-07T09:24:10+08:00 ] 127.0.0.1 /borrow/Public/js/plugins/layer/laydate/skins/default/icon.png
INFO: [ app_init ] --START--
INFO: Run Behavior\BuildLiteBehavior [ RunTime:0.000000s ]
INFO: [ app_init ] --END-- [ RunTime:0.001000s ]
ERR: 无法加载模块:Public

[ 2016-04-07T09:25:20+08:00 ] 127.0.0.1 /borrow/Public/js/plugins/layer/laydate/skins/default/icon.png
INFO: [ app_init ] --START--
INFO: Run Behavior\BuildLiteBehavior [ RunTime:0.000000s ]
INFO: [ app_init ] --END-- [ RunTime:0.001000s ]
ERR: 无法加载模块:Public

[ 2016-04-07T09:28:18+08:00 ] 127.0.0.1 /borrow/Public/js/plugins/layer/laydate/skins/default/icon.png
INFO: [ app_init ] --START--
INFO: Run Behavior\BuildLiteBehavior [ RunTime:0.000000s ]
INFO: [ app_init ] --END-- [ RunTime:0.001000s ]
ERR: 无法加载模块:Public

[ 2016-04-07T09:31:48+08:00 ] 127.0.0.1 /borrow/Public/js/plugins/layer/laydate/skins/default/icon.png
INFO: [ app_init ] --START--
INFO: Run Behavior\BuildLiteBehavior [ RunTime:0.000000s ]
INFO: [ app_init ] --END-- [ RunTime:0.002000s ]
ERR: 无法加载模块:Public

[ 2016-04-07T09:32:39+08:00 ] 127.0.0.1 /borrow/Public/js/plugins/layer/laydate/skins/default/icon.png
INFO: [ app_init ] --START--
INFO: Run Behavior\BuildLiteBehavior [ RunTime:0.000000s ]
INFO: [ app_init ] --END-- [ RunTime:0.001000s ]
ERR: 无法加载模块:Public

[ 2016-04-07T09:35:00+08:00 ] 127.0.0.1 /borrow/Public/js/plugins/layer/laydate/skins/default/icon.png
INFO: [ app_init ] --START--
INFO: Run Behavior\BuildLiteBehavior [ RunTime:0.000000s ]
INFO: [ app_init ] --END-- [ RunTime:0.002000s ]
ERR: 无法加载模块:Public

[ 2016-04-07T09:37:38+08:00 ] 127.0.0.1 /borrow/Public/js/plugins/layer/laydate/skins/default/icon.png
INFO: [ app_init ] --START--
INFO: Run Behavior\BuildLiteBehavior [ RunTime:0.000000s ]
INFO: [ app_init ] --END-- [ RunTime:0.001000s ]
ERR: 无法加载模块:Public

[ 2016-04-07T09:38:38+08:00 ] 127.0.0.1 /borrow/Public/js/plugins/layer/laydate/skins/default/icon.png
INFO: [ app_init ] --START--
INFO: Run Behavior\BuildLiteBehavior [ RunTime:0.001000s ]
INFO: [ app_init ] --END-- [ RunTime:0.001000s ]
ERR: 无法加载模块:Public

[ 2016-04-07T09:39:29+08:00 ] 127.0.0.1 /borrow/Public/js/plugins/layer/laydate/skins/default/icon.png
INFO: [ app_init ] --START--
INFO: Run Behavior\BuildLiteBehavior [ RunTime:0.000000s ]
INFO: [ app_init ] --END-- [ RunTime:0.001000s ]
ERR: 无法加载模块:Public

[ 2016-04-07T09:40:35+08:00 ] 127.0.0.1 /borrow/Public/js/plugins/layer/laydate/skins/default/icon.png
INFO: [ app_init ] --START--
INFO: Run Behavior\BuildLiteBehavior [ RunTime:0.000000s ]
INFO: [ app_init ] --END-- [ RunTime:0.003001s ]
ERR: 无法加载模块:Public

[ 2016-04-07T09:40:43+08:00 ] 127.0.0.1 /borrow/Public/js/plugins/layer/laydate/skins/default/icon.png
INFO: [ app_init ] --START--
INFO: Run Behavior\BuildLiteBehavior [ RunTime:0.000000s ]
INFO: [ app_init ] --END-- [ RunTime:0.001000s ]
ERR: 无法加载模块:Public

[ 2016-04-07T09:42:11+08:00 ] 127.0.0.1 /borrow/Public/js/plugins/layer/laydate/skins/default/icon.png
INFO: [ app_init ] --START--
INFO: Run Behavior\BuildLiteBehavior [ RunTime:0.001000s ]
INFO: [ app_init ] --END-- [ RunTime:0.001000s ]
ERR: 无法加载模块:Public

[ 2016-04-07T09:42:22+08:00 ] 127.0.0.1 /borrow/Public/js/plugins/layer/laydate/skins/default/icon.png
INFO: [ app_init ] --START--
INFO: Run Behavior\BuildLiteBehavior [ RunTime:0.000000s ]
INFO: [ app_init ] --END-- [ RunTime:0.001000s ]
ERR: 无法加载模块:Public

[ 2016-04-07T09:42:31+08:00 ] 127.0.0.1 /borrow/Public/js/plugins/layer/laydate/skins/default/icon.png
INFO: [ app_init ] --START--
INFO: Run Behavior\BuildLiteBehavior [ RunTime:0.000000s ]
INFO: [ app_init ] --END-- [ RunTime:0.001000s ]
ERR: 无法加载模块:Public

[ 2016-04-07T09:44:59+08:00 ] 127.0.0.1 /borrow/Public/js/plugins/layer/laydate/skins/default/icon.png
INFO: [ app_init ] --START--
INFO: Run Behavior\BuildLiteBehavior [ RunTime:0.000000s ]
INFO: [ app_init ] --END-- [ RunTime:0.002000s ]
ERR: 无法加载模块:Public

[ 2016-04-07T09:45:19+08:00 ] 127.0.0.1 /borrow/Public/js/plugins/layer/laydate/skins/default/icon.png
INFO: [ app_init ] --START--
INFO: Run Behavior\BuildLiteBehavior [ RunTime:0.000000s ]
INFO: [ app_init ] --END-- [ RunTime:0.003000s ]
ERR: 无法加载模块:Public

[ 2016-04-07T10:02:13+08:00 ] 127.0.0.1 /borrow/Public/js/plugins/layer/laydate/skins/default/icon.png
INFO: [ app_init ] --START--
INFO: Run Behavior\BuildLiteBehavior [ RunTime:0.000000s ]
INFO: [ app_init ] --END-- [ RunTime:0.001000s ]
ERR: 无法加载模块:Public

