[ 2016-03-29T10:44:26+08:00 ] 127.0.0.1 /borrow/lichengmi
INFO: [ app_init ] --START--
INFO: Run Behavior\BuildLiteBehavior [ RunTime:0.000000s ]
INFO: [ app_init ] --END-- [ RunTime:0.001000s ]
ERR: 无法加载模块:Lichengmi

[ 2016-03-29T14:16:32+08:00 ] 127.0.0.1 /borrow/Public/js/plugins/layer/laydate/skins/default/icon.png
INFO: [ app_init ] --START--
INFO: Run Behavior\BuildLiteBehavior [ RunTime:0.000000s ]
INFO: [ app_init ] --END-- [ RunTime:0.001001s ]
ERR: 无法加载模块:Public

[ 2016-03-29T16:30:00+08:00 ] 127.0.0.1 /borrow/Public/js/plugins/morris/morris/morris.js
INFO: [ app_init ] --START--
INFO: Run Behavior\BuildLiteBehavior [ RunTime:0.000000s ]
INFO: [ app_init ] --END-- [ RunTime:0.001000s ]
ERR: 无法加载模块:Public

[ 2016-03-29T16:30:01+08:00 ] 127.0.0.1 /borrow/Public/js/plugins/morris/morris/morris.js
INFO: [ app_init ] --START--
INFO: Run Behavior\BuildLiteBehavior [ RunTime:0.000000s ]
INFO: [ app_init ] --END-- [ RunTime:0.002000s ]
ERR: 无法加载模块:Public

[ 2016-03-29T16:35:39+08:00 ] 127.0.0.1 /borrow/Public/js/plugins/morris/morris/morris.js
INFO: [ app_init ] --START--
INFO: Run Behavior\BuildLiteBehavior [ RunTime:0.001000s ]
INFO: [ app_init ] --END-- [ RunTime:0.001000s ]
ERR: 无法加载模块:Public

[ 2016-03-29T16:35:40+08:00 ] 127.0.0.1 /borrow/Public/js/plugins/morris/morris/morris.js
INFO: [ app_init ] --START--
INFO: Run Behavior\BuildLiteBehavior [ RunTime:0.000000s ]
INFO: [ app_init ] --END-- [ RunTime:0.002000s ]
ERR: 无法加载模块:Public

[ 2016-03-29T16:39:38+08:00 ] 127.0.0.1 /borrow/Public/js/plugins/morris/morris/morris.js
INFO: [ app_init ] --START--
INFO: Run Behavior\BuildLiteBehavior [ RunTime:0.000000s ]
INFO: [ app_init ] --END-- [ RunTime:0.001000s ]
ERR: 无法加载模块:Public

[ 2016-03-29T16:39:39+08:00 ] 127.0.0.1 /borrow/Public/js/plugins/morris/morris/morris.js
INFO: [ app_init ] --START--
INFO: Run Behavior\BuildLiteBehavior [ RunTime:0.000000s ]
INFO: [ app_init ] --END-- [ RunTime:0.001000s ]
ERR: 无法加载模块:Public

[ 2016-03-29T16:39:47+08:00 ] 127.0.0.1 /borrow/Public/js/plugins/morris/morris/morris.js
INFO: [ app_init ] --START--
INFO: Run Behavior\BuildLiteBehavior [ RunTime:0.000000s ]
INFO: [ app_init ] --END-- [ RunTime:0.002000s ]
ERR: 无法加载模块:Public

[ 2016-03-29T16:39:48+08:00 ] 127.0.0.1 /borrow/Public/js/plugins/morris/morris/morris.js
INFO: [ app_init ] --START--
INFO: Run Behavior\BuildLiteBehavior [ RunTime:0.000000s ]
INFO: [ app_init ] --END-- [ RunTime:0.001000s ]
ERR: 无法加载模块:Public

