[ 2016-03-31T10:18:04+08:00 ] 127.0.0.1 /borrow/Public/js/plugins/layer/laydate/skins/default/icon.png
INFO: [ app_init ] --START--
INFO: Run Behavior\BuildLiteBehavior [ RunTime:0.001000s ]
INFO: [ app_init ] --END-- [ RunTime:0.001000s ]
ERR: 无法加载模块:Public

[ 2016-03-31T10:55:25+08:00 ] 127.0.0.1 /borrow/Public/js/plugins/layer/laydate/skins/default/icon.png
INFO: [ app_init ] --START--
INFO: Run Behavior\BuildLiteBehavior [ RunTime:0.000000s ]
INFO: [ app_init ] --END-- [ RunTime:0.002000s ]
ERR: 无法加载模块:Public

[ 2016-03-31T10:55:56+08:00 ] 127.0.0.1 /borrow/Public/js/plugins/layer/laydate/skins/default/icon.png
INFO: [ app_init ] --START--
INFO: Run Behavior\BuildLiteBehavior [ RunTime:0.000000s ]
INFO: [ app_init ] --END-- [ RunTime:0.002001s ]
ERR: 无法加载模块:Public

[ 2016-03-31T14:50:05+08:00 ] 127.0.0.1 /borrow/Public/js/plugins/layer/laydate/skins/default/icon.png
INFO: [ app_init ] --START--
INFO: Run Behavior\BuildLiteBehavior [ RunTime:0.001000s ]
INFO: [ app_init ] --END-- [ RunTime:0.002000s ]
ERR: 无法加载模块:Public

[ 2016-03-31T14:50:28+08:00 ] 127.0.0.1 /borrow/Public/js/plugins/layer/laydate/skins/default/icon.png
INFO: [ app_init ] --START--
INFO: Run Behavior\BuildLiteBehavior [ RunTime:0.001000s ]
INFO: [ app_init ] --END-- [ RunTime:0.002000s ]
ERR: 无法加载模块:Public

[ 2016-03-31T15:48:34+08:00 ] 127.0.0.1 /borrow/Public/js/plugins/layer/laydate/skins/default/icon.png
INFO: [ app_init ] --START--
INFO: Run Behavior\BuildLiteBehavior [ RunTime:0.000000s ]
INFO: [ app_init ] --END-- [ RunTime:0.001000s ]
ERR: 无法加载模块:Public

[ 2016-03-31T15:49:21+08:00 ] 127.0.0.1 /borrow/Public/js/plugins/layer/laydate/skins/default/icon.png
INFO: [ app_init ] --START--
INFO: Run Behavior\BuildLiteBehavior [ RunTime:0.000000s ]
INFO: [ app_init ] --END-- [ RunTime:0.001000s ]
ERR: 无法加载模块:Public

[ 2016-03-31T16:07:47+08:00 ] 127.0.0.1 /borrow/Public/js/plugins/layer/laydate/skins/default/icon.png
INFO: [ app_init ] --START--
INFO: Run Behavior\BuildLiteBehavior [ RunTime:0.000000s ]
INFO: [ app_init ] --END-- [ RunTime:0.001000s ]
ERR: 无法加载模块:Public

